{"/home/jsdawg/Documentos/pede/Pede-J-mobile/app/+html.tsx": {"path":"/home/jsdawg/Documentos/pede/Pede-J-mobile/app/+html.tsx","statementMap":{"0":{"start":{"line":8,"column":2},"end":{"line":27,"column":4}},"1":{"start":{"line":30,"column":29},"end":{"line":38,"column":2}}},"fnMap":{"0":{"name":"Root","decl":{"start":{"line":7,"column":24},"end":{"line":7,"column":28}},"loc":{"start":{"line":7,"column":74},"end":{"line":28,"column":1}},"line":7}},"branchMap":{},"s":{"0":0,"1":0},"f":{"0":0},"b":{}}
,"/home/jsdawg/Documentos/pede/Pede-J-mobile/app/+not-found.tsx": {"path":"/home/jsdawg/Documentos/pede/Pede-J-mobile/app/+not-found.tsx","statementMap":{"0":{"start":{"line":7,"column":2},"end":{"line":18,"column":4}},"1":{"start":{"line":21,"column":15},"end":{"line":40,"column":2}}},"fnMap":{"0":{"name":"NotFoundScreen","decl":{"start":{"line":6,"column":24},"end":{"line":6,"column":38}},"loc":{"start":{"line":6,"column":41},"end":{"line":19,"column":1}},"line":6}},"branchMap":{},"s":{"0":0,"1":0},"f":{"0":0},"b":{}}
,"/home/jsdawg/Documentos/pede/Pede-J-mobile/app/_layout.tsx": {"path":"/home/jsdawg/Documentos/pede/Pede-J-mobile/app/_layout.tsx","statementMap":{"0":{"start":{"line":17,"column":0},"end":{"line":17,"column":62}},"1":{"start":{"line":18,"column":0},"end":{"line":18,"column":58}},"2":{"start":{"line":36,"column":0},"end":{"line":36,"column":36}},"3":{"start":{"line":38,"column":20},"end":{"line":43,"column":2}},"4":{"start":{"line":46,"column":26},"end":{"line":53,"column":4}},"5":{"start":{"line":55,"column":2},"end":{"line":57,"column":14}},"6":{"start":{"line":56,"column":4},"end":{"line":56,"column":27}},"7":{"start":{"line":56,"column":15},"end":{"line":56,"column":27}},"8":{"start":{"line":59,"column":2},"end":{"line":61,"column":3}},"9":{"start":{"line":60,"column":4},"end":{"line":60,"column":16}},"10":{"start":{"line":63,"column":2},"end":{"line":73,"column":4}},"11":{"start":{"line":77,"column":19},"end":{"line":77,"column":35}},"12":{"start":{"line":78,"column":26},"end":{"line":78,"column":63}},"13":{"start":{"line":78,"column":52},"end":{"line":78,"column":62}},"14":{"start":{"line":79,"column":36},"end":{"line":79,"column":50}},"15":{"start":{"line":80,"column":38},"end":{"line":80,"column":52}},"16":{"start":{"line":82,"column":2},"end":{"line":107,"column":17}},"17":{"start":{"line":83,"column":20},"end":{"line":83,"column":24}},"18":{"start":{"line":85,"column":4},"end":{"line":102,"column":9}},"19":{"start":{"line":87,"column":6},"end":{"line":87,"column":38}},"20":{"start":{"line":89,"column":22},"end":{"line":89,"column":45}},"21":{"start":{"line":91,"column":6},"end":{"line":91,"column":29}},"22":{"start":{"line":91,"column":22},"end":{"line":91,"column":29}},"23":{"start":{"line":93,"column":6},"end":{"line":97,"column":7}},"24":{"start":{"line":94,"column":8},"end":{"line":94,"column":42}},"25":{"start":{"line":96,"column":8},"end":{"line":96,"column":33}},"26":{"start":{"line":99,"column":6},"end":{"line":99,"column":40}},"27":{"start":{"line":101,"column":6},"end":{"line":101,"column":26}},"28":{"start":{"line":104,"column":4},"end":{"line":106,"column":6}},"29":{"start":{"line":105,"column":6},"end":{"line":105,"column":24}},"30":{"start":{"line":109,"column":18},"end":{"line":109,"column":43}},"31":{"start":{"line":111,"column":31},"end":{"line":114,"column":3}},"32":{"start":{"line":112,"column":4},"end":{"line":112,"column":25}},"33":{"start":{"line":113,"column":4},"end":{"line":113,"column":29}},"34":{"start":{"line":116,"column":2},"end":{"line":126,"column":4}},"35":{"start":{"line":130,"column":17},"end":{"line":130,"column":28}},"36":{"start":{"line":131,"column":19},"end":{"line":131,"column":35}},"37":{"start":{"line":132,"column":26},"end":{"line":132,"column":78}},"38":{"start":{"line":132,"column":52},"end":{"line":132,"column":77}},"39":{"start":{"line":133,"column":15},"end":{"line":133,"column":57}},"40":{"start":{"line":133,"column":41},"end":{"line":133,"column":56}},"41":{"start":{"line":134,"column":29},"end":{"line":134,"column":39}},"42":{"start":{"line":136,"column":2},"end":{"line":151,"column":30}},"43":{"start":{"line":137,"column":4},"end":{"line":140,"column":5}},"44":{"start":{"line":138,"column":6},"end":{"line":138,"column":47}},"45":{"start":{"line":139,"column":6},"end":{"line":139,"column":13}},"46":{"start":{"line":143,"column":4},"end":{"line":149,"column":5}},"47":{"start":{"line":144,"column":6},"end":{"line":144,"column":29}},"48":{"start":{"line":145,"column":11},"end":{"line":149,"column":5}},"49":{"start":{"line":146,"column":6},"end":{"line":146,"column":31}},"50":{"start":{"line":148,"column":6},"end":{"line":148,"column":25}},"51":{"start":{"line":150,"column":4},"end":{"line":150,"column":36}},"52":{"start":{"line":154,"column":2},"end":{"line":173,"column":17}},"53":{"start":{"line":155,"column":4},"end":{"line":155,"column":38}},"54":{"start":{"line":155,"column":31},"end":{"line":155,"column":38}},"55":{"start":{"line":157,"column":20},"end":{"line":170,"column":6}},"56":{"start":{"line":158,"column":36},"end":{"line":158,"column":64}},"57":{"start":{"line":159,"column":6},"end":{"line":169,"column":8}},"58":{"start":{"line":172,"column":4},"end":{"line":172,"column":19}},"59":{"start":{"line":175,"column":2},"end":{"line":208,"column":4}}},"fnMap":{"0":{"name":"RootLayout","decl":{"start":{"line":45,"column":24},"end":{"line":45,"column":34}},"loc":{"start":{"line":45,"column":37},"end":{"line":74,"column":1}},"line":45},"1":{"name":"(anonymous_1)","decl":{"start":{"line":55,"column":12},"end":{"line":55,"column":13}},"loc":{"start":{"line":55,"column":18},"end":{"line":57,"column":3}},"line":55},"2":{"name":"RootLayoutNav","decl":{"start":{"line":76,"column":9},"end":{"line":76,"column":22}},"loc":{"start":{"line":76,"column":25},"end":{"line":127,"column":1}},"line":76},"3":{"name":"(anonymous_3)","decl":{"start":{"line":78,"column":41},"end":{"line":78,"column":42}},"loc":{"start":{"line":78,"column":52},"end":{"line":78,"column":62}},"line":78},"4":{"name":"(anonymous_4)","decl":{"start":{"line":82,"column":12},"end":{"line":82,"column":13}},"loc":{"start":{"line":82,"column":18},"end":{"line":107,"column":3}},"line":82},"5":{"name":"(anonymous_5)","decl":{"start":{"line":85,"column":5},"end":{"line":85,"column":6}},"loc":{"start":{"line":85,"column":17},"end":{"line":102,"column":5}},"line":85},"6":{"name":"(anonymous_6)","decl":{"start":{"line":104,"column":11},"end":{"line":104,"column":12}},"loc":{"start":{"line":104,"column":17},"end":{"line":106,"column":5}},"line":104},"7":{"name":"(anonymous_7)","decl":{"start":{"line":111,"column":31},"end":{"line":111,"column":32}},"loc":{"start":{"line":111,"column":37},"end":{"line":114,"column":3}},"line":111},"8":{"name":"RootLayoutNavContent","decl":{"start":{"line":129,"column":9},"end":{"line":129,"column":29}},"loc":{"start":{"line":129,"column":32},"end":{"line":209,"column":1}},"line":129},"9":{"name":"(anonymous_9)","decl":{"start":{"line":132,"column":41},"end":{"line":132,"column":42}},"loc":{"start":{"line":132,"column":52},"end":{"line":132,"column":77}},"line":132},"10":{"name":"(anonymous_10)","decl":{"start":{"line":133,"column":30},"end":{"line":133,"column":31}},"loc":{"start":{"line":133,"column":41},"end":{"line":133,"column":56}},"line":133},"11":{"name":"(anonymous_11)","decl":{"start":{"line":136,"column":12},"end":{"line":136,"column":13}},"loc":{"start":{"line":136,"column":18},"end":{"line":151,"column":3}},"line":136},"12":{"name":"(anonymous_12)","decl":{"start":{"line":154,"column":12},"end":{"line":154,"column":13}},"loc":{"start":{"line":154,"column":18},"end":{"line":173,"column":3}},"line":154},"13":{"name":"(anonymous_13)","decl":{"start":{"line":157,"column":46},"end":{"line":157,"column":47}},"loc":{"start":{"line":157,"column":69},"end":{"line":170,"column":5}},"line":157}},"branchMap":{"0":{"loc":{"start":{"line":17,"column":29},"end":{"line":17,"column":61}},"type":"binary-expr","locations":[{"start":{"line":17,"column":29},"end":{"line":17,"column":55}},{"start":{"line":17,"column":59},"end":{"line":17,"column":61}}],"line":17},"1":{"loc":{"start":{"line":56,"column":4},"end":{"line":56,"column":27}},"type":"if","locations":[{"start":{"line":56,"column":4},"end":{"line":56,"column":27}},{"start":{},"end":{}}],"line":56},"2":{"loc":{"start":{"line":59,"column":2},"end":{"line":61,"column":3}},"type":"if","locations":[{"start":{"line":59,"column":2},"end":{"line":61,"column":3}},{"start":{},"end":{}}],"line":59},"3":{"loc":{"start":{"line":91,"column":6},"end":{"line":91,"column":29}},"type":"if","locations":[{"start":{"line":91,"column":6},"end":{"line":91,"column":29}},{"start":{},"end":{}}],"line":91},"4":{"loc":{"start":{"line":93,"column":6},"end":{"line":97,"column":7}},"type":"if","locations":[{"start":{"line":93,"column":6},"end":{"line":97,"column":7}},{"start":{"line":95,"column":13},"end":{"line":97,"column":7}}],"line":93},"5":{"loc":{"start":{"line":109,"column":18},"end":{"line":109,"column":43}},"type":"binary-expr","locations":[{"start":{"line":109,"column":18},"end":{"line":109,"column":28}},{"start":{"line":109,"column":32},"end":{"line":109,"column":43}}],"line":109},"6":{"loc":{"start":{"line":118,"column":7},"end":{"line":123,"column":7}},"type":"binary-expr","locations":[{"start":{"line":118,"column":7},"end":{"line":118,"column":17}},{"start":{"line":119,"column":8},"end":{"line":122,"column":10}}],"line":118},"7":{"loc":{"start":{"line":124,"column":7},"end":{"line":124,"column":46}},"type":"binary-expr","locations":[{"start":{"line":124,"column":7},"end":{"line":124,"column":18}},{"start":{"line":124,"column":22},"end":{"line":124,"column":46}}],"line":124},"8":{"loc":{"start":{"line":137,"column":4},"end":{"line":140,"column":5}},"type":"if","locations":[{"start":{"line":137,"column":4},"end":{"line":140,"column":5}},{"start":{},"end":{}}],"line":137},"9":{"loc":{"start":{"line":143,"column":4},"end":{"line":149,"column":5}},"type":"if","locations":[{"start":{"line":143,"column":4},"end":{"line":149,"column":5}},{"start":{"line":145,"column":11},"end":{"line":149,"column":5}}],"line":143},"10":{"loc":{"start":{"line":145,"column":11},"end":{"line":149,"column":5}},"type":"if","locations":[{"start":{"line":145,"column":11},"end":{"line":149,"column":5}},{"start":{"line":147,"column":11},"end":{"line":149,"column":5}}],"line":145},"11":{"loc":{"start":{"line":155,"column":4},"end":{"line":155,"column":38}},"type":"if","locations":[{"start":{"line":155,"column":4},"end":{"line":155,"column":38}},{"start":{},"end":{}}],"line":155},"12":{"loc":{"start":{"line":162,"column":16},"end":{"line":162,"column":47}},"type":"binary-expr","locations":[{"start":{"line":162,"column":17},"end":{"line":162,"column":34}},{"start":{"line":162,"column":39},"end":{"line":162,"column":47}}],"line":162},"13":{"loc":{"start":{"line":163,"column":17},"end":{"line":163,"column":39}},"type":"binary-expr","locations":[{"start":{"line":163,"column":17},"end":{"line":163,"column":22}},{"start":{"line":163,"column":26},"end":{"line":163,"column":39}}],"line":163},"14":{"loc":{"start":{"line":164,"column":16},"end":{"line":164,"column":26}},"type":"binary-expr","locations":[{"start":{"line":164,"column":16},"end":{"line":164,"column":20}},{"start":{"line":164,"column":24},"end":{"line":164,"column":26}}],"line":164},"15":{"loc":{"start":{"line":165,"column":16},"end":{"line":165,"column":26}},"type":"binary-expr","locations":[{"start":{"line":165,"column":16},"end":{"line":165,"column":20}},{"start":{"line":165,"column":24},"end":{"line":165,"column":26}}],"line":165},"16":{"loc":{"start":{"line":176,"column":36},"end":{"line":176,"column":69}},"type":"cond-expr","locations":[{"start":{"line":176,"column":45},"end":{"line":176,"column":54}},{"start":{"line":176,"column":57},"end":{"line":176,"column":69}}],"line":176},"17":{"loc":{"start":{"line":178,"column":18},"end":{"line":178,"column":59}},"type":"cond-expr","locations":[{"start":{"line":178,"column":27},"end":{"line":178,"column":42}},{"start":{"line":178,"column":45},"end":{"line":178,"column":59}}],"line":178}},"s":{"0":0,"1":0,"2":0,"3":0,"4":0,"5":0,"6":0,"7":0,"8":0,"9":0,"10":0,"11":0,"12":0,"13":0,"14":0,"15":0,"16":0,"17":0,"18":0,"19":0,"20":0,"21":0,"22":0,"23":0,"24":0,"25":0,"26":0,"27":0,"28":0,"29":0,"30":0,"31":0,"32":0,"33":0,"34":0,"35":0,"36":0,"37":0,"38":0,"39":0,"40":0,"41":0,"42":0,"43":0,"44":0,"45":0,"46":0,"47":0,"48":0,"49":0,"50":0,"51":0,"52":0,"53":0,"54":0,"55":0,"56":0,"57":0,"58":0,"59":0},"f":{"0":0,"1":0,"2":0,"3":0,"4":0,"5":0,"6":0,"7":0,"8":0,"9":0,"10":0,"11":0,"12":0,"13":0},"b":{"0":[0,0],"1":[0,0],"2":[0,0],"3":[0,0],"4":[0,0],"5":[0,0],"6":[0,0],"7":[0,0],"8":[0,0],"9":[0,0],"10":[0,0],"11":[0,0],"12":[0,0],"13":[0,0],"14":[0,0],"15":[0,0],"16":[0,0],"17":[0,0]}}
,"/home/jsdawg/Documentos/pede/Pede-J-mobile/app/avaliacao-entregador.tsx": {"path":"/home/jsdawg/Documentos/pede/Pede-J-mobile/app/avaliacao-entregador.tsx","statementMap":{"0":{"start":{"line":22,"column":22},"end":{"line":22,"column":74}},"1":{"start":{"line":23,"column":19},"end":{"line":23,"column":92}},"2":{"start":{"line":26,"column":17},"end":{"line":26,"column":28}},"3":{"start":{"line":27,"column":17},"end":{"line":27,"column":81}},"4":{"start":{"line":28,"column":18},"end":{"line":28,"column":47}},"5":{"start":{"line":29,"column":22},"end":{"line":29,"column":49}},"6":{"start":{"line":30,"column":21},"end":{"line":30,"column":31}},"7":{"start":{"line":31,"column":19},"end":{"line":31,"column":35}},"8":{"start":{"line":32,"column":17},"end":{"line":32,"column":45}},"9":{"start":{"line":33,"column":16},"end":{"line":33,"column":57}},"10":{"start":{"line":33,"column":40},"end":{"line":33,"column":56}},"11":{"start":{"line":35,"column":30},"end":{"line":35,"column":41}},"12":{"start":{"line":36,"column":32},"end":{"line":36,"column":44}},"13":{"start":{"line":37,"column":42},"end":{"line":37,"column":64}},"14":{"start":{"line":38,"column":36},"end":{"line":38,"column":51}},"15":{"start":{"line":40,"column":17},"end":{"line":183,"column":15}},"16":{"start":{"line":40,"column":31},"end":{"line":183,"column":4}},"17":{"start":{"line":186,"column":4},"end":{"line":188,"column":6}},"18":{"start":{"line":187,"column":6},"end":{"line":187,"column":73}},"19":{"start":{"line":187,"column":46},"end":{"line":187,"column":55}},"20":{"start":{"line":192,"column":4},"end":{"line":192,"column":29}},"21":{"start":{"line":192,"column":22},"end":{"line":192,"column":29}},"22":{"start":{"line":194,"column":4},"end":{"line":204,"column":6}},"23":{"start":{"line":206,"column":4},"end":{"line":206,"column":23}},"24":{"start":{"line":210,"column":4},"end":{"line":214,"column":5}},"25":{"start":{"line":211,"column":6},"end":{"line":211,"column":89}},"26":{"start":{"line":213,"column":6},"end":{"line":213,"column":40}},"27":{"start":{"line":217,"column":2},"end":{"line":233,"column":3}},"28":{"start":{"line":218,"column":4},"end":{"line":232,"column":6}},"29":{"start":{"line":220,"column":76},"end":{"line":220,"column":89}},"30":{"start":{"line":235,"column":2},"end":{"line":327,"column":4}},"31":{"start":{"line":237,"column":69},"end":{"line":237,"column":82}},"32":{"start":{"line":259,"column":14},"end":{"line":269,"column":33}},"33":{"start":{"line":262,"column":31},"end":{"line":262,"column":46}},"34":{"start":{"line":296,"column":14},"end":{"line":312,"column":33}},"35":{"start":{"line":302,"column":31},"end":{"line":302,"column":45}}},"fnMap":{"0":{"name":"DriverRatingScreen","decl":{"start":{"line":25,"column":24},"end":{"line":25,"column":42}},"loc":{"start":{"line":25,"column":45},"end":{"line":328,"column":1}},"line":25},"1":{"name":"(anonymous_1)","decl":{"start":{"line":33,"column":28},"end":{"line":33,"column":29}},"loc":{"start":{"line":33,"column":40},"end":{"line":33,"column":56}},"line":33},"2":{"name":"(anonymous_2)","decl":{"start":{"line":40,"column":25},"end":{"line":40,"column":26}},"loc":{"start":{"line":40,"column":31},"end":{"line":183,"column":4}},"line":40},"3":{"name":"toggleTag","decl":{"start":{"line":185,"column":11},"end":{"line":185,"column":20}},"loc":{"start":{"line":185,"column":34},"end":{"line":189,"column":3}},"line":185},"4":{"name":"(anonymous_4)","decl":{"start":{"line":186,"column":20},"end":{"line":186,"column":21}},"loc":{"start":{"line":187,"column":6},"end":{"line":187,"column":73}},"line":187},"5":{"name":"(anonymous_5)","decl":{"start":{"line":187,"column":39},"end":{"line":187,"column":40}},"loc":{"start":{"line":187,"column":46},"end":{"line":187,"column":55}},"line":187},"6":{"name":"handleSubmit","decl":{"start":{"line":191,"column":11},"end":{"line":191,"column":23}},"loc":{"start":{"line":191,"column":26},"end":{"line":207,"column":3}},"line":191},"7":{"name":"handleSuccessNext","decl":{"start":{"line":209,"column":11},"end":{"line":209,"column":28}},"loc":{"start":{"line":209,"column":31},"end":{"line":215,"column":3}},"line":209},"8":{"name":"(anonymous_8)","decl":{"start":{"line":220,"column":70},"end":{"line":220,"column":71}},"loc":{"start":{"line":220,"column":76},"end":{"line":220,"column":89}},"line":220},"9":{"name":"(anonymous_9)","decl":{"start":{"line":237,"column":63},"end":{"line":237,"column":64}},"loc":{"start":{"line":237,"column":69},"end":{"line":237,"column":82}},"line":237},"10":{"name":"(anonymous_10)","decl":{"start":{"line":258,"column":33},"end":{"line":258,"column":34}},"loc":{"start":{"line":259,"column":14},"end":{"line":269,"column":33}},"line":259},"11":{"name":"(anonymous_11)","decl":{"start":{"line":262,"column":25},"end":{"line":262,"column":26}},"loc":{"start":{"line":262,"column":31},"end":{"line":262,"column":46}},"line":262},"12":{"name":"(anonymous_12)","decl":{"start":{"line":295,"column":28},"end":{"line":295,"column":29}},"loc":{"start":{"line":296,"column":14},"end":{"line":312,"column":33}},"line":296},"13":{"name":"(anonymous_13)","decl":{"start":{"line":302,"column":25},"end":{"line":302,"column":26}},"loc":{"start":{"line":302,"column":31},"end":{"line":302,"column":45}},"line":302}},"branchMap":{"0":{"loc":{"start":{"line":28,"column":18},"end":{"line":28,"column":47}},"type":"binary-expr","locations":[{"start":{"line":28,"column":18},"end":{"line":28,"column":32}},{"start":{"line":28,"column":36},"end":{"line":28,"column":47}}],"line":28},"1":{"loc":{"start":{"line":187,"column":6},"end":{"line":187,"column":73}},"type":"cond-expr","locations":[{"start":{"line":187,"column":27},"end":{"line":187,"column":56}},{"start":{"line":187,"column":59},"end":{"line":187,"column":73}}],"line":187},"2":{"loc":{"start":{"line":192,"column":4},"end":{"line":192,"column":29}},"type":"if","locations":[{"start":{"line":192,"column":4},"end":{"line":192,"column":29}},{"start":{},"end":{}}],"line":192},"3":{"loc":{"start":{"line":197,"column":18},"end":{"line":197,"column":48}},"type":"binary-expr","locations":[{"start":{"line":197,"column":18},"end":{"line":197,"column":35}},{"start":{"line":197,"column":39},"end":{"line":197,"column":48}}],"line":197},"4":{"loc":{"start":{"line":210,"column":4},"end":{"line":214,"column":5}},"type":"if","locations":[{"start":{"line":210,"column":4},"end":{"line":214,"column":5}},{"start":{"line":212,"column":11},"end":{"line":214,"column":5}}],"line":210},"5":{"loc":{"start":{"line":217,"column":2},"end":{"line":233,"column":3}},"type":"if","locations":[{"start":{"line":217,"column":2},"end":{"line":233,"column":3}},{"start":{},"end":{}}],"line":217},"6":{"loc":{"start":{"line":229,"column":25},"end":{"line":229,"column":78}},"type":"cond-expr","locations":[{"start":{"line":229,"column":39},"end":{"line":229,"column":55}},{"start":{"line":229,"column":58},"end":{"line":229,"column":78}}],"line":229},"7":{"loc":{"start":{"line":247,"column":47},"end":{"line":247,"column":82}},"type":"binary-expr","locations":[{"start":{"line":247,"column":47},"end":{"line":247,"column":66}},{"start":{"line":247,"column":70},"end":{"line":247,"column":82}}],"line":247},"8":{"loc":{"start":{"line":248,"column":50},"end":{"line":248,"column":78}},"type":"binary-expr","locations":[{"start":{"line":248,"column":50},"end":{"line":248,"column":72}},{"start":{"line":248,"column":76},"end":{"line":248,"column":78}}],"line":248},"9":{"loc":{"start":{"line":265,"column":24},"end":{"line":265,"column":64}},"type":"cond-expr","locations":[{"start":{"line":265,"column":41},"end":{"line":265,"column":47}},{"start":{"line":265,"column":50},"end":{"line":265,"column":64}}],"line":265},"10":{"loc":{"start":{"line":267,"column":25},"end":{"line":267,"column":85}},"type":"cond-expr","locations":[{"start":{"line":267,"column":42},"end":{"line":267,"column":63}},{"start":{"line":267,"column":66},"end":{"line":267,"column":85}}],"line":267},"11":{"loc":{"start":{"line":272,"column":11},"end":{"line":274,"column":11}},"type":"binary-expr","locations":[{"start":{"line":272,"column":11},"end":{"line":272,"column":21}},{"start":{"line":273,"column":12},"end":{"line":273,"column":79}}],"line":272},"12":{"loc":{"start":{"line":300,"column":18},"end":{"line":300,"column":70}},"type":"binary-expr","locations":[{"start":{"line":300,"column":18},"end":{"line":300,"column":44}},{"start":{"line":300,"column":48},"end":{"line":300,"column":70}}],"line":300},"13":{"loc":{"start":{"line":307,"column":20},"end":{"line":307,"column":72}},"type":"binary-expr","locations":[{"start":{"line":307,"column":20},"end":{"line":307,"column":46}},{"start":{"line":307,"column":50},"end":{"line":307,"column":72}}],"line":307}},"s":{"0":0,"1":0,"2":0,"3":0,"4":0,"5":0,"6":0,"7":0,"8":0,"9":0,"10":0,"11":0,"12":0,"13":0,"14":0,"15":0,"16":0,"17":0,"18":0,"19":0,"20":0,"21":0,"22":0,"23":0,"24":0,"25":0,"26":0,"27":0,"28":0,"29":0,"30":0,"31":0,"32":0,"33":0,"34":0,"35":0},"f":{"0":0,"1":0,"2":0,"3":0,"4":0,"5":0,"6":0,"7":0,"8":0,"9":0,"10":0,"11":0,"12":0,"13":0},"b":{"0":[0,0],"1":[0,0],"2":[0,0],"3":[0,0],"4":[0,0],"5":[0,0],"6":[0,0],"7":[0,0],"8":[0,0],"9":[0,0],"10":[0,0],"11":[0,0],"12":[0,0],"13":[0,0]}}
,"/home/jsdawg/Documentos/pede/Pede-J-mobile/app/avaliacao.tsx": {"path":"/home/jsdawg/Documentos/pede/Pede-J-mobile/app/avaliacao.tsx","statementMap":{"0":{"start":{"line":22,"column":22},"end":{"line":22,"column":74}},"1":{"start":{"line":23,"column":19},"end":{"line":23,"column":110}},"2":{"start":{"line":26,"column":17},"end":{"line":26,"column":28}},"3":{"start":{"line":27,"column":17},"end":{"line":27,"column":81}},"4":{"start":{"line":28,"column":18},"end":{"line":28,"column":47}},"5":{"start":{"line":29,"column":22},"end":{"line":29,"column":49}},"6":{"start":{"line":30,"column":21},"end":{"line":30,"column":31}},"7":{"start":{"line":31,"column":19},"end":{"line":31,"column":35}},"8":{"start":{"line":32,"column":17},"end":{"line":32,"column":45}},"9":{"start":{"line":33,"column":16},"end":{"line":33,"column":57}},"10":{"start":{"line":33,"column":40},"end":{"line":33,"column":56}},"11":{"start":{"line":35,"column":30},"end":{"line":35,"column":41}},"12":{"start":{"line":36,"column":32},"end":{"line":36,"column":44}},"13":{"start":{"line":37,"column":42},"end":{"line":37,"column":64}},"14":{"start":{"line":38,"column":36},"end":{"line":38,"column":51}},"15":{"start":{"line":40,"column":17},"end":{"line":159,"column":15}},"16":{"start":{"line":40,"column":31},"end":{"line":159,"column":4}},"17":{"start":{"line":162,"column":4},"end":{"line":164,"column":6}},"18":{"start":{"line":163,"column":6},"end":{"line":163,"column":73}},"19":{"start":{"line":163,"column":46},"end":{"line":163,"column":55}},"20":{"start":{"line":168,"column":4},"end":{"line":168,"column":29}},"21":{"start":{"line":168,"column":22},"end":{"line":168,"column":29}},"22":{"start":{"line":170,"column":4},"end":{"line":180,"column":6}},"23":{"start":{"line":182,"column":4},"end":{"line":182,"column":23}},"24":{"start":{"line":185,"column":2},"end":{"line":201,"column":3}},"25":{"start":{"line":186,"column":4},"end":{"line":200,"column":6}},"26":{"start":{"line":188,"column":62},"end":{"line":188,"column":75}},"27":{"start":{"line":197,"column":89},"end":{"line":197,"column":148}},"28":{"start":{"line":203,"column":2},"end":{"line":289,"column":4}},"29":{"start":{"line":205,"column":65},"end":{"line":205,"column":120}},"30":{"start":{"line":212,"column":42},"end":{"line":212,"column":69}},"31":{"start":{"line":221,"column":14},"end":{"line":231,"column":33}},"32":{"start":{"line":224,"column":31},"end":{"line":224,"column":46}},"33":{"start":{"line":258,"column":14},"end":{"line":274,"column":33}},"34":{"start":{"line":264,"column":31},"end":{"line":264,"column":45}}},"fnMap":{"0":{"name":"RatingScreen","decl":{"start":{"line":25,"column":24},"end":{"line":25,"column":36}},"loc":{"start":{"line":25,"column":39},"end":{"line":290,"column":1}},"line":25},"1":{"name":"(anonymous_1)","decl":{"start":{"line":33,"column":28},"end":{"line":33,"column":29}},"loc":{"start":{"line":33,"column":40},"end":{"line":33,"column":56}},"line":33},"2":{"name":"(anonymous_2)","decl":{"start":{"line":40,"column":25},"end":{"line":40,"column":26}},"loc":{"start":{"line":40,"column":31},"end":{"line":159,"column":4}},"line":40},"3":{"name":"toggleTag","decl":{"start":{"line":161,"column":11},"end":{"line":161,"column":20}},"loc":{"start":{"line":161,"column":34},"end":{"line":165,"column":3}},"line":161},"4":{"name":"(anonymous_4)","decl":{"start":{"line":162,"column":20},"end":{"line":162,"column":21}},"loc":{"start":{"line":163,"column":6},"end":{"line":163,"column":73}},"line":163},"5":{"name":"(anonymous_5)","decl":{"start":{"line":163,"column":39},"end":{"line":163,"column":40}},"loc":{"start":{"line":163,"column":46},"end":{"line":163,"column":55}},"line":163},"6":{"name":"handleSubmit","decl":{"start":{"line":167,"column":11},"end":{"line":167,"column":23}},"loc":{"start":{"line":167,"column":26},"end":{"line":183,"column":3}},"line":167},"7":{"name":"(anonymous_7)","decl":{"start":{"line":188,"column":56},"end":{"line":188,"column":57}},"loc":{"start":{"line":188,"column":62},"end":{"line":188,"column":75}},"line":188},"8":{"name":"(anonymous_8)","decl":{"start":{"line":197,"column":83},"end":{"line":197,"column":84}},"loc":{"start":{"line":197,"column":89},"end":{"line":197,"column":148}},"line":197},"9":{"name":"(anonymous_9)","decl":{"start":{"line":205,"column":59},"end":{"line":205,"column":60}},"loc":{"start":{"line":205,"column":65},"end":{"line":205,"column":120}},"line":205},"10":{"name":"(anonymous_10)","decl":{"start":{"line":212,"column":30},"end":{"line":212,"column":31}},"loc":{"start":{"line":212,"column":42},"end":{"line":212,"column":69}},"line":212},"11":{"name":"(anonymous_11)","decl":{"start":{"line":220,"column":33},"end":{"line":220,"column":34}},"loc":{"start":{"line":221,"column":14},"end":{"line":231,"column":33}},"line":221},"12":{"name":"(anonymous_12)","decl":{"start":{"line":224,"column":25},"end":{"line":224,"column":26}},"loc":{"start":{"line":224,"column":31},"end":{"line":224,"column":46}},"line":224},"13":{"name":"(anonymous_13)","decl":{"start":{"line":257,"column":28},"end":{"line":257,"column":29}},"loc":{"start":{"line":258,"column":14},"end":{"line":274,"column":33}},"line":258},"14":{"name":"(anonymous_14)","decl":{"start":{"line":264,"column":25},"end":{"line":264,"column":26}},"loc":{"start":{"line":264,"column":31},"end":{"line":264,"column":45}},"line":264}},"branchMap":{"0":{"loc":{"start":{"line":28,"column":18},"end":{"line":28,"column":47}},"type":"binary-expr","locations":[{"start":{"line":28,"column":18},"end":{"line":28,"column":32}},{"start":{"line":28,"column":36},"end":{"line":28,"column":47}}],"line":28},"1":{"loc":{"start":{"line":163,"column":6},"end":{"line":163,"column":73}},"type":"cond-expr","locations":[{"start":{"line":163,"column":27},"end":{"line":163,"column":56}},{"start":{"line":163,"column":59},"end":{"line":163,"column":73}}],"line":163},"2":{"loc":{"start":{"line":168,"column":4},"end":{"line":168,"column":29}},"type":"if","locations":[{"start":{"line":168,"column":4},"end":{"line":168,"column":29}},{"start":{},"end":{}}],"line":168},"3":{"loc":{"start":{"line":185,"column":2},"end":{"line":201,"column":3}},"type":"if","locations":[{"start":{"line":185,"column":2},"end":{"line":201,"column":3}},{"start":{},"end":{}}],"line":185},"4":{"loc":{"start":{"line":197,"column":25},"end":{"line":197,"column":72}},"type":"cond-expr","locations":[{"start":{"line":197,"column":39},"end":{"line":197,"column":49}},{"start":{"line":197,"column":52},"end":{"line":197,"column":72}}],"line":197},"5":{"loc":{"start":{"line":197,"column":104},"end":{"line":197,"column":147}},"type":"cond-expr","locations":[{"start":{"line":197,"column":118},"end":{"line":197,"column":127}},{"start":{"line":197,"column":130},"end":{"line":197,"column":147}}],"line":197},"6":{"loc":{"start":{"line":205,"column":65},"end":{"line":205,"column":120}},"type":"cond-expr","locations":[{"start":{"line":205,"column":79},"end":{"line":205,"column":104}},{"start":{"line":205,"column":107},"end":{"line":205,"column":120}}],"line":205},"7":{"loc":{"start":{"line":227,"column":24},"end":{"line":227,"column":64}},"type":"cond-expr","locations":[{"start":{"line":227,"column":41},"end":{"line":227,"column":47}},{"start":{"line":227,"column":50},"end":{"line":227,"column":64}}],"line":227},"8":{"loc":{"start":{"line":229,"column":25},"end":{"line":229,"column":85}},"type":"cond-expr","locations":[{"start":{"line":229,"column":42},"end":{"line":229,"column":63}},{"start":{"line":229,"column":66},"end":{"line":229,"column":85}}],"line":229},"9":{"loc":{"start":{"line":234,"column":11},"end":{"line":236,"column":11}},"type":"binary-expr","locations":[{"start":{"line":234,"column":11},"end":{"line":234,"column":21}},{"start":{"line":235,"column":12},"end":{"line":235,"column":79}}],"line":234},"10":{"loc":{"start":{"line":262,"column":18},"end":{"line":262,"column":70}},"type":"binary-expr","locations":[{"start":{"line":262,"column":18},"end":{"line":262,"column":44}},{"start":{"line":262,"column":48},"end":{"line":262,"column":70}}],"line":262},"11":{"loc":{"start":{"line":269,"column":20},"end":{"line":269,"column":72}},"type":"binary-expr","locations":[{"start":{"line":269,"column":20},"end":{"line":269,"column":46}},{"start":{"line":269,"column":50},"end":{"line":269,"column":72}}],"line":269}},"s":{"0":0,"1":0,"2":0,"3":0,"4":0,"5":0,"6":0,"7":0,"8":0,"9":0,"10":0,"11":0,"12":0,"13":0,"14":0,"15":0,"16":0,"17":0,"18":0,"19":0,"20":0,"21":0,"22":0,"23":0,"24":0,"25":0,"26":0,"27":0,"28":0,"29":0,"30":0,"31":0,"32":0,"33":0,"34":0},"f":{"0":0,"1":0,"2":0,"3":0,"4":0,"5":0,"6":0,"7":0,"8":0,"9":0,"10":0,"11":0,"12":0,"13":0,"14":0},"b":{"0":[0,0],"1":[0,0],"2":[0,0],"3":[0,0],"4":[0,0],"5":[0,0],"6":[0,0],"7":[0,0],"8":[0,0],"9":[0,0],"10":[0,0],"11":[0,0]}}
,"/home/jsdawg/Documentos/pede/Pede-J-mobile/app/carrinho.tsx": {"path":"/home/jsdawg/Documentos/pede/Pede-J-mobile/app/carrinho.tsx","statementMap":{"0":{"start":{"line":21,"column":17},"end":{"line":21,"column":28}},"1":{"start":{"line":22,"column":19},"end":{"line":22,"column":35}},"2":{"start":{"line":23,"column":16},"end":{"line":23,"column":47}},"3":{"start":{"line":24,"column":19},"end":{"line":24,"column":53}},"4":{"start":{"line":25,"column":21},"end":{"line":25,"column":31}},"5":{"start":{"line":27,"column":17},"end":{"line":76,"column":15}},"6":{"start":{"line":27,"column":31},"end":{"line":76,"column":4}},"7":{"start":{"line":78,"column":2},"end":{"line":209,"column":4}},"8":{"start":{"line":96,"column":43},"end":{"line":96,"column":67}},"9":{"start":{"line":104,"column":14},"end":{"line":144,"column":21}},"10":{"start":{"line":122,"column":39},"end":{"line":122,"column":71}},"11":{"start":{"line":133,"column":39},"end":{"line":133,"column":71}},"12":{"start":{"line":149,"column":29},"end":{"line":149,"column":57}},"13":{"start":{"line":174,"column":29},"end":{"line":174,"column":57}},"14":{"start":{"line":202,"column":25},"end":{"line":202,"column":49}}},"fnMap":{"0":{"name":"CarrinhoScreen","decl":{"start":{"line":20,"column":24},"end":{"line":20,"column":38}},"loc":{"start":{"line":20,"column":41},"end":{"line":210,"column":1}},"line":20},"1":{"name":"(anonymous_1)","decl":{"start":{"line":27,"column":25},"end":{"line":27,"column":26}},"loc":{"start":{"line":27,"column":31},"end":{"line":76,"column":4}},"line":27},"2":{"name":"(anonymous_2)","decl":{"start":{"line":96,"column":37},"end":{"line":96,"column":38}},"loc":{"start":{"line":96,"column":43},"end":{"line":96,"column":67}},"line":96},"3":{"name":"(anonymous_3)","decl":{"start":{"line":103,"column":23},"end":{"line":103,"column":24}},"loc":{"start":{"line":104,"column":14},"end":{"line":144,"column":21}},"line":104},"4":{"name":"(anonymous_4)","decl":{"start":{"line":122,"column":33},"end":{"line":122,"column":34}},"loc":{"start":{"line":122,"column":39},"end":{"line":122,"column":71}},"line":122},"5":{"name":"(anonymous_5)","decl":{"start":{"line":133,"column":33},"end":{"line":133,"column":34}},"loc":{"start":{"line":133,"column":39},"end":{"line":133,"column":71}},"line":133},"6":{"name":"(anonymous_6)","decl":{"start":{"line":149,"column":23},"end":{"line":149,"column":24}},"loc":{"start":{"line":149,"column":29},"end":{"line":149,"column":57}},"line":149},"7":{"name":"(anonymous_7)","decl":{"start":{"line":174,"column":23},"end":{"line":174,"column":24}},"loc":{"start":{"line":174,"column":29},"end":{"line":174,"column":57}},"line":174},"8":{"name":"(anonymous_8)","decl":{"start":{"line":202,"column":19},"end":{"line":202,"column":20}},"loc":{"start":{"line":202,"column":25},"end":{"line":202,"column":49}},"line":202}},"branchMap":{"0":{"loc":{"start":{"line":101,"column":9},"end":{"line":179,"column":9}},"type":"cond-expr","locations":[{"start":{"line":102,"column":10},"end":{"line":158,"column":17}},{"start":{"line":160,"column":10},"end":{"line":178,"column":17}}],"line":101},"1":{"loc":{"start":{"line":108,"column":22},"end":{"line":109,"column":90}},"type":"binary-expr","locations":[{"start":{"line":108,"column":22},"end":{"line":108,"column":32}},{"start":{"line":109,"column":22},"end":{"line":109,"column":90}}],"line":108},"2":{"loc":{"start":{"line":201,"column":41},"end":{"line":201,"column":87}},"type":"binary-expr","locations":[{"start":{"line":201,"column":41},"end":{"line":201,"column":54}},{"start":{"line":201,"column":58},"end":{"line":201,"column":87}}],"line":201}},"s":{"0":0,"1":0,"2":0,"3":0,"4":0,"5":0,"6":0,"7":0,"8":0,"9":0,"10":0,"11":0,"12":0,"13":0,"14":0},"f":{"0":0,"1":0,"2":0,"3":0,"4":0,"5":0,"6":0,"7":0,"8":0},"b":{"0":[0,0],"1":[0,0],"2":[0,0]}}
,"/home/jsdawg/Documentos/pede/Pede-J-mobile/app/chat.tsx": {"path":"/home/jsdawg/Documentos/pede/Pede-J-mobile/app/chat.tsx","statementMap":{"0":{"start":{"line":23,"column":23},"end":{"line":29,"column":1}},"1":{"start":{"line":32,"column":15},"end":{"line":32,"column":35}},"2":{"start":{"line":33,"column":14},"end":{"line":33,"column":24}},"3":{"start":{"line":34,"column":17},"end":{"line":34,"column":47}},"4":{"start":{"line":35,"column":19},"end":{"line":35,"column":45}},"5":{"start":{"line":36,"column":20},"end":{"line":36,"column":48}},"6":{"start":{"line":37,"column":19},"end":{"line":37,"column":48}},"7":{"start":{"line":39,"column":2},"end":{"line":39,"column":35}},"8":{"start":{"line":39,"column":20},"end":{"line":39,"column":35}},"9":{"start":{"line":40,"column":2},"end":{"line":40,"column":45}},"10":{"start":{"line":40,"column":21},"end":{"line":40,"column":45}},"11":{"start":{"line":41,"column":2},"end":{"line":41,"column":45}},"12":{"start":{"line":41,"column":22},"end":{"line":41,"column":45}},"13":{"start":{"line":42,"column":2},"end":{"line":42,"column":78}},"14":{"start":{"line":46,"column":17},"end":{"line":46,"column":28}},"15":{"start":{"line":47,"column":17},"end":{"line":47,"column":61}},"16":{"start":{"line":48,"column":18},"end":{"line":48,"column":38}},"17":{"start":{"line":49,"column":21},"end":{"line":49,"column":31}},"18":{"start":{"line":50,"column":22},"end":{"line":50,"column":44}},"19":{"start":{"line":51,"column":34},"end":{"line":51,"column":61}},"20":{"start":{"line":52,"column":36},"end":{"line":52,"column":48}},"21":{"start":{"line":53,"column":52},"end":{"line":53,"column":67}},"22":{"start":{"line":54,"column":32},"end":{"line":54,"column":46}},"23":{"start":{"line":55,"column":32},"end":{"line":55,"column":47}},"24":{"start":{"line":57,"column":24},"end":{"line":67,"column":15}},"25":{"start":{"line":58,"column":4},"end":{"line":58,"column":25}},"26":{"start":{"line":58,"column":18},"end":{"line":58,"column":25}},"27":{"start":{"line":59,"column":4},"end":{"line":66,"column":5}},"28":{"start":{"line":60,"column":23},"end":{"line":60,"column":74}},"29":{"start":{"line":61,"column":6},"end":{"line":61,"column":37}},"30":{"start":{"line":63,"column":6},"end":{"line":63,"column":54}},"31":{"start":{"line":65,"column":6},"end":{"line":65,"column":24}},"32":{"start":{"line":69,"column":2},"end":{"line":71,"column":22}},"33":{"start":{"line":70,"column":4},"end":{"line":70,"column":20}},"34":{"start":{"line":73,"column":2},"end":{"line":77,"column":31}},"35":{"start":{"line":74,"column":4},"end":{"line":74,"column":25}},"36":{"start":{"line":74,"column":18},"end":{"line":74,"column":25}},"37":{"start":{"line":75,"column":21},"end":{"line":75,"column":53}},"38":{"start":{"line":76,"column":4},"end":{"line":76,"column":41}},"39":{"start":{"line":76,"column":17},"end":{"line":76,"column":40}},"40":{"start":{"line":79,"column":2},"end":{"line":83,"column":24}},"41":{"start":{"line":80,"column":4},"end":{"line":82,"column":12}},"42":{"start":{"line":81,"column":6},"end":{"line":81,"column":60}},"43":{"start":{"line":86,"column":4},"end":{"line":86,"column":34}},"44":{"start":{"line":86,"column":27},"end":{"line":86,"column":34}},"45":{"start":{"line":88,"column":4},"end":{"line":88,"column":21}},"46":{"start":{"line":89,"column":4},"end":{"line":98,"column":5}},"47":{"start":{"line":90,"column":6},"end":{"line":90,"column":57}},"48":{"start":{"line":91,"column":6},"end":{"line":91,"column":23}},"49":{"start":{"line":92,"column":6},"end":{"line":92,"column":34}},"50":{"start":{"line":93,"column":6},"end":{"line":93,"column":28}},"51":{"start":{"line":95,"column":6},"end":{"line":95,"column":52}},"52":{"start":{"line":97,"column":6},"end":{"line":97,"column":24}},"53":{"start":{"line":102,"column":21},"end":{"line":102,"column":50}},"54":{"start":{"line":103,"column":21},"end":{"line":103,"column":44}},"55":{"start":{"line":105,"column":4},"end":{"line":139,"column":6}},"56":{"start":{"line":142,"column":22},"end":{"line":142,"column":58}},"57":{"start":{"line":144,"column":2},"end":{"line":255,"column":4}},"58":{"start":{"line":167,"column":40},"end":{"line":167,"column":53}},"59":{"start":{"line":174,"column":14},"end":{"line":174,"column":66}},"60":{"start":{"line":195,"column":16},"end":{"line":201,"column":35}},"61":{"start":{"line":198,"column":33},"end":{"line":198,"column":48}},"62":{"start":{"line":210,"column":27},"end":{"line":210,"column":67}},"63":{"start":{"line":231,"column":37},"end":{"line":231,"column":49}},"64":{"start":{"line":238,"column":29},"end":{"line":238,"column":41}},"65":{"start":{"line":258,"column":15},"end":{"line":401,"column":2}}},"fnMap":{"0":{"name":"formatChatTime","decl":{"start":{"line":31,"column":9},"end":{"line":31,"column":23}},"loc":{"start":{"line":31,"column":44},"end":{"line":43,"column":1}},"line":31},"1":{"name":"ChatScreen","decl":{"start":{"line":45,"column":24},"end":{"line":45,"column":34}},"loc":{"start":{"line":45,"column":37},"end":{"line":256,"column":1}},"line":45},"2":{"name":"(anonymous_2)","decl":{"start":{"line":57,"column":36},"end":{"line":57,"column":37}},"loc":{"start":{"line":57,"column":48},"end":{"line":67,"column":3}},"line":57},"3":{"name":"(anonymous_3)","decl":{"start":{"line":69,"column":12},"end":{"line":69,"column":13}},"loc":{"start":{"line":69,"column":18},"end":{"line":71,"column":3}},"line":69},"4":{"name":"(anonymous_4)","decl":{"start":{"line":73,"column":12},"end":{"line":73,"column":13}},"loc":{"start":{"line":73,"column":18},"end":{"line":77,"column":3}},"line":73},"5":{"name":"(anonymous_5)","decl":{"start":{"line":76,"column":11},"end":{"line":76,"column":12}},"loc":{"start":{"line":76,"column":17},"end":{"line":76,"column":40}},"line":76},"6":{"name":"(anonymous_6)","decl":{"start":{"line":79,"column":12},"end":{"line":79,"column":13}},"loc":{"start":{"line":79,"column":18},"end":{"line":83,"column":3}},"line":79},"7":{"name":"(anonymous_7)","decl":{"start":{"line":80,"column":15},"end":{"line":80,"column":16}},"loc":{"start":{"line":80,"column":21},"end":{"line":82,"column":5}},"line":80},"8":{"name":"handleSend","decl":{"start":{"line":85,"column":17},"end":{"line":85,"column":27}},"loc":{"start":{"line":85,"column":61},"end":{"line":99,"column":3}},"line":85},"9":{"name":"renderMessage","decl":{"start":{"line":101,"column":11},"end":{"line":101,"column":24}},"loc":{"start":{"line":101,"column":80},"end":{"line":140,"column":3}},"line":101},"10":{"name":"(anonymous_10)","decl":{"start":{"line":167,"column":26},"end":{"line":167,"column":27}},"loc":{"start":{"line":167,"column":40},"end":{"line":167,"column":53}},"line":167},"11":{"name":"(anonymous_11)","decl":{"start":{"line":173,"column":33},"end":{"line":173,"column":34}},"loc":{"start":{"line":174,"column":14},"end":{"line":174,"column":66}},"line":174},"12":{"name":"(anonymous_12)","decl":{"start":{"line":194,"column":34},"end":{"line":194,"column":35}},"loc":{"start":{"line":195,"column":16},"end":{"line":201,"column":35}},"line":195},"13":{"name":"(anonymous_13)","decl":{"start":{"line":198,"column":27},"end":{"line":198,"column":28}},"loc":{"start":{"line":198,"column":33},"end":{"line":198,"column":48}},"line":198},"14":{"name":"(anonymous_14)","decl":{"start":{"line":210,"column":21},"end":{"line":210,"column":22}},"loc":{"start":{"line":210,"column":27},"end":{"line":210,"column":67}},"line":210},"15":{"name":"(anonymous_15)","decl":{"start":{"line":231,"column":31},"end":{"line":231,"column":32}},"loc":{"start":{"line":231,"column":37},"end":{"line":231,"column":49}},"line":231},"16":{"name":"(anonymous_16)","decl":{"start":{"line":238,"column":23},"end":{"line":238,"column":24}},"loc":{"start":{"line":238,"column":29},"end":{"line":238,"column":41}},"line":238}},"branchMap":{"0":{"loc":{"start":{"line":39,"column":2},"end":{"line":39,"column":35}},"type":"if","locations":[{"start":{"line":39,"column":2},"end":{"line":39,"column":35}},{"start":{},"end":{}}],"line":39},"1":{"loc":{"start":{"line":40,"column":2},"end":{"line":40,"column":45}},"type":"if","locations":[{"start":{"line":40,"column":2},"end":{"line":40,"column":45}},{"start":{},"end":{}}],"line":40},"2":{"loc":{"start":{"line":41,"column":2},"end":{"line":41,"column":45}},"type":"if","locations":[{"start":{"line":41,"column":2},"end":{"line":41,"column":45}},{"start":{},"end":{}}],"line":41},"3":{"loc":{"start":{"line":48,"column":18},"end":{"line":48,"column":38}},"type":"binary-expr","locations":[{"start":{"line":48,"column":18},"end":{"line":48,"column":32}},{"start":{"line":48,"column":36},"end":{"line":48,"column":38}}],"line":48},"4":{"loc":{"start":{"line":58,"column":4},"end":{"line":58,"column":25}},"type":"if","locations":[{"start":{"line":58,"column":4},"end":{"line":58,"column":25}},{"start":{},"end":{}}],"line":58},"5":{"loc":{"start":{"line":61,"column":18},"end":{"line":61,"column":35}},"type":"binary-expr","locations":[{"start":{"line":61,"column":18},"end":{"line":61,"column":27}},{"start":{"line":61,"column":31},"end":{"line":61,"column":35}}],"line":61},"6":{"loc":{"start":{"line":74,"column":4},"end":{"line":74,"column":25}},"type":"if","locations":[{"start":{"line":74,"column":4},"end":{"line":74,"column":25}},{"start":{},"end":{}}],"line":74},"7":{"loc":{"start":{"line":85,"column":28},"end":{"line":85,"column":59}},"type":"default-arg","locations":[{"start":{"line":85,"column":43},"end":{"line":85,"column":59}}],"line":85},"8":{"loc":{"start":{"line":86,"column":4},"end":{"line":86,"column":34}},"type":"if","locations":[{"start":{"line":86,"column":4},"end":{"line":86,"column":34}},{"start":{},"end":{}}],"line":86},"9":{"loc":{"start":{"line":86,"column":8},"end":{"line":86,"column":25}},"type":"binary-expr","locations":[{"start":{"line":86,"column":8},"end":{"line":86,"column":13}},{"start":{"line":86,"column":17},"end":{"line":86,"column":25}}],"line":86},"10":{"loc":{"start":{"line":109,"column":10},"end":{"line":109,"column":41}},"type":"binary-expr","locations":[{"start":{"line":109,"column":10},"end":{"line":109,"column":18}},{"start":{"line":109,"column":22},"end":{"line":109,"column":41}}],"line":109},"11":{"loc":{"start":{"line":110,"column":10},"end":{"line":110,"column":41}},"type":"binary-expr","locations":[{"start":{"line":110,"column":10},"end":{"line":110,"column":18}},{"start":{"line":110,"column":22},"end":{"line":110,"column":41}}],"line":110},"12":{"loc":{"start":{"line":111,"column":10},"end":{"line":111,"column":57}},"type":"binary-expr","locations":[{"start":{"line":111,"column":10},"end":{"line":111,"column":19}},{"start":{"line":111,"column":23},"end":{"line":111,"column":32}},{"start":{"line":111,"column":36},"end":{"line":111,"column":57}}],"line":111},"13":{"loc":{"start":{"line":114,"column":9},"end":{"line":116,"column":9}},"type":"binary-expr","locations":[{"start":{"line":114,"column":9},"end":{"line":114,"column":18}},{"start":{"line":114,"column":22},"end":{"line":114,"column":31}},{"start":{"line":115,"column":10},"end":{"line":115,"column":59}}],"line":114},"14":{"loc":{"start":{"line":120,"column":12},"end":{"line":120,"column":41}},"type":"binary-expr","locations":[{"start":{"line":120,"column":12},"end":{"line":120,"column":20}},{"start":{"line":120,"column":24},"end":{"line":120,"column":41}}],"line":120},"15":{"loc":{"start":{"line":121,"column":12},"end":{"line":121,"column":41}},"type":"binary-expr","locations":[{"start":{"line":121,"column":12},"end":{"line":121,"column":20}},{"start":{"line":121,"column":24},"end":{"line":121,"column":41}}],"line":121},"16":{"loc":{"start":{"line":122,"column":12},"end":{"line":122,"column":57}},"type":"binary-expr","locations":[{"start":{"line":122,"column":12},"end":{"line":122,"column":21}},{"start":{"line":122,"column":25},"end":{"line":122,"column":34}},{"start":{"line":122,"column":38},"end":{"line":122,"column":57}}],"line":122},"17":{"loc":{"start":{"line":127,"column":9},"end":{"line":137,"column":9}},"type":"binary-expr","locations":[{"start":{"line":127,"column":9},"end":{"line":127,"column":18}},{"start":{"line":128,"column":10},"end":{"line":136,"column":17}}],"line":127},"18":{"loc":{"start":{"line":131,"column":14},"end":{"line":131,"column":43}},"type":"binary-expr","locations":[{"start":{"line":131,"column":14},"end":{"line":131,"column":22}},{"start":{"line":131,"column":26},"end":{"line":131,"column":43}}],"line":131},"19":{"loc":{"start":{"line":132,"column":14},"end":{"line":132,"column":59}},"type":"binary-expr","locations":[{"start":{"line":132,"column":14},"end":{"line":132,"column":23}},{"start":{"line":132,"column":27},"end":{"line":132,"column":36}},{"start":{"line":132,"column":40},"end":{"line":132,"column":59}}],"line":132},"20":{"loc":{"start":{"line":142,"column":22},"end":{"line":142,"column":58}},"type":"cond-expr","locations":[{"start":{"line":142,"column":32},"end":{"line":142,"column":49}},{"start":{"line":142,"column":52},"end":{"line":142,"column":58}}],"line":142},"21":{"loc":{"start":{"line":153,"column":18},"end":{"line":153,"column":63}},"type":"cond-expr","locations":[{"start":{"line":153,"column":42},"end":{"line":153,"column":51}},{"start":{"line":153,"column":54},"end":{"line":153,"column":63}}],"line":153},"22":{"loc":{"start":{"line":155,"column":32},"end":{"line":155,"column":62}},"type":"cond-expr","locations":[{"start":{"line":155,"column":56},"end":{"line":155,"column":58}},{"start":{"line":155,"column":61},"end":{"line":155,"column":62}}],"line":155},"23":{"loc":{"start":{"line":157,"column":9},"end":{"line":189,"column":9}},"type":"cond-expr","locations":[{"start":{"line":158,"column":10},"end":{"line":161,"column":17}},{"start":{"line":163,"column":10},"end":{"line":188,"column":12}}],"line":157},"24":{"loc":{"start":{"line":191,"column":9},"end":{"line":205,"column":9}},"type":"binary-expr","locations":[{"start":{"line":191,"column":9},"end":{"line":191,"column":26}},{"start":{"line":192,"column":10},"end":{"line":204,"column":17}}],"line":191},"25":{"loc":{"start":{"line":213,"column":20},"end":{"line":213,"column":71}},"type":"cond-expr","locations":[{"start":{"line":213,"column":40},"end":{"line":213,"column":54}},{"start":{"line":213,"column":57},"end":{"line":213,"column":71}}],"line":213},"26":{"loc":{"start":{"line":218,"column":15},"end":{"line":218,"column":74}},"type":"cond-expr","locations":[{"start":{"line":218,"column":35},"end":{"line":218,"column":52}},{"start":{"line":218,"column":55},"end":{"line":218,"column":74}}],"line":218},"27":{"loc":{"start":{"line":236,"column":16},"end":{"line":236,"column":75}},"type":"binary-expr","locations":[{"start":{"line":236,"column":17},"end":{"line":236,"column":34}},{"start":{"line":236,"column":38},"end":{"line":236,"column":45}},{"start":{"line":236,"column":50},"end":{"line":236,"column":75}}],"line":236},"28":{"loc":{"start":{"line":239,"column":24},"end":{"line":239,"column":52}},"type":"binary-expr","locations":[{"start":{"line":239,"column":24},"end":{"line":239,"column":41}},{"start":{"line":239,"column":45},"end":{"line":239,"column":52}}],"line":239},"29":{"loc":{"start":{"line":241,"column":15},"end":{"line":249,"column":15}},"type":"cond-expr","locations":[{"start":{"line":242,"column":16},"end":{"line":242,"column":71}},{"start":{"line":244,"column":16},"end":{"line":248,"column":18}}],"line":241}},"s":{"0":0,"1":0,"2":0,"3":0,"4":0,"5":0,"6":0,"7":0,"8":0,"9":0,"10":0,"11":0,"12":0,"13":0,"14":0,"15":0,"16":0,"17":0,"18":0,"19":0,"20":0,"21":0,"22":0,"23":0,"24":0,"25":0,"26":0,"27":0,"28":0,"29":0,"30":0,"31":0,"32":0,"33":0,"34":0,"35":0,"36":0,"37":0,"38":0,"39":0,"40":0,"41":0,"42":0,"43":0,"44":0,"45":0,"46":0,"47":0,"48":0,"49":0,"50":0,"51":0,"52":0,"53":0,"54":0,"55":0,"56":0,"57":0,"58":0,"59":0,"60":0,"61":0,"62":0,"63":0,"64":0,"65":0},"f":{"0":0,"1":0,"2":0,"3":0,"4":0,"5":0,"6":0,"7":0,"8":0,"9":0,"10":0,"11":0,"12":0,"13":0,"14":0,"15":0,"16":0},"b":{"0":[0,0],"1":[0,0],"2":[0,0],"3":[0,0],"4":[0,0],"5":[0,0],"6":[0,0],"7":[0],"8":[0,0],"9":[0,0],"10":[0,0],"11":[0,0],"12":[0,0,0],"13":[0,0,0],"14":[0,0],"15":[0,0],"16":[0,0,0],"17":[0,0],"18":[0,0],"19":[0,0,0],"20":[0,0],"21":[0,0],"22":[0,0],"23":[0,0],"24":[0,0],"25":[0,0],"26":[0,0],"27":[0,0,0],"28":[0,0],"29":[0,0]}}
,"/home/jsdawg/Documentos/pede/Pede-J-mobile/app/checkout.tsx": {"path":"/home/jsdawg/Documentos/pede/Pede-J-mobile/app/checkout.tsx","statementMap":{"0":{"start":{"line":50,"column":21},"end":{"line":50,"column":65}},"1":{"start":{"line":51,"column":27},"end":{"line":51,"column":30}},"2":{"start":{"line":53,"column":2},"end":{"line":53,"column":155}},"3":{"start":{"line":65,"column":2},"end":{"line":92,"column":4}},"4":{"start":{"line":67,"column":39},"end":{"line":72,"column":5}},"5":{"start":{"line":96,"column":17},"end":{"line":96,"column":28}},"6":{"start":{"line":97,"column":19},"end":{"line":97,"column":35}},"7":{"start":{"line":98,"column":16},"end":{"line":98,"column":47}},"8":{"start":{"line":99,"column":19},"end":{"line":99,"column":53}},"9":{"start":{"line":100,"column":27},"end":{"line":100,"column":65}},"10":{"start":{"line":101,"column":24},"end":{"line":101,"column":59}},"11":{"start":{"line":102,"column":24},"end":{"line":102,"column":59}},"12":{"start":{"line":103,"column":25},"end":{"line":103,"column":61}},"13":{"start":{"line":104,"column":21},"end":{"line":104,"column":31}},"14":{"start":{"line":106,"column":63},"end":{"line":109,"column":3}},"15":{"start":{"line":111,"column":20},"end":{"line":116,"column":20}},"16":{"start":{"line":112,"column":4},"end":{"line":114,"column":5}},"17":{"start":{"line":113,"column":6},"end":{"line":113,"column":31}},"18":{"start":{"line":115,"column":4},"end":{"line":115,"column":30}},"19":{"start":{"line":118,"column":48},"end":{"line":118,"column":68}},"20":{"start":{"line":119,"column":48},"end":{"line":119,"column":68}},"21":{"start":{"line":120,"column":38},"end":{"line":120,"column":50}},"22":{"start":{"line":121,"column":40},"end":{"line":121,"column":52}},"23":{"start":{"line":122,"column":38},"end":{"line":122,"column":79}},"24":{"start":{"line":123,"column":38},"end":{"line":123,"column":49}},"25":{"start":{"line":125,"column":25},"end":{"line":125,"column":49}},"26":{"start":{"line":126,"column":26},"end":{"line":129,"column":17}},"27":{"start":{"line":131,"column":2},"end":{"line":139,"column":18}},"28":{"start":{"line":132,"column":4},"end":{"line":132,"column":34}},"29":{"start":{"line":132,"column":27},"end":{"line":132,"column":34}},"30":{"start":{"line":134,"column":6},"end":{"line":134,"column":70}},"31":{"start":{"line":134,"column":28},"end":{"line":134,"column":39}},"32":{"start":{"line":135,"column":4},"end":{"line":138,"column":7}},"33":{"start":{"line":136,"column":6},"end":{"line":136,"column":68}},"34":{"start":{"line":136,"column":40},"end":{"line":136,"column":53}},"35":{"start":{"line":136,"column":56},"end":{"line":136,"column":68}},"36":{"start":{"line":137,"column":6},"end":{"line":137,"column":23}},"37":{"start":{"line":141,"column":2},"end":{"line":149,"column":23}},"38":{"start":{"line":142,"column":4},"end":{"line":142,"column":39}},"39":{"start":{"line":142,"column":32},"end":{"line":142,"column":39}},"40":{"start":{"line":144,"column":6},"end":{"line":144,"column":80}},"41":{"start":{"line":144,"column":33},"end":{"line":144,"column":44}},"42":{"start":{"line":145,"column":4},"end":{"line":148,"column":7}},"43":{"start":{"line":146,"column":6},"end":{"line":146,"column":73}},"44":{"start":{"line":146,"column":45},"end":{"line":146,"column":58}},"45":{"start":{"line":146,"column":61},"end":{"line":146,"column":73}},"46":{"start":{"line":147,"column":6},"end":{"line":147,"column":23}},"47":{"start":{"line":151,"column":19},"end":{"line":151,"column":61}},"48":{"start":{"line":153,"column":17},"end":{"line":368,"column":3}},"49":{"start":{"line":155,"column":6},"end":{"line":366,"column":8}},"50":{"start":{"line":370,"column":19},"end":{"line":370,"column":35}},"51":{"start":{"line":371,"column":22},"end":{"line":371,"column":45}},"52":{"start":{"line":372,"column":16},"end":{"line":372,"column":49}},"53":{"start":{"line":374,"column":25},"end":{"line":374,"column":72}},"54":{"start":{"line":374,"column":47},"end":{"line":374,"column":71}},"55":{"start":{"line":375,"column":25},"end":{"line":375,"column":77}},"56":{"start":{"line":375,"column":52},"end":{"line":375,"column":76}},"57":{"start":{"line":378,"column":49},"end":{"line":383,"column":5}},"58":{"start":{"line":384,"column":4},"end":{"line":384,"column":53}},"59":{"start":{"line":387,"column":28},"end":{"line":408,"column":3}},"60":{"start":{"line":388,"column":4},"end":{"line":388,"column":23}},"61":{"start":{"line":389,"column":4},"end":{"line":389,"column":35}},"62":{"start":{"line":389,"column":28},"end":{"line":389,"column":35}},"63":{"start":{"line":391,"column":19},"end":{"line":393,"column":5}},"64":{"start":{"line":392,"column":13},"end":{"line":392,"column":69}},"65":{"start":{"line":395,"column":4},"end":{"line":398,"column":5}},"66":{"start":{"line":396,"column":6},"end":{"line":396,"column":51}},"67":{"start":{"line":397,"column":6},"end":{"line":397,"column":13}},"68":{"start":{"line":400,"column":4},"end":{"line":403,"column":5}},"69":{"start":{"line":401,"column":6},"end":{"line":401,"column":68}},"70":{"start":{"line":402,"column":6},"end":{"line":402,"column":13}},"71":{"start":{"line":405,"column":4},"end":{"line":405,"column":45}},"72":{"start":{"line":406,"column":4},"end":{"line":406,"column":23}},"73":{"start":{"line":407,"column":4},"end":{"line":407,"column":22}},"74":{"start":{"line":410,"column":29},"end":{"line":413,"column":3}},"75":{"start":{"line":411,"column":4},"end":{"line":411,"column":29}},"76":{"start":{"line":412,"column":4},"end":{"line":412,"column":23}},"77":{"start":{"line":421,"column":24},"end":{"line":465,"column":3}},"78":{"start":{"line":423,"column":29},"end":{"line":423,"column":87}},"79":{"start":{"line":425,"column":22},"end":{"line":433,"column":7}},"80":{"start":{"line":427,"column":36},"end":{"line":430,"column":9}},"81":{"start":{"line":435,"column":6},"end":{"line":435,"column":60}},"82":{"start":{"line":436,"column":6},"end":{"line":436,"column":26}},"83":{"start":{"line":438,"column":6},"end":{"line":462,"column":7}},"84":{"start":{"line":439,"column":21},"end":{"line":442,"column":10}},"85":{"start":{"line":443,"column":8},"end":{"line":443,"column":129}},"86":{"start":{"line":445,"column":27},"end":{"line":445,"column":52}},"87":{"start":{"line":446,"column":8},"end":{"line":446,"column":39}},"88":{"start":{"line":448,"column":8},"end":{"line":454,"column":9}},"89":{"start":{"line":452,"column":10},"end":{"line":452,"column":36}},"90":{"start":{"line":453,"column":10},"end":{"line":453,"column":39}},"91":{"start":{"line":456,"column":8},"end":{"line":459,"column":9}},"92":{"start":{"line":457,"column":10},"end":{"line":457,"column":36}},"93":{"start":{"line":458,"column":10},"end":{"line":458,"column":52}},"94":{"start":{"line":461,"column":8},"end":{"line":461,"column":37}},"95":{"start":{"line":467,"column":29},"end":{"line":504,"column":3}},"96":{"start":{"line":468,"column":4},"end":{"line":468,"column":92}},"97":{"start":{"line":468,"column":85},"end":{"line":468,"column":92}},"98":{"start":{"line":470,"column":4},"end":{"line":470,"column":21}},"99":{"start":{"line":472,"column":19},"end":{"line":472,"column":40}},"100":{"start":{"line":474,"column":4},"end":{"line":476,"column":5}},"101":{"start":{"line":475,"column":6},"end":{"line":475,"column":13}},"102":{"start":{"line":478,"column":20},"end":{"line":478,"column":60}},"103":{"start":{"line":479,"column":22},"end":{"line":479,"column":36}},"104":{"start":{"line":481,"column":18},"end":{"line":490,"column":6}},"105":{"start":{"line":492,"column":4},"end":{"line":492,"column":30}},"106":{"start":{"line":493,"column":4},"end":{"line":493,"column":26}},"107":{"start":{"line":495,"column":4},"end":{"line":495,"column":56}},"108":{"start":{"line":497,"column":4},"end":{"line":503,"column":7}},"109":{"start":{"line":506,"column":22},"end":{"line":540,"column":3}},"110":{"start":{"line":507,"column":4},"end":{"line":507,"column":107}},"111":{"start":{"line":507,"column":100},"end":{"line":507,"column":107}},"112":{"start":{"line":509,"column":4},"end":{"line":509,"column":38}},"113":{"start":{"line":509,"column":28},"end":{"line":509,"column":36}},"114":{"start":{"line":511,"column":19},"end":{"line":511,"column":44}},"115":{"start":{"line":512,"column":4},"end":{"line":512,"column":29}},"116":{"start":{"line":512,"column":22},"end":{"line":512,"column":29}},"117":{"start":{"line":514,"column":20},"end":{"line":514,"column":60}},"118":{"start":{"line":515,"column":22},"end":{"line":515,"column":36}},"119":{"start":{"line":517,"column":18},"end":{"line":526,"column":6}},"120":{"start":{"line":528,"column":4},"end":{"line":528,"column":30}},"121":{"start":{"line":529,"column":4},"end":{"line":529,"column":26}},"122":{"start":{"line":531,"column":4},"end":{"line":531,"column":56}},"123":{"start":{"line":533,"column":4},"end":{"line":539,"column":7}},"124":{"start":{"line":542,"column":21},"end":{"line":542,"column":45}},"125":{"start":{"line":544,"column":2},"end":{"line":874,"column":4}},"126":{"start":{"line":546,"column":59},"end":{"line":546,"column":72}},"127":{"start":{"line":570,"column":67},"end":{"line":570,"column":80}},"128":{"start":{"line":590,"column":35},"end":{"line":590,"column":59}},"129":{"start":{"line":599,"column":20},"end":{"line":626,"column":32}},"130":{"start":{"line":603,"column":37},"end":{"line":603,"column":67}},"131":{"start":{"line":635,"column":20},"end":{"line":643,"column":27}},"132":{"start":{"line":652,"column":35},"end":{"line":652,"column":66}},"133":{"start":{"line":662,"column":35},"end":{"line":662,"column":66}},"134":{"start":{"line":668,"column":22},"end":{"line":693,"column":34}},"135":{"start":{"line":672,"column":39},"end":{"line":672,"column":68}},"136":{"start":{"line":857,"column":37},"end":{"line":857,"column":50}}},"fnMap":{"0":{"name":"buildLocalOrder","decl":{"start":{"line":55,"column":9},"end":{"line":55,"column":24}},"loc":{"start":{"line":64,"column":15},"end":{"line":93,"column":1}},"line":64},"1":{"name":"(anonymous_1)","decl":{"start":{"line":67,"column":28},"end":{"line":67,"column":29}},"loc":{"start":{"line":67,"column":39},"end":{"line":72,"column":5}},"line":67},"2":{"name":"CheckoutScreen","decl":{"start":{"line":95,"column":24},"end":{"line":95,"column":38}},"loc":{"start":{"line":95,"column":41},"end":{"line":875,"column":1}},"line":95},"3":{"name":"(anonymous_3)","decl":{"start":{"line":111,"column":28},"end":{"line":111,"column":29}},"loc":{"start":{"line":111,"column":45},"end":{"line":116,"column":3}},"line":111},"4":{"name":"(anonymous_4)","decl":{"start":{"line":131,"column":12},"end":{"line":131,"column":13}},"loc":{"start":{"line":131,"column":18},"end":{"line":139,"column":3}},"line":131},"5":{"name":"(anonymous_5)","decl":{"start":{"line":134,"column":21},"end":{"line":134,"column":22}},"loc":{"start":{"line":134,"column":28},"end":{"line":134,"column":39}},"line":134},"6":{"name":"(anonymous_6)","decl":{"start":{"line":135,"column":23},"end":{"line":135,"column":24}},"loc":{"start":{"line":135,"column":33},"end":{"line":138,"column":5}},"line":135},"7":{"name":"(anonymous_7)","decl":{"start":{"line":136,"column":33},"end":{"line":136,"column":34}},"loc":{"start":{"line":136,"column":40},"end":{"line":136,"column":53}},"line":136},"8":{"name":"(anonymous_8)","decl":{"start":{"line":141,"column":12},"end":{"line":141,"column":13}},"loc":{"start":{"line":141,"column":18},"end":{"line":149,"column":3}},"line":141},"9":{"name":"(anonymous_9)","decl":{"start":{"line":144,"column":26},"end":{"line":144,"column":27}},"loc":{"start":{"line":144,"column":33},"end":{"line":144,"column":44}},"line":144},"10":{"name":"(anonymous_10)","decl":{"start":{"line":145,"column":23},"end":{"line":145,"column":24}},"loc":{"start":{"line":145,"column":33},"end":{"line":148,"column":5}},"line":145},"11":{"name":"(anonymous_11)","decl":{"start":{"line":146,"column":38},"end":{"line":146,"column":39}},"loc":{"start":{"line":146,"column":45},"end":{"line":146,"column":58}},"line":146},"12":{"name":"(anonymous_12)","decl":{"start":{"line":154,"column":4},"end":{"line":154,"column":5}},"loc":{"start":{"line":155,"column":6},"end":{"line":366,"column":8}},"line":155},"13":{"name":"(anonymous_13)","decl":{"start":{"line":374,"column":40},"end":{"line":374,"column":41}},"loc":{"start":{"line":374,"column":47},"end":{"line":374,"column":71}},"line":374},"14":{"name":"(anonymous_14)","decl":{"start":{"line":375,"column":45},"end":{"line":375,"column":46}},"loc":{"start":{"line":375,"column":52},"end":{"line":375,"column":76}},"line":375},"15":{"name":"paymentSubtitle","decl":{"start":{"line":377,"column":11},"end":{"line":377,"column":26}},"loc":{"start":{"line":377,"column":50},"end":{"line":385,"column":3}},"line":377},"16":{"name":"(anonymous_16)","decl":{"start":{"line":387,"column":28},"end":{"line":387,"column":29}},"loc":{"start":{"line":387,"column":34},"end":{"line":408,"column":3}},"line":387},"17":{"name":"(anonymous_17)","decl":{"start":{"line":392,"column":6},"end":{"line":392,"column":7}},"loc":{"start":{"line":392,"column":13},"end":{"line":392,"column":69}},"line":392},"18":{"name":"(anonymous_18)","decl":{"start":{"line":410,"column":29},"end":{"line":410,"column":30}},"loc":{"start":{"line":410,"column":35},"end":{"line":413,"column":3}},"line":410},"19":{"name":"(anonymous_19)","decl":{"start":{"line":422,"column":4},"end":{"line":422,"column":5}},"loc":{"start":{"line":422,"column":55},"end":{"line":463,"column":5}},"line":422},"20":{"name":"(anonymous_20)","decl":{"start":{"line":427,"column":25},"end":{"line":427,"column":26}},"loc":{"start":{"line":427,"column":36},"end":{"line":430,"column":9}},"line":427},"21":{"name":"(anonymous_21)","decl":{"start":{"line":467,"column":29},"end":{"line":467,"column":30}},"loc":{"start":{"line":467,"column":41},"end":{"line":504,"column":3}},"line":467},"22":{"name":"(anonymous_22)","decl":{"start":{"line":506,"column":22},"end":{"line":506,"column":23}},"loc":{"start":{"line":506,"column":34},"end":{"line":540,"column":3}},"line":506},"23":{"name":"(anonymous_23)","decl":{"start":{"line":509,"column":18},"end":{"line":509,"column":19}},"loc":{"start":{"line":509,"column":28},"end":{"line":509,"column":36}},"line":509},"24":{"name":"(anonymous_24)","decl":{"start":{"line":546,"column":53},"end":{"line":546,"column":54}},"loc":{"start":{"line":546,"column":59},"end":{"line":546,"column":72}},"line":546},"25":{"name":"(anonymous_25)","decl":{"start":{"line":570,"column":61},"end":{"line":570,"column":62}},"loc":{"start":{"line":570,"column":67},"end":{"line":570,"column":80}},"line":570},"26":{"name":"(anonymous_26)","decl":{"start":{"line":590,"column":29},"end":{"line":590,"column":30}},"loc":{"start":{"line":590,"column":35},"end":{"line":590,"column":59}},"line":590},"27":{"name":"(anonymous_27)","decl":{"start":{"line":598,"column":33},"end":{"line":598,"column":34}},"loc":{"start":{"line":599,"column":20},"end":{"line":626,"column":32}},"line":599},"28":{"name":"(anonymous_28)","decl":{"start":{"line":603,"column":31},"end":{"line":603,"column":32}},"loc":{"start":{"line":603,"column":37},"end":{"line":603,"column":67}},"line":603},"29":{"name":"(anonymous_29)","decl":{"start":{"line":634,"column":29},"end":{"line":634,"column":30}},"loc":{"start":{"line":635,"column":20},"end":{"line":643,"column":27}},"line":635},"30":{"name":"(anonymous_30)","decl":{"start":{"line":652,"column":29},"end":{"line":652,"column":30}},"loc":{"start":{"line":652,"column":35},"end":{"line":652,"column":66}},"line":652},"31":{"name":"(anonymous_31)","decl":{"start":{"line":662,"column":29},"end":{"line":662,"column":30}},"loc":{"start":{"line":662,"column":35},"end":{"line":662,"column":66}},"line":662},"32":{"name":"(anonymous_32)","decl":{"start":{"line":667,"column":40},"end":{"line":667,"column":41}},"loc":{"start":{"line":668,"column":22},"end":{"line":693,"column":34}},"line":668},"33":{"name":"(anonymous_33)","decl":{"start":{"line":672,"column":33},"end":{"line":672,"column":34}},"loc":{"start":{"line":672,"column":39},"end":{"line":672,"column":68}},"line":672},"34":{"name":"(anonymous_34)","decl":{"start":{"line":857,"column":31},"end":{"line":857,"column":32}},"loc":{"start":{"line":857,"column":37},"end":{"line":857,"column":50}},"line":857}},"branchMap":{"0":{"loc":{"start":{"line":112,"column":4},"end":{"line":114,"column":5}},"type":"if","locations":[{"start":{"line":112,"column":4},"end":{"line":114,"column":5}},{"start":{},"end":{}}],"line":112},"1":{"loc":{"start":{"line":112,"column":8},"end":{"line":112,"column":58}},"type":"binary-expr","locations":[{"start":{"line":112,"column":8},"end":{"line":112,"column":26}},{"start":{"line":112,"column":30},"end":{"line":112,"column":58}}],"line":112},"2":{"loc":{"start":{"line":132,"column":4},"end":{"line":132,"column":34}},"type":"if","locations":[{"start":{"line":132,"column":4},"end":{"line":132,"column":34}},{"start":{},"end":{}}],"line":132},"3":{"loc":{"start":{"line":134,"column":6},"end":{"line":134,"column":70}},"type":"binary-expr","locations":[{"start":{"line":134,"column":6},"end":{"line":134,"column":44}},{"start":{"line":134,"column":48},"end":{"line":134,"column":64}},{"start":{"line":134,"column":68},"end":{"line":134,"column":70}}],"line":134},"4":{"loc":{"start":{"line":136,"column":6},"end":{"line":136,"column":68}},"type":"if","locations":[{"start":{"line":136,"column":6},"end":{"line":136,"column":68}},{"start":{},"end":{}}],"line":136},"5":{"loc":{"start":{"line":136,"column":10},"end":{"line":136,"column":54}},"type":"binary-expr","locations":[{"start":{"line":136,"column":10},"end":{"line":136,"column":14}},{"start":{"line":136,"column":18},"end":{"line":136,"column":54}}],"line":136},"6":{"loc":{"start":{"line":142,"column":4},"end":{"line":142,"column":39}},"type":"if","locations":[{"start":{"line":142,"column":4},"end":{"line":142,"column":39}},{"start":{},"end":{}}],"line":142},"7":{"loc":{"start":{"line":144,"column":6},"end":{"line":144,"column":80}},"type":"binary-expr","locations":[{"start":{"line":144,"column":6},"end":{"line":144,"column":49}},{"start":{"line":144,"column":53},"end":{"line":144,"column":74}},{"start":{"line":144,"column":78},"end":{"line":144,"column":80}}],"line":144},"8":{"loc":{"start":{"line":146,"column":6},"end":{"line":146,"column":73}},"type":"if","locations":[{"start":{"line":146,"column":6},"end":{"line":146,"column":73}},{"start":{},"end":{}}],"line":146},"9":{"loc":{"start":{"line":146,"column":10},"end":{"line":146,"column":59}},"type":"binary-expr","locations":[{"start":{"line":146,"column":10},"end":{"line":146,"column":14}},{"start":{"line":146,"column":18},"end":{"line":146,"column":59}}],"line":146},"10":{"loc":{"start":{"line":371,"column":22},"end":{"line":371,"column":45}},"type":"cond-expr","locations":[{"start":{"line":371,"column":38},"end":{"line":371,"column":39}},{"start":{"line":371,"column":42},"end":{"line":371,"column":45}}],"line":371},"11":{"loc":{"start":{"line":384,"column":11},"end":{"line":384,"column":52}},"type":"binary-expr","locations":[{"start":{"line":384,"column":11},"end":{"line":384,"column":36}},{"start":{"line":384,"column":40},"end":{"line":384,"column":52}}],"line":384},"12":{"loc":{"start":{"line":389,"column":4},"end":{"line":389,"column":35}},"type":"if","locations":[{"start":{"line":389,"column":4},"end":{"line":389,"column":35}},{"start":{},"end":{}}],"line":389},"13":{"loc":{"start":{"line":395,"column":4},"end":{"line":398,"column":5}},"type":"if","locations":[{"start":{"line":395,"column":4},"end":{"line":398,"column":5}},{"start":{},"end":{}}],"line":395},"14":{"loc":{"start":{"line":400,"column":4},"end":{"line":403,"column":5}},"type":"if","locations":[{"start":{"line":400,"column":4},"end":{"line":403,"column":5}},{"start":{},"end":{}}],"line":400},"15":{"loc":{"start":{"line":400,"column":8},"end":{"line":400,"column":63}},"type":"binary-expr","locations":[{"start":{"line":400,"column":8},"end":{"line":400,"column":28}},{"start":{"line":400,"column":32},"end":{"line":400,"column":63}}],"line":400},"16":{"loc":{"start":{"line":422,"column":11},"end":{"line":422,"column":27}},"type":"default-arg","locations":[{"start":{"line":422,"column":22},"end":{"line":422,"column":27}}],"line":422},"17":{"loc":{"start":{"line":426,"column":22},"end":{"line":426,"column":60}},"type":"binary-expr","locations":[{"start":{"line":426,"column":22},"end":{"line":426,"column":38}},{"start":{"line":426,"column":42},"end":{"line":426,"column":60}}],"line":426},"18":{"loc":{"start":{"line":431,"column":19},"end":{"line":431,"column":43}},"type":"binary-expr","locations":[{"start":{"line":431,"column":19},"end":{"line":431,"column":37}},{"start":{"line":431,"column":41},"end":{"line":431,"column":43}}],"line":431},"19":{"loc":{"start":{"line":432,"column":26},"end":{"line":432,"column":52}},"type":"binary-expr","locations":[{"start":{"line":432,"column":26},"end":{"line":432,"column":46}},{"start":{"line":432,"column":50},"end":{"line":432,"column":52}}],"line":432},"20":{"loc":{"start":{"line":432,"column":56},"end":{"line":432,"column":83}},"type":"binary-expr","locations":[{"start":{"line":432,"column":56},"end":{"line":432,"column":77}},{"start":{"line":432,"column":81},"end":{"line":432,"column":83}}],"line":432},"21":{"loc":{"start":{"line":443,"column":27},"end":{"line":443,"column":126}},"type":"cond-expr","locations":[{"start":{"line":443,"column":78},"end":{"line":443,"column":114}},{"start":{"line":443,"column":117},"end":{"line":443,"column":126}}],"line":443},"22":{"loc":{"start":{"line":443,"column":27},"end":{"line":443,"column":75}},"type":"binary-expr","locations":[{"start":{"line":443,"column":27},"end":{"line":443,"column":31}},{"start":{"line":443,"column":35},"end":{"line":443,"column":59}},{"start":{"line":443,"column":63},"end":{"line":443,"column":75}}],"line":443},"23":{"loc":{"start":{"line":448,"column":8},"end":{"line":454,"column":9}},"type":"if","locations":[{"start":{"line":448,"column":8},"end":{"line":454,"column":9}},{"start":{},"end":{}}],"line":448},"24":{"loc":{"start":{"line":449,"column":10},"end":{"line":450,"column":124}},"type":"binary-expr","locations":[{"start":{"line":449,"column":10},"end":{"line":449,"column":19}},{"start":{"line":450,"column":11},"end":{"line":450,"column":45}},{"start":{"line":450,"column":49},"end":{"line":450,"column":84}},{"start":{"line":450,"column":88},"end":{"line":450,"column":123}}],"line":449},"25":{"loc":{"start":{"line":456,"column":8},"end":{"line":459,"column":9}},"type":"if","locations":[{"start":{"line":456,"column":8},"end":{"line":459,"column":9}},{"start":{},"end":{}}],"line":456},"26":{"loc":{"start":{"line":456,"column":12},"end":{"line":456,"column":90}},"type":"binary-expr","locations":[{"start":{"line":456,"column":12},"end":{"line":456,"column":50}},{"start":{"line":456,"column":54},"end":{"line":456,"column":90}}],"line":456},"27":{"loc":{"start":{"line":468,"column":4},"end":{"line":468,"column":92}},"type":"if","locations":[{"start":{"line":468,"column":4},"end":{"line":468,"column":92}},{"start":{},"end":{}}],"line":468},"28":{"loc":{"start":{"line":468,"column":8},"end":{"line":468,"column":83}},"type":"binary-expr","locations":[{"start":{"line":468,"column":8},"end":{"line":468,"column":17}},{"start":{"line":468,"column":21},"end":{"line":468,"column":36}},{"start":{"line":468,"column":40},"end":{"line":468,"column":55}},{"start":{"line":468,"column":59},"end":{"line":468,"column":83}}],"line":468},"29":{"loc":{"start":{"line":474,"column":4},"end":{"line":476,"column":5}},"type":"if","locations":[{"start":{"line":474,"column":4},"end":{"line":476,"column":5}},{"start":{},"end":{}}],"line":474},"30":{"loc":{"start":{"line":478,"column":20},"end":{"line":478,"column":60}},"type":"binary-expr","locations":[{"start":{"line":478,"column":20},"end":{"line":478,"column":35}},{"start":{"line":478,"column":39},"end":{"line":478,"column":60}}],"line":478},"31":{"loc":{"start":{"line":501,"column":18},"end":{"line":501,"column":42}},"type":"binary-expr","locations":[{"start":{"line":501,"column":18},"end":{"line":501,"column":36}},{"start":{"line":501,"column":40},"end":{"line":501,"column":42}}],"line":501},"32":{"loc":{"start":{"line":507,"column":4},"end":{"line":507,"column":107}},"type":"if","locations":[{"start":{"line":507,"column":4},"end":{"line":507,"column":107}},{"start":{},"end":{}}],"line":507},"33":{"loc":{"start":{"line":507,"column":8},"end":{"line":507,"column":98}},"type":"binary-expr","locations":[{"start":{"line":507,"column":8},"end":{"line":507,"column":32}},{"start":{"line":507,"column":36},"end":{"line":507,"column":51}},{"start":{"line":507,"column":55},"end":{"line":507,"column":70}},{"start":{"line":507,"column":74},"end":{"line":507,"column":98}}],"line":507},"34":{"loc":{"start":{"line":512,"column":4},"end":{"line":512,"column":29}},"type":"if","locations":[{"start":{"line":512,"column":4},"end":{"line":512,"column":29}},{"start":{},"end":{}}],"line":512},"35":{"loc":{"start":{"line":514,"column":20},"end":{"line":514,"column":60}},"type":"binary-expr","locations":[{"start":{"line":514,"column":20},"end":{"line":514,"column":35}},{"start":{"line":514,"column":39},"end":{"line":514,"column":60}}],"line":514},"36":{"loc":{"start":{"line":537,"column":18},"end":{"line":537,"column":42}},"type":"binary-expr","locations":[{"start":{"line":537,"column":18},"end":{"line":537,"column":36}},{"start":{"line":537,"column":40},"end":{"line":537,"column":42}}],"line":537},"37":{"loc":{"start":{"line":550,"column":18},"end":{"line":550,"column":63}},"type":"cond-expr","locations":[{"start":{"line":550,"column":42},"end":{"line":550,"column":51}},{"start":{"line":550,"column":54},"end":{"line":550,"column":63}}],"line":550},"38":{"loc":{"start":{"line":551,"column":32},"end":{"line":551,"column":63}},"type":"cond-expr","locations":[{"start":{"line":551,"column":56},"end":{"line":551,"column":59}},{"start":{"line":551,"column":62},"end":{"line":551,"column":63}}],"line":551},"39":{"loc":{"start":{"line":559,"column":11},"end":{"line":783,"column":11}},"type":"cond-expr","locations":[{"start":{"line":560,"column":12},"end":{"line":571,"column":19}},{"start":{"line":573,"column":12},"end":{"line":782,"column":15}}],"line":559},"40":{"loc":{"start":{"line":574,"column":15},"end":{"line":576,"column":22}},"type":"cond-expr","locations":[{"start":{"line":575,"column":16},"end":{"line":575,"column":77}},{"start":{"line":576,"column":18},"end":{"line":576,"column":22}}],"line":574},"41":{"loc":{"start":{"line":606,"column":24},"end":{"line":606,"column":84}},"type":"binary-expr","locations":[{"start":{"line":606,"column":24},"end":{"line":606,"column":54}},{"start":{"line":606,"column":58},"end":{"line":606,"column":84}}],"line":606},"42":{"loc":{"start":{"line":611,"column":26},"end":{"line":611,"column":95}},"type":"cond-expr","locations":[{"start":{"line":611,"column":59},"end":{"line":611,"column":76}},{"start":{"line":611,"column":79},"end":{"line":611,"column":95}}],"line":611},"43":{"loc":{"start":{"line":615,"column":26},"end":{"line":617,"column":49}},"type":"cond-expr","locations":[{"start":{"line":616,"column":30},"end":{"line":616,"column":49}},{"start":{"line":617,"column":30},"end":{"line":617,"column":49}}],"line":615},"44":{"loc":{"start":{"line":659,"column":17},"end":{"line":696,"column":17}},"type":"cond-expr","locations":[{"start":{"line":660,"column":18},"end":{"line":664,"column":20}},{"start":{"line":666,"column":18},"end":{"line":695,"column":25}}],"line":659},"45":{"loc":{"start":{"line":675,"column":26},"end":{"line":675,"column":85}},"type":"binary-expr","locations":[{"start":{"line":675,"column":26},"end":{"line":675,"column":55}},{"start":{"line":675,"column":59},"end":{"line":675,"column":85}}],"line":675},"46":{"loc":{"start":{"line":680,"column":28},"end":{"line":680,"column":96}},"type":"cond-expr","locations":[{"start":{"line":680,"column":60},"end":{"line":680,"column":77}},{"start":{"line":680,"column":80},"end":{"line":680,"column":96}}],"line":680},"47":{"loc":{"start":{"line":684,"column":28},"end":{"line":686,"column":51}},"type":"cond-expr","locations":[{"start":{"line":685,"column":32},"end":{"line":685,"column":51}},{"start":{"line":686,"column":32},"end":{"line":686,"column":51}}],"line":684},"48":{"loc":{"start":{"line":724,"column":17},"end":{"line":728,"column":24}},"type":"cond-expr","locations":[{"start":{"line":725,"column":18},"end":{"line":727,"column":25}},{"start":{"line":728,"column":20},"end":{"line":728,"column":24}}],"line":724},"49":{"loc":{"start":{"line":729,"column":17},"end":{"line":749,"column":24}},"type":"cond-expr","locations":[{"start":{"line":730,"column":18},"end":{"line":748,"column":25}},{"start":{"line":749,"column":20},"end":{"line":749,"column":24}}],"line":729},"50":{"loc":{"start":{"line":762,"column":22},"end":{"line":762,"column":62}},"type":"binary-expr","locations":[{"start":{"line":762,"column":22},"end"
[...]
":114,"column":30}},"26":{"start":{"line":116,"column":35},"end":{"line":117,"column":69}},"27":{"start":{"line":117,"column":2},"end":{"line":117,"column":69}},"28":{"start":{"line":117,"column":46},"end":{"line":117,"column":68}},"29":{"start":{"line":119,"column":37},"end":{"line":120,"column":99}},"30":{"start":{"line":120,"column":2},"end":{"line":120,"column":99}},"31":{"start":{"line":120,"column":46},"end":{"line":120,"column":98}},"32":{"start":{"line":122,"column":33},"end":{"line":123,"column":67}},"33":{"start":{"line":123,"column":2},"end":{"line":123,"column":67}},"34":{"start":{"line":123,"column":46},"end":{"line":123,"column":66}},"35":{"start":{"line":125,"column":34},"end":{"line":128,"column":3}},"36":{"start":{"line":126,"column":2},"end":{"line":128,"column":3}},"37":{"start":{"line":127,"column":11},"end":{"line":127,"column":63}}},"fnMap":{"0":{"name":"(anonymous_0)","decl":{"start":{"line":56,"column":4},"end":{"line":56,"column":5}},"loc":{"start":{"line":56,"column":63},"end":{"line":58,"column":5}},"line":56},"1":{"name":"(anonymous_1)","decl":{"start":{"line":59,"column":4},"end":{"line":59,"column":5}},"loc":{"start":{"line":59,"column":60},"end":{"line":61,"column":5}},"line":59},"2":{"name":"(anonymous_2)","decl":{"start":{"line":62,"column":4},"end":{"line":62,"column":5}},"loc":{"start":{"line":65,"column":6},"end":{"line":71,"column":5}},"line":65},"3":{"name":"(anonymous_3)","decl":{"start":{"line":66,"column":38},"end":{"line":66,"column":39}},"loc":{"start":{"line":66,"column":45},"end":{"line":66,"column":76}},"line":66},"4":{"name":"(anonymous_4)","decl":{"start":{"line":72,"column":4},"end":{"line":72,"column":5}},"loc":{"start":{"line":72,"column":54},"end":{"line":74,"column":5}},"line":72},"5":{"name":"(anonymous_5)","decl":{"start":{"line":73,"column":41},"end":{"line":73,"column":42}},"loc":{"start":{"line":73,"column":48},"end":{"line":73,"column":71}},"line":73},"6":{"name":"(anonymous_6)","decl":{"start":{"line":75,"column":4},"end":{"line":75,"column":5}},"loc":{"start":{"line":75,"column":60},"end":{"line":77,"column":5}},"line":75},"7":{"name":"(anonymous_7)","decl":{"start":{"line":78,"column":4},"end":{"line":78,"column":5}},"loc":{"start":{"line":78,"column":54},"end":{"line":80,"column":5}},"line":78},"8":{"name":"(anonymous_8)","decl":{"start":{"line":81,"column":4},"end":{"line":81,"column":5}},"loc":{"start":{"line":81,"column":58},"end":{"line":83,"column":5}},"line":81},"9":{"name":"(anonymous_9)","decl":{"start":{"line":84,"column":4},"end":{"line":84,"column":5}},"loc":{"start":{"line":84,"column":23},"end":{"line":87,"column":5}},"line":84},"10":{"name":"(anonymous_10)","decl":{"start":{"line":104,"column":38},"end":{"line":104,"column":39}},"loc":{"start":{"line":105,"column":2},"end":{"line":105,"column":31}},"line":105},"11":{"name":"(anonymous_11)","decl":{"start":{"line":107,"column":37},"end":{"line":107,"column":38}},"loc":{"start":{"line":108,"column":2},"end":{"line":108,"column":30}},"line":108},"12":{"name":"(anonymous_12)","decl":{"start":{"line":110,"column":39},"end":{"line":110,"column":40}},"loc":{"start":{"line":111,"column":2},"end":{"line":111,"column":32}},"line":111},"13":{"name":"(anonymous_13)","decl":{"start":{"line":113,"column":37},"end":{"line":113,"column":38}},"loc":{"start":{"line":114,"column":2},"end":{"line":114,"column":30}},"line":114},"14":{"name":"(anonymous_14)","decl":{"start":{"line":116,"column":35},"end":{"line":116,"column":36}},"loc":{"start":{"line":117,"column":2},"end":{"line":117,"column":69}},"line":117},"15":{"name":"(anonymous_15)","decl":{"start":{"line":117,"column":39},"end":{"line":117,"column":40}},"loc":{"start":{"line":117,"column":46},"end":{"line":117,"column":68}},"line":117},"16":{"name":"(anonymous_16)","decl":{"start":{"line":119,"column":37},"end":{"line":119,"column":38}},"loc":{"start":{"line":120,"column":2},"end":{"line":120,"column":99}},"line":120},"17":{"name":"(anonymous_17)","decl":{"start":{"line":120,"column":39},"end":{"line":120,"column":40}},"loc":{"start":{"line":120,"column":46},"end":{"line":120,"column":98}},"line":120},"18":{"name":"(anonymous_18)","decl":{"start":{"line":122,"column":33},"end":{"line":122,"column":34}},"loc":{"start":{"line":123,"column":2},"end":{"line":123,"column":67}},"line":123},"19":{"name":"(anonymous_19)","decl":{"start":{"line":123,"column":39},"end":{"line":123,"column":40}},"loc":{"start":{"line":123,"column":46},"end":{"line":123,"column":66}},"line":123},"20":{"name":"(anonymous_20)","decl":{"start":{"line":125,"column":34},"end":{"line":125,"column":35}},"loc":{"start":{"line":126,"column":2},"end":{"line":128,"column":3}},"line":126},"21":{"name":"(anonymous_21)","decl":{"start":{"line":127,"column":4},"end":{"line":127,"column":5}},"loc":{"start":{"line":127,"column":11},"end":{"line":127,"column":63}},"line":127}},"branchMap":{"0":{"loc":{"start":{"line":67,"column":6},"end":{"line":70,"column":7}},"type":"if","locations":[{"start":{"line":67,"column":6},"end":{"line":70,"column":7}},{"start":{},"end":{}}],"line":67},"1":{"loc":{"start":{"line":120,"column":46},"end":{"line":120,"column":98}},"type":"binary-expr","locations":[{"start":{"line":120,"column":46},"end":{"line":120,"column":70}},{"start":{"line":120,"column":74},"end":{"line":120,"column":98}}],"line":120},"2":{"loc":{"start":{"line":127,"column":11},"end":{"line":127,"column":63}},"type":"binary-expr","locations":[{"start":{"line":127,"column":11},"end":{"line":127,"column":35}},{"start":{"line":127,"column":39},"end":{"line":127,"column":63}}],"line":127}},"s":{"0":1,"1":1,"2":7,"3":2,"4":2,"5":2,"6":2,"7":1,"8":1,"9":2,"10":3,"11":1,"12":1,"13":3,"14":1,"15":1,"16":1,"17":1,"18":1,"19":1,"20":1,"21":1,"22":1,"23":1,"24":1,"25":1,"26":1,"27":2,"28":4,"29":1,"30":2,"31":4,"32":1,"33":1,"34":1,"35":1,"36":1,"37":4},"f":{"0":7,"1":2,"2":2,"3":2,"4":2,"5":3,"6":1,"7":1,"8":3,"9":1,"10":1,"11":1,"12":1,"13":1,"14":2,"15":4,"16":2,"17":4,"18":1,"19":1,"20":1,"21":4},"b":{"0":[1,1],"1":[4,2],"2":[4,3]},"_coverageSchema":"1a1c01bbd47fc00a2c39e90264f33305004495a9","hash":"a04e15592453b888c3318c4c8d3025716a8e51df"}
,"/home/jsdawg/Documentos/pede/Pede-J-mobile/src/types/index.ts": {"path":"/home/jsdawg/Documentos/pede/Pede-J-mobile/src/types/index.ts","statementMap":{},"fnMap":{},"branchMap":{},"s":{},"f":{},"b":{}}
,"/home/jsdawg/Documentos/pede/Pede-J-mobile/src/utils/shadow.ts": {"path":"/home/jsdawg/Documentos/pede/Pede-J-mobile/src/utils/shadow.ts","statementMap":{"0":{"start":{"line":4,"column":2},"end":{"line":20,"column":3}},"1":{"start":{"line":5,"column":16},"end":{"line":5,"column":30}},"2":{"start":{"line":7,"column":6},"end":{"line":12,"column":13}},"3":{"start":{"line":10,"column":27},"end":{"line":10,"column":38}},"4":{"start":{"line":14,"column":4},"end":{"line":19,"column":5}},"5":{"start":{"line":15,"column":18},"end":{"line":15,"column":54}},"6":{"start":{"line":16,"column":20},"end":{"line":16,"column":56}},"7":{"start":{"line":17,"column":19},"end":{"line":17,"column":55}},"8":{"start":{"line":18,"column":6},"end":{"line":18,"column":59}},"9":{"start":{"line":22,"column":2},"end":{"line":22,"column":15}},"10":{"start":{"line":40,"column":2},"end":{"line":44,"column":3}},"11":{"start":{"line":41,"column":4},"end":{"line":43,"column":6}},"12":{"start":{"line":46,"column":2},"end":{"line":52,"column":4}},"13":{"start":{"line":55,"column":29},"end":{"line":59,"column":1}}},"fnMap":{"0":{"name":"withAlpha","decl":{"start":{"line":3,"column":9},"end":{"line":3,"column":18}},"loc":{"start":{"line":3,"column":51},"end":{"line":23,"column":1}},"line":3},"1":{"name":"(anonymous_1)","decl":{"start":{"line":10,"column":17},"end":{"line":10,"column":18}},"loc":{"start":{"line":10,"column":27},"end":{"line":10,"column":38}},"line":10},"2":{"name":"shadowStyle","decl":{"start":{"line":25,"column":16},"end":{"line":25,"column":27}},"loc":{"start":{"line":39,"column":19},"end":{"line":53,"column":1}},"line":39}},"branchMap":{"0":{"loc":{"start":{"line":4,"column":2},"end":{"line":20,"column":3}},"type":"if","locations":[{"start":{"line":4,"column":2},"end":{"line":20,"column":3}},{"start":{},"end":{}}],"line":4},"1":{"loc":{"start":{"line":7,"column":6},"end":{"line":12,"column":13}},"type":"cond-expr","locations":[{"start":{"line":8,"column":10},"end":{"line":11,"column":21}},{"start":{"line":12,"column":10},"end":{"line":12,"column":13}}],"line":7},"2":{"loc":{"start":{"line":14,"column":4},"end":{"line":19,"column":5}},"type":"if","locations":[{"start":{"line":14,"column":4},"end":{"line":19,"column":5}},{"start":{},"end":{}}],"line":14},"3":{"loc":{"start":{"line":25,"column":28},"end":{"line":39,"column":6}},"type":"default-arg","locations":[{"start":{"line":39,"column":4},"end":{"line":39,"column":6}}],"line":25},"4":{"loc":{"start":{"line":26,"column":2},"end":{"line":26,"column":16}},"type":"default-arg","locations":[{"start":{"line":26,"column":10},"end":{"line":26,"column":16}}],"line":26},"5":{"loc":{"start":{"line":27,"column":2},"end":{"line":27,"column":13}},"type":"default-arg","locations":[{"start":{"line":27,"column":12},"end":{"line":27,"column":13}}],"line":27},"6":{"loc":{"start":{"line":28,"column":2},"end":{"line":28,"column":13}},"type":"default-arg","locations":[{"start":{"line":28,"column":12},"end":{"line":28,"column":13}}],"line":28},"7":{"loc":{"start":{"line":29,"column":2},"end":{"line":29,"column":10}},"type":"default-arg","locations":[{"start":{"line":29,"column":9},"end":{"line":29,"column":10}}],"line":29},"8":{"loc":{"start":{"line":30,"column":2},"end":{"line":30,"column":15}},"type":"default-arg","locations":[{"start":{"line":30,"column":12},"end":{"line":30,"column":15}}],"line":30},"9":{"loc":{"start":{"line":31,"column":2},"end":{"line":31,"column":15}},"type":"default-arg","locations":[{"start":{"line":31,"column":14},"end":{"line":31,"column":15}}],"line":31},"10":{"loc":{"start":{"line":40,"column":2},"end":{"line":44,"column":3}},"type":"if","locations":[{"start":{"line":40,"column":2},"end":{"line":44,"column":3}},{"start":{},"end":{}}],"line":40}},"s":{"0":0,"1":0,"2":0,"3":0,"4":0,"5":0,"6":0,"7":0,"8":0,"9":0,"10":0,"11":0,"12":0,"13":0},"f":{"0":0,"1":0,"2":0},"b":{"0":[0,0],"1":[0,0],"2":[0,0],"3":[0],"4":[0],"5":[0],"6":[0],"7":[0],"8":[0],"9":[0],"10":[0,0]}}
,"/home/jsdawg/Documentos/pede/Pede-J-mobile/src/utils/sounds.ts": {"path":"/home/jsdawg/Documentos/pede/Pede-J-mobile/src/utils/sounds.ts","statementMap":{"0":{"start":{"line":3,"column":39},"end":{"line":3,"column":43}},"1":{"start":{"line":4,"column":44},"end":{"line":4,"column":48}},"2":{"start":{"line":5,"column":38},"end":{"line":5,"column":42}},"3":{"start":{"line":8,"column":2},"end":{"line":16,"column":3}},"4":{"start":{"line":9,"column":22},"end":{"line":12,"column":5}},"5":{"start":{"line":13,"column":4},"end":{"line":13,"column":17}},"6":{"start":{"line":15,"column":4},"end":{"line":15,"column":16}},"7":{"start":{"line":20,"column":2},"end":{"line":27,"column":3}},"8":{"start":{"line":21,"column":4},"end":{"line":24,"column":7}},"9":{"start":{"line":31,"column":2},"end":{"line":42,"column":3}},"10":{"start":{"line":32,"column":4},"end":{"line":35,"column":5}},"11":{"start":{"line":34,"column":6},"end":{"line":34,"column":106}},"12":{"start":{"line":36,"column":4},"end":{"line":39,"column":5}},"13":{"start":{"line":37,"column":6},"end":{"line":37,"column":45}},"14":{"start":{"line":38,"column":6},"end":{"line":38,"column":37}},"15":{"start":{"line":46,"column":2},"end":{"line":57,"column":3}},"16":{"start":{"line":47,"column":4},"end":{"line":50,"column":5}},"17":{"start":{"line":49,"column":6},"end":{"line":49,"column":111}},"18":{"start":{"line":51,"column":4},"end":{"line":54,"column":5}},"19":{"start":{"line":52,"column":6},"end":{"line":52,"column":50}},"20":{"start":{"line":53,"column":6},"end":{"line":53,"column":42}},"21":{"start":{"line":61,"column":2},"end":{"line":72,"column":3}},"22":{"start":{"line":62,"column":4},"end":{"line":65,"column":5}},"23":{"start":{"line":64,"column":6},"end":{"line":64,"column":105}},"24":{"start":{"line":66,"column":4},"end":{"line":69,"column":5}},"25":{"start":{"line":67,"column":6},"end":{"line":67,"column":44}},"26":{"start":{"line":68,"column":6},"end":{"line":68,"column":36}},"27":{"start":{"line":76,"column":2},"end":{"line":91,"column":3}},"28":{"start":{"line":77,"column":4},"end":{"line":80,"column":5}},"29":{"start":{"line":78,"column":6},"end":{"line":78,"column":39}},"30":{"start":{"line":79,"column":6},"end":{"line":79,"column":26}},"31":{"start":{"line":81,"column":4},"end":{"line":84,"column":5}},"32":{"start":{"line":82,"column":6},"end":{"line":82,"column":44}},"33":{"start":{"line":83,"column":6},"end":{"line":83,"column":31}},"34":{"start":{"line":85,"column":4},"end":{"line":88,"column":5}},"35":{"start":{"line":86,"column":6},"end":{"line":86,"column":38}},"36":{"start":{"line":87,"column":6},"end":{"line":87,"column":25}}},"fnMap":{"0":{"name":"loadSound","decl":{"start":{"line":7,"column":15},"end":{"line":7,"column":24}},"loc":{"start":{"line":7,"column":67},"end":{"line":17,"column":1}},"line":7},"1":{"name":"initSounds","decl":{"start":{"line":19,"column":22},"end":{"line":19,"column":32}},"loc":{"start":{"line":19,"column":35},"end":{"line":28,"column":1}},"line":19},"2":{"name":"playPaymentSuccess","decl":{"start":{"line":30,"column":22},"end":{"line":30,"column":40}},"loc":{"start":{"line":30,"column":43},"end":{"line":43,"column":1}},"line":30},"3":{"name":"playNewOrder","decl":{"start":{"line":45,"column":22},"end":{"line":45,"column":34}},"loc":{"start":{"line":45,"column":37},"end":{"line":58,"column":1}},"line":45},"4":{"name":"playStatusChange","decl":{"start":{"line":60,"column":22},"end":{"line":60,"column":38}},"loc":{"start":{"line":60,"column":41},"end":{"line":73,"column":1}},"line":60},"5":{"name":"unloadSounds","decl":{"start":{"line":75,"column":22},"end":{"line":75,"column":34}},"loc":{"start":{"line":75,"column":37},"end":{"line":92,"column":1}},"line":75}},"branchMap":{"0":{"loc":{"start":{"line":32,"column":4},"end":{"line":35,"column":5}},"type":"if","locations":[{"start":{"line":32,"column":4},"end":{"line":35,"column":5}},{"start":{},"end":{}}],"line":32},"1":{"loc":{"start":{"line":36,"column":4},"end":{"line":39,"column":5}},"type":"if","locations":[{"start":{"line":36,"column":4},"end":{"line":39,"column":5}},{"start":{},"end":{}}],"line":36},"2":{"loc":{"start":{"line":47,"column":4},"end":{"line":50,"column":5}},"type":"if","locations":[{"start":{"line":47,"column":4},"end":{"line":50,"column":5}},{"start":{},"end":{}}],"line":47},"3":{"loc":{"start":{"line":51,"column":4},"end":{"line":54,"column":5}},"type":"if","locations":[{"start":{"line":51,"column":4},"end":{"line":54,"column":5}},{"start":{},"end":{}}],"line":51},"4":{"loc":{"start":{"line":62,"column":4},"end":{"line":65,"column":5}},"type":"if","locations":[{"start":{"line":62,"column":4},"end":{"line":65,"column":5}},{"start":{},"end":{}}],"line":62},"5":{"loc":{"start":{"line":66,"column":4},"end":{"line":69,"column":5}},"type":"if","locations":[{"start":{"line":66,"column":4},"end":{"line":69,"column":5}},{"start":{},"end":{}}],"line":66},"6":{"loc":{"start":{"line":77,"column":4},"end":{"line":80,"column":5}},"type":"if","locations":[{"start":{"line":77,"column":4},"end":{"line":80,"column":5}},{"start":{},"end":{}}],"line":77},"7":{"loc":{"start":{"line":81,"column":4},"end":{"line":84,"column":5}},"type":"if","locations":[{"start":{"line":81,"column":4},"end":{"line":84,"column":5}},{"start":{},"end":{}}],"line":81},"8":{"loc":{"start":{"line":85,"column":4},"end":{"line":88,"column":5}},"type":"if","locations":[{"start":{"line":85,"column":4},"end":{"line":88,"column":5}},{"start":{},"end":{}}],"line":85}},"s":{"0":0,"1":0,"2":0,"3":0,"4":0,"5":0,"6":0,"7":0,"8":0,"9":0,"10":0,"11":0,"12":0,"13":0,"14":0,"15":0,"16":0,"17":0,"18":0,"19":0,"20":0,"21":0,"22":0,"23":0,"24":0,"25":0,"26":0,"27":0,"28":0,"29":0,"30":0,"31":0,"32":0,"33":0,"34":0,"35":0,"36":0},"f":{"0":0,"1":0,"2":0,"3":0,"4":0,"5":0},"b":{"0":[0,0],"1":[0,0],"2":[0,0],"3":[0,0],"4":[0,0],"5":[0,0],"6":[0,0],"7":[0,0],"8":[0,0]}}
,"/home/jsdawg/Documentos/pede/Pede-J-mobile/src/utils/storage.ts": {"path":"/home/jsdawg/Documentos/pede/Pede-J-mobile/src/utils/storage.ts","statementMap":{"0":{"start":{"line":3,"column":30},"end":{"line":3,"column":34}},"1":{"start":{"line":6,"column":2},"end":{"line":6,"column":45}},"2":{"start":{"line":6,"column":32},"end":{"line":6,"column":45}},"3":{"start":{"line":7,"column":2},"end":{"line":15,"column":3}},"4":{"start":{"line":9,"column":4},"end":{"line":9,"column":33}},"5":{"start":{"line":10,"column":4},"end":{"line":10,"column":16}},"6":{"start":{"line":12,"column":4},"end":{"line":12,"column":84}},"7":{"start":{"line":13,"column":4},"end":{"line":13,"column":36}},"8":{"start":{"line":14,"column":4},"end":{"line":14,"column":17}},"9":{"start":{"line":18,"column":46},"end":{"line":18,"column":48}},"10":{"start":{"line":21,"column":2},"end":{"line":27,"column":3}},"11":{"start":{"line":22,"column":4},"end":{"line":24,"column":5}},"12":{"start":{"line":23,"column":6},"end":{"line":23,"column":45}},"13":{"start":{"line":28,"column":2},"end":{"line":28,"column":36}},"14":{"start":{"line":32,"column":2},"end":{"line":39,"column":3}},"15":{"start":{"line":33,"column":4},"end":{"line":36,"column":5}},"16":{"start":{"line":34,"column":6},"end":{"line":34,"column":45}},"17":{"start":{"line":35,"column":6},"end":{"line":35,"column":13}},"18":{"start":{"line":40,"column":2},"end":{"line":40,"column":29}},"19":{"start":{"line":44,"column":2},"end":{"line":51,"column":3}},"20":{"start":{"line":45,"column":4},"end":{"line":48,"column":5}},"21":{"start":{"line":46,"column":6},"end":{"line":46,"column":41}},"22":{"start":{"line":47,"column":6},"end":{"line":47,"column":13}},"23":{"start":{"line":52,"column":2},"end":{"line":52,"column":28}}},"fnMap":{"0":{"name":"checkNativeModule","decl":{"start":{"line":5,"column":9},"end":{"line":5,"column":26}},"loc":{"start":{"line":5,"column":29},"end":{"line":16,"column":1}},"line":5},"1":{"name":"safeGetItem","decl":{"start":{"line":20,"column":22},"end":{"line":20,"column":33}},"loc":{"start":{"line":20,"column":71},"end":{"line":29,"column":1}},"line":20},"2":{"name":"safeSetItem","decl":{"start":{"line":31,"column":22},"end":{"line":31,"column":33}},"loc":{"start":{"line":31,"column":77},"end":{"line":41,"column":1}},"line":31},"3":{"name":"safeRemoveItem","decl":{"start":{"line":43,"column":22},"end":{"line":43,"column":36}},"loc":{"start":{"line":43,"column":65},"end":{"line":53,"column":1}},"line":43}},"branchMap":{"0":{"loc":{"start":{"line":6,"column":2},"end":{"line":6,"column":45}},"type":"if","locations":[{"start":{"line":6,"column":2},"end":{"line":6,"column":45}},{"start":{},"end":{}}],"line":6},"1":{"loc":{"start":{"line":22,"column":4},"end":{"line":24,"column":5}},"type":"if","locations":[{"start":{"line":22,"column":4},"end":{"line":24,"column":5}},{"start":{},"end":{}}],"line":22},"2":{"loc":{"start":{"line":28,"column":9},"end":{"line":28,"column":35}},"type":"binary-expr","locations":[{"start":{"line":28,"column":9},"end":{"line":28,"column":27}},{"start":{"line":28,"column":31},"end":{"line":28,"column":35}}],"line":28},"3":{"loc":{"start":{"line":33,"column":4},"end":{"line":36,"column":5}},"type":"if","locations":[{"start":{"line":33,"column":4},"end":{"line":36,"column":5}},{"start":{},"end":{}}],"line":33},"4":{"loc":{"start":{"line":45,"column":4},"end":{"line":48,"column":5}},"type":"if","locations":[{"start":{"line":45,"column":4},"end":{"line":48,"column":5}},{"start":{},"end":{}}],"line":45}},"s":{"0":0,"1":0,"2":0,"3":0,"4":0,"5":0,"6":0,"7":0,"8":0,"9":0,"10":0,"11":0,"12":0,"13":0,"14":0,"15":0,"16":0,"17":0,"18":0,"19":0,"20":0,"21":0,"22":0,"23":0},"f":{"0":0,"1":0,"2":0,"3":0},"b":{"0":[0,0],"1":[0,0],"2":[0,0],"3":[0,0],"4":[0,0]}}
}
