TN:
SF:app/+html.tsx
FN:7,Root
FNF:1
FNH:0
FNDA:0,Root
DA:8,0
DA:30,0
LF:2
LH:0
BRF:0
BRH:0
end_of_record
TN:
SF:app/+not-found.tsx
FN:6,NotFoundScreen
FNF:1
FNH:0
FNDA:0,NotFoundScreen
DA:7,0
DA:21,0
LF:2
LH:0
BRF:0
BRH:0
end_of_record
TN:
SF:app/_layout.tsx
FN:45,RootLayout
FN:55,(anonymous_1)
FN:76,RootLayoutNav
FN:78,(anonymous_3)
FN:82,(anonymous_4)
FN:85,(anonymous_5)
FN:104,(anonymous_6)
FN:111,(anonymous_7)
FN:129,RootLayoutNavContent
FN:132,(anonymous_9)
FN:133,(anonymous_10)
FN:136,(anonymous_11)
FN:154,(anonymous_12)
FN:157,(anonymous_13)
FNF:14
FNH:0
FNDA:0,RootLayout
FNDA:0,(anonymous_1)
FNDA:0,RootLayoutNav
FNDA:0,(anonymous_3)
FNDA:0,(anonymous_4)
FNDA:0,(anonymous_5)
FNDA:0,(anonymous_6)
FNDA:0,(anonymous_7)
FNDA:0,RootLayoutNavContent
FNDA:0,(anonymous_9)
FNDA:0,(anonymous_10)
FNDA:0,(anonymous_11)
FNDA:0,(anonymous_12)
FNDA:0,(anonymous_13)
DA:17,0
DA:18,0
DA:36,0
DA:38,0
DA:46,0
DA:55,0
DA:56,0
DA:59,0
DA:60,0
DA:63,0
DA:77,0
DA:78,0
DA:79,0
DA:80,0
DA:82,0
DA:83,0
DA:85,0
DA:87,0
DA:89,0
DA:91,0
DA:93,0
DA:94,0
DA:96,0
DA:99,0
DA:101,0
DA:104,0
DA:105,0
DA:109,0
DA:111,0
DA:112,0
DA:113,0
DA:116,0
DA:130,0
DA:131,0
DA:132,0
DA:133,0
DA:134,0
DA:136,0
DA:137,0
DA:138,0
DA:139,0
DA:143,0
DA:144,0
DA:145,0
DA:146,0
DA:148,0
DA:150,0
DA:154,0
DA:155,0
DA:157,0
DA:158,0
DA:159,0
DA:172,0
DA:175,0
LF:54
LH:0
BRDA:17,0,0,0
BRDA:17,0,1,0
BRDA:56,1,0,0
BRDA:56,1,1,0
BRDA:59,2,0,0
BRDA:59,2,1,0
BRDA:91,3,0,0
BRDA:91,3,1,0
BRDA:93,4,0,0
BRDA:93,4,1,0
BRDA:109,5,0,0
BRDA:109,5,1,0
BRDA:118,6,0,0
BRDA:118,6,1,0
BRDA:124,7,0,0
BRDA:124,7,1,0
BRDA:137,8,0,0
BRDA:137,8,1,0
BRDA:143,9,0,0
BRDA:143,9,1,0
BRDA:145,10,0,0
BRDA:145,10,1,0
BRDA:155,11,0,0
BRDA:155,11,1,0
BRDA:162,12,0,0
BRDA:162,12,1,0
BRDA:163,13,0,0
BRDA:163,13,1,0
BRDA:164,14,0,0
BRDA:164,14,1,0
BRDA:165,15,0,0
BRDA:165,15,1,0
BRDA:176,16,0,0
BRDA:176,16,1,0
BRDA:178,17,0,0
BRDA:178,17,1,0
BRF:36
BRH:0
end_of_record
TN:
SF:app/avaliacao-entregador.tsx
FN:25,DriverRatingScreen
FN:33,(anonymous_1)
FN:40,(anonymous_2)
FN:185,toggleTag
FN:186,(anonymous_4)
FN:187,(anonymous_5)
FN:191,handleSubmit
FN:209,handleSuccessNext
FN:220,(anonymous_8)
FN:237,(anonymous_9)
FN:258,(anonymous_10)
FN:262,(anonymous_11)
FN:295,(anonymous_12)
FN:302,(anonymous_13)
FNF:14
FNH:0
FNDA:0,DriverRatingScreen
FNDA:0,(anonymous_1)
FNDA:0,(anonymous_2)
FNDA:0,toggleTag
FNDA:0,(anonymous_4)
FNDA:0,(anonymous_5)
FNDA:0,handleSubmit
FNDA:0,handleSuccessNext
FNDA:0,(anonymous_8)
FNDA:0,(anonymous_9)
FNDA:0,(anonymous_10)
FNDA:0,(anonymous_11)
FNDA:0,(anonymous_12)
FNDA:0,(anonymous_13)
DA:22,0
DA:23,0
DA:26,0
DA:27,0
DA:28,0
DA:29,0
DA:30,0
DA:31,0
DA:32,0
DA:33,0
DA:35,0
DA:36,0
DA:37,0
DA:38,0
DA:40,0
DA:186,0
DA:187,0
DA:192,0
DA:194,0
DA:206,0
DA:210,0
DA:211,0
DA:213,0
DA:217,0
DA:218,0
DA:220,0
DA:235,0
DA:237,0
DA:259,0
DA:262,0
DA:296,0
DA:302,0
LF:32
LH:0
BRDA:28,0,0,0
BRDA:28,0,1,0
BRDA:187,1,0,0
BRDA:187,1,1,0
BRDA:192,2,0,0
BRDA:192,2,1,0
BRDA:197,3,0,0
BRDA:197,3,1,0
BRDA:210,4,0,0
BRDA:210,4,1,0
BRDA:217,5,0,0
BRDA:217,5,1,0
BRDA:229,6,0,0
BRDA:229,6,1,0
BRDA:247,7,0,0
BRDA:247,7,1,0
BRDA:248,8,0,0
BRDA:248,8,1,0
BRDA:265,9,0,0
BRDA:265,9,1,0
BRDA:267,10,0,0
BRDA:267,10,1,0
BRDA:272,11,0,0
BRDA:272,11,1,0
BRDA:300,12,0,0
BRDA:300,12,1,0
BRDA:307,13,0,0
BRDA:307,13,1,0
BRF:28
BRH:0
end_of_record
TN:
SF:app/avaliacao.tsx
FN:25,RatingScreen
FN:33,(anonymous_1)
FN:40,(anonymous_2)
FN:161,toggleTag
FN:162,(anonymous_4)
FN:163,(anonymous_5)
FN:167,handleSubmit
FN:188,(anonymous_7)
FN:197,(anonymous_8)
FN:205,(anonymous_9)
FN:212,(anonymous_10)
FN:220,(anonymous_11)
FN:224,(anonymous_12)
FN:257,(anonymous_13)
FN:264,(anonymous_14)
FNF:15
FNH:0
FNDA:0,RatingScreen
FNDA:0,(anonymous_1)
FNDA:0,(anonymous_2)
FNDA:0,toggleTag
FNDA:0,(anonymous_4)
FNDA:0,(anonymous_5)
FNDA:0,handleSubmit
FNDA:0,(anonymous_7)
FNDA:0,(anonymous_8)
FNDA:0,(anonymous_9)
FNDA:0,(anonymous_10)
FNDA:0,(anonymous_11)
FNDA:0,(anonymous_12)
FNDA:0,(anonymous_13)
FNDA:0,(anonymous_14)
DA:22,0
DA:23,0
DA:26,0
DA:27,0
DA:28,0
DA:29,0
DA:30,0
DA:31,0
DA:32,0
DA:33,0
DA:35,0
DA:36,0
DA:37,0
DA:38,0
DA:40,0
DA:162,0
DA:163,0
DA:168,0
DA:170,0
DA:182,0
DA:185,0
DA:186,0
DA:188,0
DA:197,0
DA:203,0
DA:205,0
DA:212,0
DA:221,0
DA:224,0
DA:258,0
DA:264,0
LF:31
LH:0
BRDA:28,0,0,0
BRDA:28,0,1,0
BRDA:163,1,0,0
BRDA:163,1,1,0
BRDA:168,2,0,0
BRDA:168,2,1,0
BRDA:185,3,0,0
BRDA:185,3,1,0
BRDA:197,4,0,0
BRDA:197,4,1,0
BRDA:197,5,0,0
BRDA:197,5,1,0
BRDA:205,6,0,0
BRDA:205,6,1,0
BRDA:227,7,0,0
BRDA:227,7,1,0
BRDA:229,8,0,0
BRDA:229,8,1,0
BRDA:234,9,0,0
BRDA:234,9,1,0
BRDA:262,10,0,0
BRDA:262,10,1,0
BRDA:269,11,0,0
BRDA:269,11,1,0
BRF:24
BRH:0
end_of_record
TN:
SF:app/carrinho.tsx
FN:20,CarrinhoScreen
FN:27,(anonymous_1)
FN:96,(anonymous_2)
FN:103,(anonymous_3)
FN:122,(anonymous_4)
FN:133,(anonymous_5)
FN:149,(anonymous_6)
FN:174,(anonymous_7)
FN:202,(anonymous_8)
FNF:9
FNH:0
FNDA:0,CarrinhoScreen
FNDA:0,(anonymous_1)
FNDA:0,(anonymous_2)
FNDA:0,(anonymous_3)
FNDA:0,(anonymous_4)
FNDA:0,(anonymous_5)
FNDA:0,(anonymous_6)
FNDA:0,(anonymous_7)
FNDA:0,(anonymous_8)
DA:21,0
DA:22,0
DA:23,0
DA:24,0
DA:25,0
DA:27,0
DA:78,0
DA:96,0
DA:104,0
DA:122,0
DA:133,0
DA:149,0
DA:174,0
DA:202,0
LF:14
LH:0
BRDA:101,0,0,0
BRDA:101,0,1,0
BRDA:108,1,0,0
BRDA:108,1,1,0
BRDA:201,2,0,0
BRDA:201,2,1,0
BRF:6
BRH:0
end_of_record
TN:
SF:app/chat.tsx
FN:31,formatChatTime
FN:45,ChatScreen
FN:57,(anonymous_2)
FN:69,(anonymous_3)
FN:73,(anonymous_4)
FN:76,(anonymous_5)
FN:79,(anonymous_6)
FN:80,(anonymous_7)
FN:85,handleSend
FN:101,renderMessage
FN:167,(anonymous_10)
FN:173,(anonymous_11)
FN:194,(anonymous_12)
FN:198,(anonymous_13)
FN:210,(anonymous_14)
FN:231,(anonymous_15)
FN:238,(anonymous_16)
FNF:17
FNH:0
FNDA:0,formatChatTime
FNDA:0,ChatScreen
FNDA:0,(anonymous_2)
FNDA:0,(anonymous_3)
FNDA:0,(anonymous_4)
FNDA:0,(anonymous_5)
FNDA:0,(anonymous_6)
FNDA:0,(anonymous_7)
FNDA:0,handleSend
FNDA:0,renderMessage
FNDA:0,(anonymous_10)
FNDA:0,(anonymous_11)
FNDA:0,(anonymous_12)
FNDA:0,(anonymous_13)
FNDA:0,(anonymous_14)
FNDA:0,(anonymous_15)
FNDA:0,(anonymous_16)
DA:23,0
DA:32,0
DA:33,0
DA:34,0
DA:35,0
DA:36,0
DA:37,0
DA:39,0
DA:40,0
DA:41,0
DA:42,0
DA:46,0
DA:47,0
DA:48,0
DA:49,0
DA:50,0
DA:51,0
DA:52,0
DA:53,0
DA:54,0
DA:55,0
DA:57,0
DA:58,0
DA:59,0
DA:60,0
DA:61,0
DA:63,0
DA:65,0
DA:69,0
DA:70,0
DA:73,0
DA:74,0
DA:75,0
DA:76,0
DA:79,0
DA:80,0
DA:81,0
DA:86,0
DA:88,0
DA:89,0
DA:90,0
DA:91,0
DA:92,0
DA:93,0
DA:95,0
DA:97,0
DA:102,0
DA:103,0
DA:105,0
DA:142,0
DA:144,0
DA:167,0
DA:174,0
DA:195,0
DA:198,0
DA:210,0
DA:231,0
DA:238,0
DA:258,0
LF:59
LH:0
BRDA:39,0,0,0
BRDA:39,0,1,0
BRDA:40,1,0,0
BRDA:40,1,1,0
BRDA:41,2,0,0
BRDA:41,2,1,0
BRDA:48,3,0,0
BRDA:48,3,1,0
BRDA:58,4,0,0
BRDA:58,4,1,0
BRDA:61,5,0,0
BRDA:61,5,1,0
BRDA:74,6,0,0
BRDA:74,6,1,0
BRDA:85,7,0,0
BRDA:86,8,0,0
BRDA:86,8,1,0
BRDA:86,9,0,0
BRDA:86,9,1,0
BRDA:109,10,0,0
BRDA:109,10,1,0
BRDA:110,11,0,0
BRDA:110,11,1,0
BRDA:111,12,0,0
BRDA:111,12,1,0
BRDA:111,12,2,0
BRDA:114,13,0,0
BRDA:114,13,1,0
BRDA:114,13,2,0
BRDA:120,14,0,0
BRDA:120,14,1,0
BRDA:121,15,0,0
BRDA:121,15,1,0
BRDA:122,16,0,0
BRDA:122,16,1,0
BRDA:122,16,2,0
BRDA:127,17,0,0
BRDA:127,17,1,0
BRDA:131,18,0,0
BRDA:131,18,1,0
BRDA:132,19,0,0
BRDA:132,19,1,0
BRDA:132,19,2,0
BRDA:142,20,0,0
BRDA:142,20,1,0
BRDA:153,21,0,0
BRDA:153,21,1,0
BRDA:155,22,0,0
BRDA:155,22,1,0
BRDA:157,23,0,0
BRDA:157,23,1,0
BRDA:191,24,0,0
BRDA:191,24,1,0
BRDA:213,25,0,0
BRDA:213,25,1,0
BRDA:218,26,0,0
BRDA:218,26,1,0
BRDA:236,27,0,0
BRDA:236,27,1,0
BRDA:236,27,2,0
BRDA:239,28,0,0
BRDA:239,28,1,0
BRDA:241,29,0,0
BRDA:241,29,1,0
BRF:64
BRH:0
end_of_record
TN:
SF:app/checkout.tsx
FN:55,buildLocalOrder
FN:67,(anonymous_1)
FN:95,CheckoutScreen
FN:111,(anonymous_3)
FN:131,(anonymous_4)
FN:134,(anonymous_5)
FN:135,(anonymous_6)
FN:136,(anonymous_7)
FN:141,(anonymous_8)
FN:144,(anonymous_9)
FN:145,(anonymous_10)
FN:146,(anonymous_11)
FN:154,(anonymous_12)
FN:374,(anonymous_13)
FN:375,(anonymous_14)
FN:377,paymentSubtitle
FN:387,(anonymous_16)
FN:392,(anonymous_17)
FN:410,(anonymous_18)
FN:422,(anonymous_19)
FN:427,(anonymous_20)
FN:467,(anonymous_21)
FN:506,(anonymous_22)
FN:509,(anonymous_23)
FN:546,(anonymous_24)
FN:570,(anonymous_25)
FN:590,(anonymous_26)
FN:598,(anonymous_27)
FN:603,(anonymous_28)
FN:634,(anonymous_29)
FN:652,(anonymous_30)
FN:662,(anonymous_31)
FN:667,(anonymous_32)
FN:672,(anonymous_33)
FN:857,(anonymous_34)
FNF:35
FNH:0
FNDA:0,buildLocalOrder
FNDA:0,(anonymous_1)
FNDA:0,CheckoutScreen
FNDA:0,(anonymous_3)
FNDA:0,(anonymous_4)
FNDA:0,(anonymous_5)
FNDA:0,(anonymous_6)
FNDA:0,(anonymous_7)
FNDA:0,(anonymous_8)
FNDA:0,(anonymous_9)
FNDA:0,(anonymous_10)
FNDA:0,(anonymous_11)
FNDA:0,(anonymous_12)
FNDA:0,(anonymous_13)
FNDA:0,(anonymous_14)
FNDA:0,paymentSubtitle
FNDA:0,(anonymous_16)
FNDA:0,(anonymous_17)
FNDA:0,(anonymous_18)
FNDA:0,(anonymous_19)
FNDA:0,(anonymous_20)
FNDA:0,(anonymous_21)
FNDA:0,(anonymous_22)
FNDA:0,(anonymous_23)
FNDA:0,(anonymous_24)
FNDA:0,(anonymous_25)
FNDA:0,(anonymous_26)
FNDA:0,(anonymous_27)
FNDA:0,(anonymous_28)
FNDA:0,(anonymous_29)
FNDA:0,(anonymous_30)
FNDA:0,(anonymous_31)
FNDA:0,(anonymous_32)
FNDA:0,(anonymous_33)
FNDA:0,(anonymous_34)
DA:50,0
DA:51,0
DA:53,0
DA:65,0
DA:67,0
DA:96,0
DA:97,0
DA:98,0
DA:99,0
DA:100,0
DA:101,0
DA:102,0
DA:103,0
DA:104,0
DA:106,0
DA:111,0
DA:112,0
DA:113,0
DA:115,0
DA:118,0
DA:119,0
DA:120,0
DA:121,0
DA:122,0
DA:123,0
DA:125,0
DA:126,0
DA:131,0
DA:132,0
DA:134,0
DA:135,0
DA:136,0
DA:137,0
DA:141,0
DA:142,0
DA:144,0
DA:145,0
DA:146,0
DA:147,0
DA:151,0
DA:153,0
DA:155,0
DA:370,0
DA:371,0
DA:372,0
DA:374,0
DA:375,0
DA:378,0
DA:384,0
DA:387,0
DA:388,0
DA:389,0
DA:391,0
DA:392,0
DA:395,0
DA:396,0
DA:397,0
DA:400,0
DA:401,0
DA:402,0
DA:405,0
DA:406,0
DA:407,0
DA:410,0
DA:411,0
DA:412,0
DA:421,0
DA:423,0
DA:425,0
DA:427,0
DA:435,0
DA:436,0
DA:438,0
DA:439,0
DA:443,0
DA:445,0
DA:446,0
DA:448,0
DA:452,0
DA:453,0
DA:456,0
DA:457,0
DA:458,0
DA:461,0
DA:467,0
DA:468,0
DA:470,0
DA:472,0
DA:474,0
DA:475,0
DA:478,0
DA:479,0
DA:481,0
DA:492,0
DA:493,0
DA:495,0
DA:497,0
DA:506,0
DA:507,0
DA:509,0
DA:511,0
DA:512,0
DA:514,0
DA:515,0
DA:517,0
DA:528,0
DA:529,0
DA:531,0
DA:533,0
DA:542,0
DA:544,0
DA:546,0
DA:570,0
DA:590,0
DA:599,0
DA:603,0
DA:635,0
DA:652,0
DA:662,0
DA:668,0
DA:672,0
DA:857,0
LF:122
LH:0
BRDA:112,0,0,0
BRDA:112,0,1,0
BRDA:112,1,0,0
BRDA:112,1,1,0
BRDA:132,2,0,0
BRDA:132,2,1,0
BRDA:134,3,0,0
BRDA:134,3,1,0
BRDA:134,3,2,0
BRDA:136,4,0,0
BRDA:136,4,1,0
BRDA:136,5,0,0
BRDA:136,5,1,0
BRDA:142,6,0,0
BRDA:142,6,1,0
BRDA:144,7,0,0
BRDA:144,7,1,0
BRDA:144,7,2,0
BRDA:146,8,0,0
BRDA:146,8,1,0
BRDA:146,9,0,0
BRDA:146,9,1,0
BRDA:371,10,0,0
BRDA:371,10,1,0
BRDA:384,11,0,0
BRDA:384,11,1,0
BRDA:389,12,0,0
BRDA:389,12,1,0
BRDA:395,13,0,0
BRDA:395,13,1,0
BRDA:400,14,0,0
BRDA:400,14,1,0
BRDA:400,15,0,0
BRDA:400,15,1,0
BRDA:422,16,0,0
BRDA:426,17,0,0
BRDA:426,17,1,0
BRDA:431,18,0,0
BRDA:431,18,1,0
BRDA:432,19,0,0
BRDA:432,19,1,0
BRDA:432,20,0,0
BRDA:432,20,1,0
BRDA:443,21,0,0
BRDA:443,21,1,0
BRDA:443,22,0,0
BRDA:443,22,1,0
BRDA:443,22,2,0
BRDA:448,23,0,0
BRDA:448,23,1,0
BRDA:449,24,0,0
BRDA:449,24,1,0
BRDA:449,24,2,0
BRDA:449,24,3,0
BRDA:456,25,0,0
BRDA:456,25,1,0
BRDA:456,26,0,0
BRDA:456,26,1,0
BRDA:468,27,0,0
BRDA:468,27,1,0
BRDA:468,28,0,0
BRDA:468,28,1,0
BRDA:468,28,2,0
BRDA:468,28,3,0
BRDA:474,29,0,0
BRDA:474,29,1,0
BRDA:478,30,0,0
BRDA:478,30,1,0
BRDA:501,31,0,0
BRDA:501,31,1,0
BRDA:507,32,0,0
BRDA:507,32,1,0
BRDA:507,33,0,0
BRDA:507,33,1,0
BRDA:507,33,2,0
BRDA:507,33,3,0
BRDA:512,34,0,0
BRDA:512,34,1,0
BRDA:514,35,0,0
BRDA:514,35,1,0
BRDA:537,36,0,0
BRDA:537,36,1,0
BRDA:550,37,0,0
BRDA:550,37,1,0
BRDA:551,38,0,0
BRDA:551,38,1,0
BRDA:559,39,0,0
BRDA:559,39,1,0
BRDA:574,40,0,0
BRDA:574,40,1,0
BRDA:606,41,0,0
BRDA:606,41,1,0
BRDA:611,42,0,0
BRDA:611,42,1,0
BRDA:615,43,0,0
BRDA:615,43,1,0
BRDA:659,44,0,0
BRDA:659,44,1,0
BRDA:675,45,0,0
BRDA:675,45,1,0
BRDA:680,46,0,0
BRDA:680,46,1,0
BRDA:684,47,0,0
BRDA:684,47,1,0
BRDA:724,48,0,0
BRDA:724,48,1,0
BRDA:729,49,0,0
BRDA:729,49,1,0
BRDA:762,50,0,0
BRDA:762,50,1,0
BRDA:765,51,0,0
BRDA:765,51,1,0
BRDA:768,52,0,0
BRDA:768,52,1,0
BRDA:786,53,0,0
BRDA:786,53,1,0
BRDA:786,54,0,0
BRDA:786,54,1,0
BRDA:788,55,0,0
BRDA:788,55,1,0
BRDA:798,56,0,0
BRDA:798,56,1,0
BRDA:806,57,0,0
BRDA:806,57,1,0
BRDA:812,58,0,0
BRDA:812,58,1,0
BRDA:822,59,0,0
BRDA:822,59,1,0
BRDA:831,60,0,0
BRDA:831,60,1,0
BRDA:831,60,2,0
BRDA:853,61,0,0
BRDA:853,61,1,0
BRDA:853,61,2,0
BRDA:864,62,0,0
BRDA:864,62,1,0
BRDA:866,63,0,0
BRDA:866,63,1,0
BRDA:866,63,2,0
BRF:139
BRH:0
end_of_record
TN:
SF:app/endereco.tsx
FN:23,AddressScreen
FN:31,(anonymous_1)
FN:39,(anonymous_2)
FN:149,iconForLabel
FN:177,(anonymous_4)
FN:180,(anonymous_5)
FN:183,(anonymous_6)
FNF:7
FNH:0
FNDA:0,AddressScreen
FNDA:0,(anonymous_1)
FNDA:0,(anonymous_2)
FNDA:0,iconForLabel
FNDA:0,(anonymous_4)
FNDA:0,(anonymous_5)
FNDA:0,(anonymous_6)
DA:21,0
DA:24,0
DA:25,0
DA:26,0
DA:31,0
DA:32,0
DA:33,0
DA:35,0
DA:38,0
DA:40,0
DA:150,0
DA:151,0
DA:152,0
DA:155,0
DA:177,0
DA:181,0
DA:183,0
LF:17
LH:0
BRDA:32,0,0,0
BRDA:32,0,1,0
BRDA:32,1,0,0
BRDA:32,1,1,0
BRDA:150,2,0,0
BRDA:150,2,1,0
BRDA:151,3,0,0
BRDA:151,3,1,0
BRDA:162,4,0,0
BRDA:162,4,1,0
BRDA:169,5,0,0
BRDA:169,5,1,0
BRDA:182,6,0,0
BRDA:182,6,1,0
BRDA:191,7,0,0
BRDA:191,7,1,0
BRDA:197,8,0,0
BRDA:197,8,1,0
BRF:18
BRH:0
end_of_record
TN:
SF:app/modal.tsx
FN:7,ModalScreen
FNF:1
FNH:0
FNDA:0,ModalScreen
DA:8,0
DA:20,0
LF:2
LH:0
BRDA:15,0,0,0
BRDA:15,0,1,0
BRF:2
BRH:0
end_of_record
TN:
SF:app/notifications.tsx
FN:26,getNotificationIcon
FN:41,getNotificationColor
FN:56,formatTime
FN:71,NotificationsScreen
FN:78,(anonymous_4)
FN:219,(anonymous_5)
FN:231,(anonymous_6)
FN:242,(anonymous_7)
FN:281,(anonymous_8)
FNF:9
FNH:0
FNDA:0,getNotificationIcon
FNDA:0,getNotificationColor
FNDA:0,formatTime
FNDA:0,NotificationsScreen
FNDA:0,(anonymous_4)
FNDA:0,(anonymous_5)
FNDA:0,(anonymous_6)
FNDA:0,(anonymous_7)
FNDA:0,(anonymous_8)
DA:27,0
DA:29,0
DA:31,0
DA:33,0
DA:35,0
DA:37,0
DA:42,0
DA:44,0
DA:46,0
DA:48,0
DA:50,0
DA:52,0
DA:57,0
DA:58,0
DA:59,0
DA:60,0
DA:61,0
DA:62,0
DA:64,0
DA:65,0
DA:66,0
DA:67,0
DA:68,0
DA:72,0
DA:73,0
DA:74,0
DA:75,0
DA:76,0
DA:78,0
DA:188,0
DA:189,0
DA:207,0
DA:219,0
DA:232,0
DA:233,0
DA:235,0
DA:243,0
DA:244,0
DA:245,0
DA:281,0
LF:40
LH:0
BRDA:27,0,0,0
BRDA:27,0,1,0
BRDA:27,0,2,0
BRDA:27,0,3,0
BRDA:27,0,4,0
BRDA:42,1,0,0
BRDA:42,1,1,0
BRDA:42,1,2,0
BRDA:42,1,3,0
BRDA:42,1,4,0
BRDA:64,2,0,0
BRDA:64,2,1,0
BRDA:65,3,0,0
BRDA:65,3,1,0
BRDA:66,4,0,0
BRDA:66,4,1,0
BRDA:67,5,0,0
BRDA:67,5,1,0
BRDA:188,6,0,0
BRDA:188,6,1,0
BRDA:214,7,0,0
BRDA:214,7,1,0
BRDA:216,8,0,0
BRDA:216,8,1,0
BRDA:240,9,0,0
BRDA:240,9,1,0
BRDA:244,10,0,0
BRDA:244,10,1,0
BRDA:277,11,0,0
BRDA:277,11,1,0
BRF:30
BRH:0
end_of_record
TN:
SF:app/payment-flow.tsx
FN:25,PaymentFlowScreen
FN:33,(anonymous_1)
FN:45,(anonymous_2)
FN:180,(anonymous_3)
FN:182,(anonymous_4)
FN:183,(anonymous_5)
FN:185,(anonymous_6)
FN:189,(anonymous_7)
FN:195,(anonymous_8)
FN:205,(anonymous_9)
FN:214,(anonymous_10)
FN:218,handleConfirm
FN:240,handlePhoneSubmit
FN:258,(anonymous_13)
FN:264,simulatePaymentProcessing
FN:265,(anonymous_15)
FN:272,handlePinConfirm
FN:282,formatTimer
FN:288,renderConfirmStep
FN:321,(anonymous_19)
FN:346,renderPhoneStep
FN:386,(anonymous_21)
FN:413,renderProcessingStep
FN:460,renderAwaitingStep
FN:538,renderSuccessStep
FN:550,(anonymous_25)
FN:556,getMethodDescription
FN:573,(anonymous_27)
FNF:28
FNH:0
FNDA:0,PaymentFlowScreen
FNDA:0,(anonymous_1)
FNDA:0,(anonymous_2)
FNDA:0,(anonymous_3)
FNDA:0,(anonymous_4)
FNDA:0,(anonymous_5)
FNDA:0,(anonymous_6)
FNDA:0,(anonymous_7)
FNDA:0,(anonymous_8)
FNDA:0,(anonymous_9)
FNDA:0,(anonymous_10)
FNDA:0,handleConfirm
FNDA:0,handlePhoneSubmit
FNDA:0,(anonymous_13)
FNDA:0,simulatePaymentProcessing
FNDA:0,(anonymous_15)
FNDA:0,handlePinConfirm
FNDA:0,formatTimer
FNDA:0,renderConfirmStep
FNDA:0,(anonymous_19)
FNDA:0,renderPhoneStep
FNDA:0,(anonymous_21)
FNDA:0,renderProcessingStep
FNDA:0,renderAwaitingStep
FNDA:0,renderSuccessStep
FNDA:0,(anonymous_25)
FNDA:0,getMethodDescription
FNDA:0,(anonymous_27)
DA:26,0
DA:27,0
DA:28,0
DA:29,0
DA:30,0
DA:31,0
DA:32,0
DA:33,0
DA:35,0
DA:36,0
DA:37,0
DA:38,0
DA:39,0
DA:40,0
DA:41,0
DA:42,0
DA:43,0
DA:45,0
DA:180,0
DA:181,0
DA:182,0
DA:183,0
DA:185,0
DA:189,0
DA:190,0
DA:191,0
DA:195,0
DA:196,0
DA:197,0
DA:204,0
DA:205,0
DA:206,0
DA:207,0
DA:214,0
DA:219,0
DA:221,0
DA:222,0
DA:223,0
DA:226,0
DA:233,0
DA:234,0
DA:237,0
DA:238,0
DA:241,0
DA:242,0
DA:243,0
DA:245,0
DA:247,0
DA:249,0
DA:256,0
DA:258,0
DA:259,0
DA:260,0
DA:265,0
DA:266,0
DA:267,0
DA:268,0
DA:273,0
DA:274,0
DA:275,0
DA:277,0
DA:278,0
DA:279,0
DA:283,0
DA:284,0
DA:285,0
DA:289,0
DA:322,0
DA:323,0
DA:347,0
DA:349,0
DA:387,0
DA:388,0
DA:389,0
DA:414,0
DA:415,0
DA:417,0
DA:461,0
DA:463,0
DA:539,0
DA:550,0
DA:557,0
DA:559,0
DA:561,0
DA:563,0
DA:565,0
DA:567,0
DA:571,0
DA:573,0
LF:89
LH:0
BRDA:28,0,0,0
BRDA:28,0,1,0
BRDA:29,1,0,0
BRDA:29,1,1,0
BRDA:181,2,0,0
BRDA:181,2,1,0
BRDA:181,3,0,0
BRDA:181,3,1,0
BRDA:190,4,0,0
BRDA:190,4,1,0
BRDA:196,5,0,0
BRDA:196,5,1,0
BRDA:219,6,0,0
BRDA:219,6,1,0
BRDA:221,7,0,0
BRDA:221,7,1,0
BRDA:221,8,0,0
BRDA:221,8,1,0
BRDA:229,9,0,0
BRDA:229,9,1,0
BRDA:241,10,0,0
BRDA:241,10,1,0
BRDA:247,11,0,0
BRDA:247,11,1,0
BRDA:251,12,0,0
BRDA:251,12,1,0
BRDA:273,13,0,0
BRDA:273,13,1,0
BRDA:293,14,0,0
BRDA:293,14,1,0
BRDA:299,15,0,0
BRDA:299,15,1,0
BRDA:313,16,0,0
BRDA:313,16,1,0
BRDA:313,16,2,0
BRDA:330,17,0,0
BRDA:330,17,1,0
BRDA:335,18,0,0
BRDA:335,18,1,0
BRDA:335,19,0,0
BRDA:335,19,1,0
BRDA:336,20,0,0
BRDA:336,20,1,0
BRDA:336,21,0,0
BRDA:336,21,1,0
BRDA:338,22,0,0
BRDA:338,22,1,0
BRDA:338,22,2,0
BRDA:338,22,3,0
BRDA:353,23,0,0
BRDA:353,23,1,0
BRDA:359,24,0,0
BRDA:359,24,1,0
BRDA:365,25,0,0
BRDA:365,25,1,0
BRDA:367,26,0,0
BRDA:367,26,1,0
BRDA:374,27,0,0
BRDA:374,27,1,0
BRDA:395,28,0,0
BRDA:395,28,1,0
BRDA:398,29,0,0
BRDA:398,29,1,0
BRDA:404,30,0,0
BRDA:404,30,1,0
BRDA:422,31,0,0
BRDA:422,31,1,0
BRDA:424,32,0,0
BRDA:424,32,1,0
BRDA:429,33,0,0
BRDA:429,33,1,0
BRDA:429,33,2,0
BRDA:433,34,0,0
BRDA:433,34,1,0
BRDA:442,35,0,0
BRDA:442,35,1,0
BRDA:450,36,0,0
BRDA:450,36,1,0
BRDA:471,37,0,0
BRDA:471,37,1,0
BRDA:485,38,0,0
BRDA:485,38,1,0
BRDA:494,39,0,0
BRDA:494,39,1,0
BRDA:510,40,0,0
BRDA:510,40,1,0
BRDA:514,41,0,0
BRDA:514,41,1,0
BRDA:519,42,0,0
BRDA:519,42,1,0
BRDA:532,43,0,0
BRDA:532,43,1,0
BRDA:546,44,0,0
BRDA:546,44,1,0
BRDA:557,45,0,0
BRDA:557,45,1,0
BRDA:557,45,2,0
BRDA:557,45,3,0
BRDA:557,45,4,0
BRDA:575,46,0,0
BRDA:575,46,1,0
BRDA:576,47,0,0
BRDA:576,47,1,0
BRDA:577,48,0,0
BRDA:577,48,1,0
BRDA:578,49,0,0
BRDA:578,49,1,0
BRDA:579,50,0,0
BRDA:579,50,1,0
BRF:109
BRH:0
end_of_record
TN:
SF:app/payment-methods.tsx
FN:37,PaymentMethodsScreen
FN:43,(anonymous_1)
FN:134,(anonymous_2)
FN:138,(anonymous_3)
FN:149,(anonymous_4)
FN:188,(anonymous_5)
FN:201,(anonymous_6)
FNF:7
FNH:0
FNDA:0,PaymentMethodsScreen
FNDA:0,(anonymous_1)
FNDA:0,(anonymous_2)
FNDA:0,(anonymous_3)
FNDA:0,(anonymous_4)
FNDA:0,(anonymous_5)
FNDA:0,(anonymous_6)
DA:23,0
DA:30,0
DA:38,0
DA:39,0
DA:40,0
DA:41,0
DA:43,0
DA:134,0
DA:135,0
DA:138,0
DA:139,0
DA:140,0
DA:141,0
DA:143,0
DA:149,0
DA:182,0
DA:188,0
DA:201,0
LF:18
LH:0
BRDA:141,0,0,0
BRDA:141,0,1,0
BRDA:147,1,0,0
BRDA:147,1,1,0
BRDA:152,2,0,0
BRDA:152,2,1,0
BRDA:156,3,0,0
BRDA:156,3,1,0
BRDA:165,4,0,0
BRDA:165,4,1,0
BRDA:171,5,0,0
BRDA:171,5,1,0
BRF:12
BRH:0
end_of_record
TN:
SF:app/produto-modal.tsx
FN:20,ProductModal
FN:45,(anonymous_1)
FN:48,(anonymous_2)
FN:52,(anonymous_3)
FN:184,handlePedeJa
FN:195,handleAddToCart
FN:219,(anonymous_6)
FN:249,(anonymous_7)
FNF:8
FNH:0
FNDA:0,ProductModal
FNDA:0,(anonymous_1)
FNDA:0,(anonymous_2)
FNDA:0,(anonymous_3)
FNDA:0,handlePedeJa
FNDA:0,handleAddToCart
FNDA:0,(anonymous_6)
FNDA:0,(anonymous_7)
DA:21,0
DA:22,0
DA:23,0
DA:25,0
DA:35,0
DA:45,0
DA:46,0
DA:48,0
DA:52,0
DA:185,0
DA:186,0
DA:192,0
DA:196,0
DA:202,0
DA:205,0
DA:219,0
DA:250,0
LF:17
LH:0
BRDA:248,0,0,0
BRDA:248,0,1,0
BRF:2
BRH:0
end_of_record
TN:
SF:app/promocoes.tsx
FN:22,PromotionsScreen
FN:28,(anonymous_1)
FN:129,formatExpiry
FN:140,(anonymous_3)
FN:146,(anonymous_4)
FN:150,(anonymous_5)
FN:172,(anonymous_6)
FNF:7
FNH:0
FNDA:0,PromotionsScreen
FNDA:0,(anonymous_1)
FNDA:0,formatExpiry
FNDA:0,(anonymous_3)
FNDA:0,(anonymous_4)
FNDA:0,(anonymous_5)
FNDA:0,(anonymous_6)
DA:23,0
DA:24,0
DA:25,0
DA:26,0
DA:28,0
DA:130,0
DA:131,0
DA:138,0
DA:140,0
DA:147,0
DA:150,0
DA:173,0
LF:12
LH:0
BRDA:143,0,0,0
BRDA:143,0,1,0
BRDA:169,1,0,0
BRDA:169,1,1,0
BRDA:178,2,0,0
BRDA:178,2,1,0
BRDA:189,3,0,0
BRDA:189,3,1,0
BRDA:189,3,2,0
BRF:9
BRH:0
end_of_record
TN:
SF:app/restaurante.tsx
FN:44,parsePrice
FN:50,formatDeliveryFee
FN:54,RestaurantScreen
FN:69,(anonymous_3)
FN:74,fetchData
FN:96,(anonymous_5)
FN:99,(anonymous_6)
FN:107,(anonymous_7)
FN:116,(anonymous_8)
FN:119,(anonymous_9)
FN:127,(anonymous_10)
FN:139,handleSearch
FN:143,handleAddToCart
FN:154,handleProductPress
FN:170,(anonymous_14)
FN:454,(anonymous_15)
FN:463,(anonymous_16)
FN:478,(anonymous_17)
FN:487,(anonymous_18)
FN:496,(anonymous_19)
FN:581,(anonymous_20)
FN:590,(anonymous_21)
FN:605,(anonymous_22)
FN:628,(anonymous_23)
FN:629,(anonymous_24)
FN:638,(anonymous_25)
FN:656,(anonymous_26)
FN:697,(anonymous_27)
FNF:28
FNH:0
FNDA:0,parsePrice
FNDA:0,formatDeliveryFee
FNDA:0,RestaurantScreen
FNDA:0,(anonymous_3)
FNDA:0,fetchData
FNDA:0,(anonymous_5)
FNDA:0,(anonymous_6)
FNDA:0,(anonymous_7)
FNDA:0,(anonymous_8)
FNDA:0,(anonymous_9)
FNDA:0,(anonymous_10)
FNDA:0,handleSearch
FNDA:0,handleAddToCart
FNDA:0,handleProductPress
FNDA:0,(anonymous_14)
FNDA:0,(anonymous_15)
FNDA:0,(anonymous_16)
FNDA:0,(anonymous_17)
FNDA:0,(anonymous_18)
FNDA:0,(anonymous_19)
FNDA:0,(anonymous_20)
FNDA:0,(anonymous_21)
FNDA:0,(anonymous_22)
FNDA:0,(anonymous_23)
FNDA:0,(anonymous_24)
FNDA:0,(anonymous_25)
FNDA:0,(anonymous_26)
FNDA:0,(anonymous_27)
DA:45,0
DA:46,0
DA:47,0
DA:51,0
DA:55,0
DA:56,0
DA:57,0
DA:58,0
DA:59,0
DA:60,0
DA:61,0
DA:62,0
DA:64,0
DA:65,0
DA:66,0
DA:67,0
DA:69,0
DA:70,0
DA:72,0
DA:75,0
DA:76,0
DA:77,0
DA:78,0
DA:82,0
DA:83,0
DA:84,0
DA:85,0
DA:87,0
DA:88,0
DA:89,0
DA:91,0
DA:95,0
DA:96,0
DA:99,0
DA:100,0
DA:101,0
DA:102,0
DA:103,0
DA:106,0
DA:107,0
DA:108,0
DA:110,0
DA:111,0
DA:113,0
DA:116,0
DA:117,0
DA:118,0
DA:120,0
DA:121,0
DA:122,0
DA:127,0
DA:140,0
DA:144,0
DA:155,0
DA:169,0
DA:171,0
DA:454,0
DA:455,0
DA:457,0
DA:464,0
DA:478,0
DA:479,0
DA:481,0
DA:487,0
DA:497,0
DA:498,0
DA:502,0
DA:581,0
DA:586,0
DA:588,0
DA:589,0
DA:590,0
DA:593,0
DA:595,0
DA:596,0
DA:597,0
DA:601,0
DA:604,0
DA:606,0
DA:607,0
DA:617,0
DA:618,0
DA:628,0
DA:629,0
DA:637,0
DA:639,0
DA:643,0
DA:644,0
DA:651,0
DA:652,0
DA:656,0
DA:663,0
DA:697,0
LF:93
LH:0
BRDA:45,0,0,0
BRDA:45,0,1,0
BRDA:47,1,0,0
BRDA:47,1,1,0
BRDA:51,2,0,0
BRDA:51,2,1,0
BRDA:70,3,0,0
BRDA:70,3,1,0
BRDA:82,4,0,0
BRDA:82,4,1,0
BRDA:87,5,0,0
BRDA:87,5,1,0
BRDA:91,6,0,0
BRDA:91,6,1,0
BRDA:102,7,0,0
BRDA:102,7,1,0
BRDA:102,8,0,0
BRDA:102,8,1,0
BRDA:107,9,0,0
BRDA:107,9,1,0
BRDA:120,10,0,0
BRDA:120,10,1,0
BRDA:121,11,0,0
BRDA:121,11,1,0
BRDA:123,12,0,0
BRDA:123,12,1,0
BRDA:131,13,0,0
BRDA:131,13,1,0
BRDA:135,14,0,0
BRDA:135,14,1,0
BRDA:162,15,0,0
BRDA:162,15,1,0
BRDA:163,16,0,0
BRDA:163,16,1,0
BRDA:455,17,0,0
BRDA:455,17,1,0
BRDA:466,18,0,0
BRDA:466,18,1,0
BRDA:479,19,0,0
BRDA:479,19,1,0
BRDA:514,20,0,0
BRDA:514,20,1,0
BRDA:516,21,0,0
BRDA:516,21,1,0
BRDA:519,22,0,0
BRDA:519,22,1,0
BRDA:546,23,0,0
BRDA:546,23,1,0
BRDA:593,24,0,0
BRDA:593,24,1,0
BRDA:606,25,0,0
BRDA:606,25,1,0
BRDA:610,26,0,0
BRDA:610,26,1,0
BRDA:639,27,0,0
BRDA:639,27,1,0
BRDA:643,28,0,0
BRDA:643,28,1,0
BRDA:651,29,0,0
BRDA:651,29,1,0
BRDA:651,30,0,0
BRDA:651,30,1,0
BRDA:655,31,0,0
BRDA:655,31,1,0
BRDA:673,32,0,0
BRDA:673,32,1,0
BRDA:673,33,0,0
BRDA:673,33,1,0
BRF:68
BRH:0
end_of_record
TN:
SF:app/search.tsx
FN:31,SearchScreen
FN:41,(anonymous_1)
FN:191,(anonymous_2)
FN:198,(anonymous_3)
FN:202,(anonymous_4)
FN:220,(anonymous_5)
FN:235,(anonymous_6)
FN:253,(anonymous_7)
FN:261,(anonymous_8)
FN:265,(anonymous_9)
FN:284,(anonymous_10)
FN:307,(anonymous_11)
FN:321,(anonymous_12)
FN:324,(anonymous_13)
FN:367,(anonymous_14)
FN:378,(anonymous_15)
FN:381,(anonymous_16)
FNF:17
FNH:0
FNDA:0,SearchScreen
FNDA:0,(anonymous_1)
FNDA:0,(anonymous_2)
FNDA:0,(anonymous_3)
FNDA:0,(anonymous_4)
FNDA:0,(anonymous_5)
FNDA:0,(anonymous_6)
FNDA:0,(anonymous_7)
FNDA:0,(anonymous_8)
FNDA:0,(anonymous_9)
FNDA:0,(anonymous_10)
FNDA:0,(anonymous_11)
FNDA:0,(anonymous_12)
FNDA:0,(anonymous_13)
FNDA:0,(anonymous_14)
FNDA:0,(anonymous_15)
FNDA:0,(anonymous_16)
DA:32,0
DA:33,0
DA:34,0
DA:35,0
DA:36,0
DA:37,0
DA:38,0
DA:39,0
DA:41,0
DA:190,0
DA:192,0
DA:193,0
DA:195,0
DA:196,0
DA:199,0
DA:202,0
DA:211,0
DA:214,0
DA:219,0
DA:221,0
DA:223,0
DA:224,0
DA:227,0
DA:228,0
DA:229,0
DA:230,0
DA:233,0
DA:235,0
DA:236,0
DA:237,0
DA:238,0
DA:239,0
DA:240,0
DA:241,0
DA:243,0
DA:244,0
DA:246,0
DA:253,0
DA:254,0
DA:255,0
DA:257,0
DA:258,0
DA:261,0
DA:262,0
DA:263,0
DA:265,0
DA:282,0
DA:301,0
DA:307,0
DA:322,0
DA:325,0
DA:326,0
DA:367,0
DA:379,0
DA:381,0
LF:55
LH:0
BRDA:195,0,0,0
BRDA:195,0,1,0
BRDA:195,1,0,0
BRDA:195,1,1,0
BRDA:199,2,0,0
BRDA:199,2,1,0
BRDA:223,3,0,0
BRDA:223,3,1,0
BRDA:227,4,0,0
BRDA:227,4,1,0
BRDA:238,5,0,0
BRDA:238,5,1,0
BRDA:254,6,0,0
BRDA:254,6,1,0
BRDA:262,7,0,0
BRDA:262,7,1,0
BRDA:326,8,0,0
BRDA:326,8,1,0
BRDA:330,9,0,0
BRDA:330,9,1,0
BRDA:336,10,0,0
BRDA:336,10,1,0
BRDA:339,11,0,0
BRDA:339,11,1,0
BRDA:339,12,0,0
BRDA:339,12,1,0
BRDA:345,13,0,0
BRDA:345,13,1,0
BRDA:351,14,0,0
BRDA:351,14,1,0
BRDA:351,14,2,0
BRDA:351,14,3,0
BRDA:359,15,0,0
BRDA:359,15,1,0
BRDA:359,15,2,0
BRDA:359,15,3,0
BRDA:362,16,0,0
BRDA:362,16,1,0
BRDA:362,17,0,0
BRDA:362,17,1,0
BRDA:374,18,0,0
BRDA:374,18,1,0
BRDA:374,18,2,0
BRF:43
BRH:0
end_of_record
TN:
SF:app/(auth)/_layout.tsx
FN:3,AuthLayout
FNF:1
FNH:0
FNDA:0,AuthLayout
DA:4,0
LF:1
LH:0
BRF:0
BRH:0
end_of_record
TN:
SF:app/(auth)/login.tsx
FN:28,LoginScreen
FN:43,(anonymous_1)
FN:177,(anonymous_2)
FN:184,triggerShake
FN:193,validateEmail
FN:198,handleLogin
FN:237,handleDemoLogin
FN:304,(anonymous_7)
FN:317,(anonymous_8)
FN:330,(anonymous_9)
FN:373,(anonymous_10)
FN:373,(anonymous_11)
FN:405,(anonymous_12)
FNF:13
FNH:0
FNDA:0,LoginScreen
FNDA:0,(anonymous_1)
FNDA:0,(anonymous_2)
FNDA:0,triggerShake
FNDA:0,validateEmail
FNDA:0,handleLogin
FNDA:0,handleDemoLogin
FNDA:0,(anonymous_7)
FNDA:0,(anonymous_8)
FNDA:0,(anonymous_9)
FNDA:0,(anonymous_10)
FNDA:0,(anonymous_11)
FNDA:0,(anonymous_12)
DA:29,0
DA:30,0
DA:31,0
DA:32,0
DA:34,0
DA:35,0
DA:36,0
DA:37,0
DA:38,0
DA:39,0
DA:40,0
DA:41,0
DA:43,0
DA:177,0
DA:178,0
DA:179,0
DA:180,0
DA:185,0
DA:194,0
DA:195,0
DA:199,0
DA:201,0
DA:202,0
DA:203,0
DA:204,0
DA:207,0
DA:208,0
DA:209,0
DA:210,0
DA:213,0
DA:214,0
DA:216,0
DA:217,0
DA:222,0
DA:223,0
DA:225,0
DA:226,0
DA:228,0
DA:229,0
DA:230,0
DA:231,0
DA:233,0
DA:238,0
DA:239,0
DA:241,0
DA:245,0
DA:246,0
DA:247,0
DA:248,0
DA:249,0
DA:250,0
DA:252,0
DA:253,0
DA:256,0
DA:257,0
DA:259,0
DA:264,0
DA:265,0
DA:267,0
DA:268,0
DA:270,0
DA:271,0
DA:272,0
DA:273,0
DA:275,0
DA:279,0
DA:304,0
DA:317,0
DA:330,0
DA:373,0
DA:405,0
LF:71
LH:0
BRDA:32,0,0,0
BRDA:32,0,1,0
BRDA:32,1,0,0
BRDA:32,1,1,0
BRDA:178,2,0,0
BRDA:178,2,1,0
BRDA:179,3,0,0
BRDA:179,3,1,0
BRDA:179,4,0,0
BRDA:179,4,1,0
BRDA:201,5,0,0
BRDA:201,5,1,0
BRDA:201,6,0,0
BRDA:201,6,1,0
BRDA:207,7,0,0
BRDA:207,7,1,0
BRDA:229,8,0,0
BRDA:229,8,1,0
BRDA:245,9,0,0
BRDA:245,9,1,0
BRDA:248,10,0,0
BRDA:248,10,1,0
BRDA:271,11,0,0
BRDA:271,11,1,0
BRDA:282,12,0,0
BRDA:282,12,1,0
BRDA:303,13,0,0
BRDA:303,13,1,0
BRDA:309,14,0,0
BRDA:309,14,1,0
BRDA:311,15,0,0
BRDA:311,15,1,0
BRDA:316,16,0,0
BRDA:316,16,1,0
BRDA:322,17,0,0
BRDA:322,17,1,0
BRDA:324,18,0,0
BRDA:324,18,1,0
BRDA:329,19,0,0
BRDA:329,19,1,0
BRDA:335,20,0,0
BRDA:335,20,1,0
BRDA:337,21,0,0
BRDA:337,21,1,0
BRDA:377,22,0,0
BRDA:377,22,1,0
BRDA:384,23,0,0
BRDA:384,23,1,0
BRDA:387,24,0,0
BRDA:387,24,1,0
BRF:50
BRH:0
end_of_record
TN:
SF:app/(auth)/onboarding.tsx
FN:33,OnboardingScreen
FN:36,(anonymous_1)
FN:73,(anonymous_2)
FN:81,scrollToIndex
FN:85,handleComplete
FN:94,renderSlide
FN:110,renderPagination
FN:113,(anonymous_7)
FN:164,(anonymous_8)
FN:186,(anonymous_9)
FN:197,createStyles
FNF:11
FNH:0
FNDA:0,OnboardingScreen
FNDA:0,(anonymous_1)
FNDA:0,(anonymous_2)
FNDA:0,scrollToIndex
FNDA:0,handleComplete
FNDA:0,renderSlide
FNDA:0,renderPagination
FNDA:0,(anonymous_7)
FNDA:0,(anonymous_8)
FNDA:0,(anonymous_9)
FNDA:0,createStyles
DA:21,0
DA:31,0
DA:34,0
DA:35,0
DA:36,0
DA:37,0
DA:38,0
DA:39,0
DA:41,0
DA:68,0
DA:72,0
DA:74,0
DA:75,0
DA:82,0
DA:86,0
DA:87,0
DA:91,0
DA:95,0
DA:111,0
DA:114,0
DA:120,0
DA:126,0
DA:136,0
DA:150,0
DA:164,0
DA:186,0
DA:198,0
LF:27
LH:0
BRDA:74,0,0,0
BRDA:74,0,1,0
BRDA:183,1,0,0
BRDA:183,1,1,0
BRF:4
BRH:0
end_of_record
TN:
SF:app/(auth)/order-success.tsx
FN:29,OrderSuccessScreen
FN:44,(anonymous_1)
FN:54,(anonymous_2)
FN:56,(anonymous_3)
FN:192,(anonymous_4)
FN:340,(anonymous_5)
FN:344,(anonymous_6)
FNF:7
FNH:0
FNDA:0,OrderSuccessScreen
FNDA:0,(anonymous_1)
FNDA:0,(anonymous_2)
FNDA:0,(anonymous_3)
FNDA:0,(anonymous_4)
FNDA:0,(anonymous_5)
FNDA:0,(anonymous_6)
DA:22,0
DA:30,0
DA:31,0
DA:37,0
DA:38,0
DA:39,0
DA:40,0
DA:41,0
DA:42,0
DA:43,0
DA:44,0
DA:45,0
DA:46,0
DA:47,0
DA:48,0
DA:49,0
DA:51,0
DA:54,0
DA:56,0
DA:192,0
DA:193,0
DA:194,0
DA:221,0
DA:224,0
DA:340,0
DA:344,0
LF:26
LH:0
BRDA:45,0,0,0
BRDA:45,0,1,0
BRDA:47,1,0,0
BRDA:47,1,1,0
BRDA:51,2,0,0
BRDA:51,2,1,0
BRDA:51,3,0,0
BRDA:51,3,1,0
BRDA:269,4,0,0
BRDA:269,4,1,0
BRDA:312,5,0,0
BRDA:312,5,1,0
BRDA:312,6,0,0
BRDA:312,6,1,0
BRDA:316,7,0,0
BRDA:316,7,1,0
BRF:16
BRH:0
end_of_record
TN:
SF:app/(auth)/profile-select.tsx
FN:19,ProfileSelectScreen
FN:25,(anonymous_1)
FN:125,animatePress
FN:142,handleSelect
FN:147,handleContinue
FN:177,(anonymous_5)
FN:222,(anonymous_6)
FN:267,(anonymous_7)
FNF:8
FNH:0
FNDA:0,ProfileSelectScreen
FNDA:0,(anonymous_1)
FNDA:0,animatePress
FNDA:0,handleSelect
FNDA:0,handleContinue
FNDA:0,(anonymous_5)
FNDA:0,(anonymous_6)
FNDA:0,(anonymous_7)
DA:20,0
DA:21,0
DA:22,0
DA:23,0
DA:25,0
DA:126,0
DA:143,0
DA:144,0
DA:148,0
DA:149,0
DA:156,0
DA:177,0
DA:222,0
DA:267,0
LF:14
LH:0
BRDA:148,0,0,0
BRDA:148,0,1,0
BRDA:180,1,0,0
BRDA:180,1,1,0
BRDA:186,2,0,0
BRDA:186,2,1,0
BRDA:192,3,0,0
BRDA:192,3,1,0
BRDA:199,4,0,0
BRDA:199,4,1,0
BRDA:209,5,0,0
BRDA:209,5,1,0
BRDA:225,6,0,0
BRDA:225,6,1,0
BRDA:231,7,0,0
BRDA:231,7,1,0
BRDA:237,8,0,0
BRDA:237,8,1,0
BRDA:244,9,0,0
BRDA:244,9,1,0
BRDA:254,10,0,0
BRDA:254,10,1,0
BRDA:270,11,0,0
BRDA:270,11,1,0
BRDA:276,12,0,0
BRDA:276,12,1,0
BRDA:282,13,0,0
BRDA:282,13,1,0
BRDA:289,14,0,0
BRDA:289,14,1,0
BRDA:299,15,0,0
BRDA:299,15,1,0
BRF:32
BRH:0
end_of_record
TN:
SF:app/(auth)/register.tsx
FN:26,RegisterScreen
FN:42,(anonymous_1)
FN:148,triggerShake
FN:157,(anonymous_3)
FN:203,handleRegister
FN:330,(anonymous_5)
FN:330,(anonymous_6)
FN:359,(anonymous_7)
FN:359,(anonymous_8)
FN:381,(anonymous_9)
FNF:10
FNH:0
FNDA:0,RegisterScreen
FNDA:0,(anonymous_1)
FNDA:0,triggerShake
FNDA:0,(anonymous_3)
FNDA:0,handleRegister
FNDA:0,(anonymous_5)
FNDA:0,(anonymous_6)
FNDA:0,(anonymous_7)
FNDA:0,(anonymous_8)
FNDA:0,(anonymous_9)
DA:27,0
DA:28,0
DA:29,0
DA:30,0
DA:31,0
DA:32,0
DA:33,0
DA:34,0
DA:35,0
DA:36,0
DA:37,0
DA:38,0
DA:39,0
DA:41,0
DA:43,0
DA:149,0
DA:157,0
DA:158,0
DA:159,0
DA:160,0
DA:161,0
DA:164,0
DA:165,0
DA:166,0
DA:167,0
DA:170,0
DA:171,0
DA:172,0
DA:173,0
DA:176,0
DA:177,0
DA:178,0
DA:179,0
DA:182,0
DA:183,0
DA:184,0
DA:185,0
DA:188,0
DA:189,0
DA:190,0
DA:191,0
DA:194,0
DA:195,0
DA:196,0
DA:197,0
DA:200,0
DA:204,0
DA:206,0
DA:207,0
DA:210,0
DA:212,0
DA:213,0
DA:221,0
DA:223,0
DA:224,0
DA:225,0
DA:227,0
DA:228,0
DA:229,0
DA:230,0
DA:232,0
DA:236,0
DA:330,0
DA:359,0
DA:381,0
LF:65
LH:0
BRDA:158,0,0,0
BRDA:158,0,1,0
BRDA:164,1,0,0
BRDA:164,1,1,0
BRDA:170,2,0,0
BRDA:170,2,1,0
BRDA:176,3,0,0
BRDA:176,3,1,0
BRDA:182,4,0,0
BRDA:182,4,1,0
BRDA:188,5,0,0
BRDA:188,5,1,0
BRDA:194,6,0,0
BRDA:194,6,1,0
BRDA:206,7,0,0
BRDA:206,7,1,0
BRDA:228,8,0,0
BRDA:228,8,1,0
BRDA:239,9,0,0
BRDA:239,9,1,0
BRDA:334,10,0,0
BRDA:334,10,1,0
BRDA:363,11,0,0
BRDA:363,11,1,0
BRDA:370,12,0,0
BRDA:370,12,1,0
BRDA:373,13,0,0
BRDA:373,13,1,0
BRF:28
BRH:0
end_of_record
TN:
SF:app/(delivery)/_layout.tsx
FN:3,DeliveryLayout
FNF:1
FNH:0
FNDA:0,DeliveryLayout
DA:4,0
LF:1
LH:0
BRF:0
BRH:0
end_of_record
TN:
SF:app/(delivery)/chat.tsx
FN:31,formatChatTime
FN:44,DeliveryChatScreen
FN:56,(anonymous_2)
FN:68,(anonymous_3)
FN:72,(anonymous_4)
FN:75,(anonymous_5)
FN:78,(anonymous_6)
FN:79,(anonymous_7)
FN:84,handleSend
FN:100,renderMessage
FN:167,(anonymous_10)
FN:173,(anonymous_11)
FN:194,(anonymous_12)
FN:198,(anonymous_13)
FN:210,(anonymous_14)
FN:231,(anonymous_15)
FN:238,(anonymous_16)
FNF:17
FNH:0
FNDA:0,formatChatTime
FNDA:0,DeliveryChatScreen
FNDA:0,(anonymous_2)
FNDA:0,(anonymous_3)
FNDA:0,(anonymous_4)
FNDA:0,(anonymous_5)
FNDA:0,(anonymous_6)
FNDA:0,(anonymous_7)
FNDA:0,handleSend
FNDA:0,renderMessage
FNDA:0,(anonymous_10)
FNDA:0,(anonymous_11)
FNDA:0,(anonymous_12)
FNDA:0,(anonymous_13)
FNDA:0,(anonymous_14)
FNDA:0,(anonymous_15)
FNDA:0,(anonymous_16)
DA:23,0
DA:32,0
DA:33,0
DA:34,0
DA:35,0
DA:36,0
DA:38,0
DA:39,0
DA:40,0
DA:41,0
DA:45,0
DA:46,0
DA:47,0
DA:48,0
DA:49,0
DA:50,0
DA:51,0
DA:52,0
DA:53,0
DA:54,0
DA:56,0
DA:57,0
DA:58,0
DA:59,0
DA:60,0
DA:62,0
DA:64,0
DA:68,0
DA:69,0
DA:72,0
DA:73,0
DA:74,0
DA:75,0
DA:78,0
DA:79,0
DA:80,0
DA:85,0
DA:87,0
DA:88,0
DA:89,0
DA:90,0
DA:91,0
DA:92,0
DA:94,0
DA:96,0
DA:101,0
DA:102,0
DA:104,0
DA:141,0
DA:143,0
DA:167,0
DA:174,0
DA:195,0
DA:198,0
DA:210,0
DA:231,0
DA:238,0
DA:258,0
LF:58
LH:0
BRDA:38,0,0,0
BRDA:38,0,1,0
BRDA:39,1,0,0
BRDA:39,1,1,0
BRDA:40,2,0,0
BRDA:40,2,1,0
BRDA:47,3,0,0
BRDA:47,3,1,0
BRDA:57,4,0,0
BRDA:57,4,1,0
BRDA:60,5,0,0
BRDA:60,5,1,0
BRDA:73,6,0,0
BRDA:73,6,1,0
BRDA:84,7,0,0
BRDA:85,8,0,0
BRDA:85,8,1,0
BRDA:85,9,0,0
BRDA:85,9,1,0
BRDA:108,10,0,0
BRDA:108,10,1,0
BRDA:109,11,0,0
BRDA:109,11,1,0
BRDA:110,12,0,0
BRDA:110,12,1,0
BRDA:110,12,2,0
BRDA:113,13,0,0
BRDA:113,13,1,0
BRDA:113,13,2,0
BRDA:119,14,0,0
BRDA:119,14,1,0
BRDA:120,15,0,0
BRDA:120,15,1,0
BRDA:121,16,0,0
BRDA:121,16,1,0
BRDA:121,16,2,0
BRDA:126,17,0,0
BRDA:126,17,1,0
BRDA:130,18,0,0
BRDA:130,18,1,0
BRDA:131,19,0,0
BRDA:131,19,1,0
BRDA:131,19,2,0
BRDA:141,20,0,0
BRDA:141,20,1,0
BRDA:153,21,0,0
BRDA:153,21,1,0
BRDA:155,22,0,0
BRDA:155,22,1,0
BRDA:157,23,0,0
BRDA:157,23,1,0
BRDA:191,24,0,0
BRDA:191,24,1,0
BRDA:213,25,0,0
BRDA:213,25,1,0
BRDA:218,26,0,0
BRDA:218,26,1,0
BRDA:236,27,0,0
BRDA:236,27,1,0
BRDA:236,27,2,0
BRDA:239,28,0,0
BRDA:239,28,1,0
BRDA:241,29,0,0
BRDA:241,29,1,0
BRF:64
BRH:0
end_of_record
TN:
SF:app/(delivery)/delivery-detail.tsx
FN:38,DeliveryDetailScreen
FN:44,(anonymous_1)
FN:216,handleUpdateStatus
FN:217,(anonymous_3)
FN:223,handleCompleteDelivery
FN:238,(anonymous_5)
FN:240,(anonymous_6)
FN:315,(anonymous_7)
FN:348,(anonymous_8)
FNF:9
FNH:0
FNDA:0,DeliveryDetailScreen
FNDA:0,(anonymous_1)
FNDA:0,handleUpdateStatus
FNDA:0,(anonymous_3)
FNDA:0,handleCompleteDelivery
FNDA:0,(anonymous_5)
FNDA:0,(anonymous_6)
FNDA:0,(anonymous_7)
FNDA:0,(anonymous_8)
DA:18,0
DA:25,0
DA:31,0
DA:39,0
DA:40,0
DA:41,0
DA:42,0
DA:44,0
DA:217,0
DA:218,0
DA:219,0
DA:224,0
DA:227,0
DA:229,0
DA:239,0
DA:240,0
DA:242,0
DA:315,0
DA:348,0
LF:19
LH:0
BRDA:218,0,0,0
BRDA:218,0,1,0
BRDA:248,1,0,0
BRDA:248,1,1,0
BRDA:249,2,0,0
BRDA:249,2,1,0
BRDA:252,3,0,0
BRDA:252,3,1,0
BRDA:256,4,0,0
BRDA:256,4,1,0
BRDA:260,5,0,0
BRDA:260,5,1,0
BRDA:269,6,0,0
BRDA:269,6,1,0
BRDA:315,7,0,0
BRDA:315,7,1,0
BRDA:335,8,0,0
BRDA:335,8,1,0
BRDA:348,9,0,0
BRDA:348,9,1,0
BRDA:358,10,0,0
BRDA:358,10,1,0
BRDA:360,11,0,0
BRDA:360,11,1,0
BRF:24
BRH:0
end_of_record
TN:
SF:app/(delivery)/delivery.tsx
FNF:0
FNH:0
LF:0
LH:0
BRF:0
BRH:0
end_of_record
TN:
SF:app/(delivery)/ganhos.tsx
FN:30,EarningsScreen
FN:38,(anonymous_1)
FN:52,(anonymous_2)
FN:56,(anonymous_3)
FN:57,(anonymous_4)
FN:60,(anonymous_5)
FN:64,(anonymous_6)
FN:68,(anonymous_7)
FN:125,(anonymous_8)
FN:129,(anonymous_9)
FN:171,(anonymous_10)
FN:205,(anonymous_11)
FNF:12
FNH:0
FNDA:0,EarningsScreen
FNDA:0,(anonymous_1)
FNDA:0,(anonymous_2)
FNDA:0,(anonymous_3)
FNDA:0,(anonymous_4)
FNDA:0,(anonymous_5)
FNDA:0,(anonymous_6)
FNDA:0,(anonymous_7)
FNDA:0,(anonymous_8)
FNDA:0,(anonymous_9)
FNDA:0,(anonymous_10)
FNDA:0,(anonymous_11)
DA:21,0
DA:23,0
DA:31,0
DA:32,0
DA:33,0
DA:34,0
DA:35,0
DA:36,0
DA:38,0
DA:39,0
DA:40,0
DA:41,0
DA:42,0
DA:43,0
DA:45,0
DA:46,0
DA:48,0
DA:52,0
DA:53,0
DA:56,0
DA:57,0
DA:60,0
DA:61,0
DA:64,0
DA:65,0
DA:68,0
DA:108,0
DA:109,0
DA:119,0
DA:126,0
DA:129,0
DA:172,0
DA:206,0
LF:33
LH:0
BRDA:57,0,0,0
BRDA:57,0,1,0
BRDA:61,1,0,0
BRDA:61,1,1,0
BRDA:65,2,0,0
BRDA:65,2,1,0
BRDA:108,3,0,0
BRDA:108,3,1,0
BRDA:128,4,0,0
BRDA:128,4,1,0
BRDA:131,5,0,0
BRDA:131,5,1,0
BRDA:138,6,0,0
BRDA:138,6,1,0
BRDA:146,7,0,0
BRDA:146,7,1,0
BRDA:150,8,0,0
BRDA:150,8,1,0
BRDA:153,9,0,0
BRDA:153,9,1,0
BRDA:157,10,0,0
BRDA:157,10,1,0
BRDA:167,11,0,0
BRDA:167,11,1,0
BRDA:176,12,0,0
BRDA:176,12,1,0
BRDA:190,13,0,0
BRDA:190,13,1,0
BRDA:197,14,0,0
BRDA:197,14,1,0
BRDA:202,15,0,0
BRDA:202,15,1,0
BRDA:202,15,2,0
BRF:33
BRH:0
end_of_record
TN:
SF:app/(delivery)/historico.tsx
FN:23,(anonymous_0)
FN:28,(anonymous_1)
FN:33,(anonymous_2)
FN:40,DeliveryHistoryScreen
FN:48,(anonymous_4)
FN:67,(anonymous_5)
FN:71,(anonymous_6)
FN:72,(anonymous_7)
FN:73,(anonymous_8)
FN:82,(anonymous_9)
FN:92,(anonymous_10)
FN:130,(anonymous_11)
FN:134,(anonymous_12)
FN:182,(anonymous_13)
FN:198,(anonymous_14)
FNF:15
FNH:0
FNDA:0,(anonymous_0)
FNDA:0,(anonymous_1)
FNDA:0,(anonymous_2)
FNDA:0,DeliveryHistoryScreen
FNDA:0,(anonymous_4)
FNDA:0,(anonymous_5)
FNDA:0,(anonymous_6)
FNDA:0,(anonymous_7)
FNDA:0,(anonymous_8)
FNDA:0,(anonymous_9)
FNDA:0,(anonymous_10)
FNDA:0,(anonymous_11)
FNDA:0,(anonymous_12)
FNDA:0,(anonymous_13)
FNDA:0,(anonymous_14)
DA:20,0
DA:22,0
DA:24,0
DA:25,0
DA:26,0
DA:29,0
DA:30,0
DA:31,0
DA:34,0
DA:35,0
DA:36,0
DA:41,0
DA:42,0
DA:43,0
DA:44,0
DA:45,0
DA:46,0
DA:48,0
DA:49,0
DA:50,0
DA:51,0
DA:52,0
DA:53,0
DA:54,0
DA:55,0
DA:57,0
DA:58,0
DA:60,0
DA:61,0
DA:63,0
DA:67,0
DA:68,0
DA:71,0
DA:72,0
DA:73,0
DA:74,0
DA:82,0
DA:83,0
DA:84,0
DA:92,0
DA:124,0
DA:131,0
DA:134,0
DA:183,0
DA:199,0
LF:45
LH:0
BRDA:53,0,0,0
BRDA:53,0,1,0
BRDA:53,1,0,0
BRDA:53,1,1,0
BRDA:58,2,0,0
BRDA:58,2,1,0
BRDA:73,3,0,0
BRDA:73,3,1,0
BRDA:133,4,0,0
BRDA:133,4,1,0
BRDA:136,5,0,0
BRDA:136,5,1,0
BRDA:164,6,0,0
BRDA:164,6,1,0
BRDA:168,7,0,0
BRDA:168,7,1,0
BRDA:176,8,0,0
BRDA:176,8,1,0
BRDA:186,9,0,0
BRDA:186,9,1,0
BRDA:188,10,0,0
BRDA:188,10,1,0
BRDA:191,11,0,0
BRDA:191,11,1,0
BRDA:197,12,0,0
BRDA:197,12,1,0
BRDA:201,13,0,0
BRDA:201,13,1,0
BRDA:203,14,0,0
BRDA:203,14,1,0
BRDA:210,15,0,0
BRDA:210,15,1,0
BRDA:216,16,0,0
BRDA:216,16,1,0
BRDA:219,17,0,0
BRDA:219,17,1,0
BRF:36
BRH:0
end_of_record
TN:
SF:app/(delivery)/index.tsx
FN:20,DeliveryDashboard
FN:23,(anonymous_1)
FN:31,(anonymous_2)
FN:38,(anonymous_3)
FN:51,(anonymous_4)
FN:55,(anonymous_5)
FN:59,(anonymous_6)
FN:371,(anonymous_7)
FN:389,(anonymous_8)
FN:419,(anonymous_9)
FN:450,(anonymous_10)
FN:469,(anonymous_11)
FN:473,(anonymous_12)
FN:500,(anonymous_13)
FN:510,(anonymous_14)
FN:514,(anonymous_15)
FN:535,(anonymous_16)
FNF:17
FNH:0
FNDA:0,DeliveryDashboard
FNDA:0,(anonymous_1)
FNDA:0,(anonymous_2)
FNDA:0,(anonymous_3)
FNDA:0,(anonymous_4)
FNDA:0,(anonymous_5)
FNDA:0,(anonymous_6)
FNDA:0,(anonymous_7)
FNDA:0,(anonymous_8)
FNDA:0,(anonymous_9)
FNDA:0,(anonymous_10)
FNDA:0,(anonymous_11)
FNDA:0,(anonymous_12)
FNDA:0,(anonymous_13)
FNDA:0,(anonymous_14)
FNDA:0,(anonymous_15)
FNDA:0,(anonymous_16)
DA:21,0
DA:22,0
DA:23,0
DA:25,0
DA:26,0
DA:27,0
DA:28,0
DA:29,0
DA:31,0
DA:32,0
DA:33,0
DA:34,0
DA:35,0
DA:38,0
DA:40,0
DA:41,0
DA:42,0
DA:44,0
DA:45,0
DA:47,0
DA:51,0
DA:52,0
DA:55,0
DA:56,0
DA:59,0
DA:364,0
DA:365,0
DA:371,0
DA:383,0
DA:389,0
DA:419,0
DA:450,0
DA:470,0
DA:473,0
DA:500,0
DA:511,0
DA:514,0
DA:535,0
LF:38
LH:0
BRDA:40,0,0,0
BRDA:40,0,1,0
BRDA:42,1,0,0
BRDA:42,1,1,0
BRDA:364,2,0,0
BRDA:364,2,1,0
BRDA:408,3,0,0
BRDA:408,3,1,0
BRDA:412,4,0,0
BRDA:412,4,1,0
BRDA:429,5,0,0
BRDA:429,5,1,0
BRDA:433,6,0,0
BRDA:433,6,1,0
BRDA:437,7,0,0
BRDA:437,7,1,0
BRDA:441,8,0,0
BRDA:441,8,1,0
BRDA:455,9,0,0
BRDA:455,9,1,0
BRDA:463,10,0,0
BRDA:463,10,1,0
BRDA:483,11,0,0
BRDA:483,11,1,0
BRDA:484,12,0,0
BRDA:484,12,1,0
BRDA:505,13,0,0
BRDA:505,13,1,0
BRDA:518,14,0,0
BRDA:518,14,1,0
BRDA:520,15,0,0
BRDA:520,15,1,0
BRDA:524,16,0,0
BRDA:524,16,1,0
BRDA:526,17,0,0
BRDA:526,17,1,0
BRDA:528,18,0,0
BRDA:528,18,1,0
BRDA:529,19,0,0
BRDA:529,19,1,0
BRF:40
BRH:0
end_of_record
TN:
SF:app/(delivery)/perfil.tsx
FN:65,DeliveryProfileScreen
FN:68,(anonymous_1)
FN:78,(anonymous_2)
FN:79,(anonymous_3)
FN:86,(anonymous_4)
FN:100,(anonymous_5)
FN:101,(anonymous_6)
FN:119,(anonymous_7)
FN:128,(anonymous_8)
FN:129,(anonymous_9)
FN:140,(anonymous_10)
FN:141,(anonymous_11)
FN:143,(anonymous_12)
FN:148,(anonymous_13)
FN:456,handleLogout
FN:460,(anonymous_15)
FN:504,(anonymous_16)
FN:529,(anonymous_17)
FN:537,(anonymous_18)
FN:558,(anonymous_19)
FN:568,(anonymous_20)
FN:596,(anonymous_21)
FN:618,(anonymous_22)
FN:631,(anonymous_23)
FN:637,(anonymous_24)
FN:644,(anonymous_25)
FN:651,(anonymous_26)
FN:657,(anonymous_27)
FN:672,(anonymous_28)
FN:691,(anonymous_29)
FNF:30
FNH:0
FNDA:0,DeliveryProfileScreen
FNDA:0,(anonymous_1)
FNDA:0,(anonymous_2)
FNDA:0,(anonymous_3)
FNDA:0,(anonymous_4)
FNDA:0,(anonymous_5)
FNDA:0,(anonymous_6)
FNDA:0,(anonymous_7)
FNDA:0,(anonymous_8)
FNDA:0,(anonymous_9)
FNDA:0,(anonymous_10)
FNDA:0,(anonymous_11)
FNDA:0,(anonymous_12)
FNDA:0,(anonymous_13)
FNDA:0,handleLogout
FNDA:0,(anonymous_15)
FNDA:0,(anonymous_16)
FNDA:0,(anonymous_17)
FNDA:0,(anonymous_18)
FNDA:0,(anonymous_19)
FNDA:0,(anonymous_20)
FNDA:0,(anonymous_21)
FNDA:0,(anonymous_22)
FNDA:0,(anonymous_23)
FNDA:0,(anonymous_24)
FNDA:0,(anonymous_25)
FNDA:0,(anonymous_26)
FNDA:0,(anonymous_27)
FNDA:0,(anonymous_28)
FNDA:0,(anonymous_29)
DA:28,0
DA:35,0
DA:42,0
DA:66,0
DA:67,0
DA:68,0
DA:69,0
DA:70,0
DA:71,0
DA:72,0
DA:73,0
DA:74,0
DA:75,0
DA:76,0
DA:78,0
DA:79,0
DA:80,0
DA:81,0
DA:83,0
DA:86,0
DA:87,0
DA:88,0
DA:89,0
DA:98,0
DA:99,0
DA:100,0
DA:101,0
DA:111,0
DA:112,0
DA:115,0
DA:119,0
DA:120,0
DA:129,0
DA:130,0
DA:131,0
DA:132,0
DA:140,0
DA:141,0
DA:142,0
DA:143,0
DA:148,0
DA:457,0
DA:458,0
DA:460,0
DA:462,0
DA:463,0
DA:464,0
DA:465,0
DA:467,0
DA:469,0
DA:471,0
DA:475,0
DA:505,0
DA:506,0
DA:529,0
DA:537,0
DA:558,0
DA:569,0
DA:597,0
DA:598,0
DA:599,0
DA:601,0
DA:618,0
DA:631,0
DA:637,0
DA:644,0
DA:652,0
DA:653,0
DA:657,0
DA:672,0
DA:691,0
LF:71
LH:0
BRDA:98,0,0,0
BRDA:98,0,1,0
BRDA:98,1,0,0
BRDA:98,1,1,0
BRDA:105,2,0,0
BRDA:105,2,1,0
BRDA:105,3,0,0
BRDA:105,3,1,0
BRDA:111,4,0,0
BRDA:111,4,1,0
BRDA:142,5,0,0
BRDA:142,5,1,0
BRDA:484,6,0,0
BRDA:484,6,1,0
BRDA:494,7,0,0
BRDA:494,7,1,0
BRDA:495,8,0,0
BRDA:495,8,1,0
BRDA:510,9,0,0
BRDA:510,9,1,0
BRDA:512,10,0,0
BRDA:512,10,1,0
BRDA:518,11,0,0
BRDA:518,11,1,0
BRDA:521,12,0,0
BRDA:521,12,1,0
BRDA:543,13,0,0
BRDA:543,13,1,0
BRDA:546,14,0,0
BRDA:546,14,1,0
BRDA:564,15,0,0
BRDA:564,15,1,0
BRDA:566,16,0,0
BRDA:566,16,1,0
BRDA:573,17,0,0
BRDA:573,17,1,0
BRDA:597,18,0,0
BRDA:597,18,1,0
BRDA:661,19,0,0
BRDA:661,19,1,0
BRDA:663,20,0,0
BRDA:663,20,1,0
BRF:42
BRH:0
end_of_record
TN:
SF:app/(restaurant)/_layout.tsx
FN:6,RestaurantLayout
FN:32,(anonymous_1)
FN:41,(anonymous_2)
FN:50,(anonymous_3)
FN:59,(anonymous_4)
FNF:5
FNH:0
FNDA:0,RestaurantLayout
FNDA:0,(anonymous_1)
FNDA:0,(anonymous_2)
FNDA:0,(anonymous_3)
FNDA:0,(anonymous_4)
DA:7,0
DA:9,0
DA:33,0
DA:42,0
DA:51,0
DA:60,0
LF:6
LH:0
BRF:0
BRH:0
end_of_record
TN:
SF:app/(restaurant)/cardapio.tsx
FN:26,RestaurantMenuScreen
FN:46,(anonymous_1)
FN:60,(anonymous_2)
FN:64,(anonymous_3)
FN:75,(anonymous_4)
FN:80,(anonymous_5)
FN:92,(anonymous_6)
FN:109,(anonymous_7)
FN:110,(anonymous_8)
FN:114,(anonymous_9)
FN:126,(anonymous_10)
FN:131,(anonymous_11)
FN:131,(anonymous_12)
FN:138,(anonymous_13)
FN:142,(anonymous_14)
FN:143,(anonymous_15)
FN:150,(anonymous_16)
FN:155,(anonymous_17)
FN:322,(anonymous_18)
FN:348,(anonymous_19)
FN:351,(anonymous_20)
FN:357,(anonymous_21)
FN:389,(anonymous_22)
FN:406,(anonymous_23)
FN:408,(anonymous_24)
FN:495,(anonymous_25)
FN:521,(anonymous_26)
FNF:27
FNH:0
FNDA:0,RestaurantMenuScreen
FNDA:0,(anonymous_1)
FNDA:0,(anonymous_2)
FNDA:0,(anonymous_3)
FNDA:0,(anonymous_4)
FNDA:0,(anonymous_5)
FNDA:0,(anonymous_6)
FNDA:0,(anonymous_7)
FNDA:0,(anonymous_8)
FNDA:0,(anonymous_9)
FNDA:0,(anonymous_10)
FNDA:0,(anonymous_11)
FNDA:0,(anonymous_12)
FNDA:0,(anonymous_13)
FNDA:0,(anonymous_14)
FNDA:0,(anonymous_15)
FNDA:0,(anonymous_16)
FNDA:0,(anonymous_17)
FNDA:0,(anonymous_18)
FNDA:0,(anonymous_19)
FNDA:0,(anonymous_20)
FNDA:0,(anonymous_21)
FNDA:0,(anonymous_22)
FNDA:0,(anonymous_23)
FNDA:0,(anonymous_24)
FNDA:0,(anonymous_25)
FNDA:0,(anonymous_26)
DA:27,0
DA:28,0
DA:29,0
DA:30,0
DA:31,0
DA:32,0
DA:33,0
DA:34,0
DA:37,0
DA:38,0
DA:39,0
DA:40,0
DA:41,0
DA:42,0
DA:43,0
DA:44,0
DA:46,0
DA:47,0
DA:48,0
DA:49,0
DA:50,0
DA:51,0
DA:53,0
DA:54,0
DA:56,0
DA:60,0
DA:61,0
DA:64,0
DA:65,0
DA:66,0
DA:67,0
DA:68,0
DA:69,0
DA:70,0
DA:71,0
DA:72,0
DA:75,0
DA:76,0
DA:77,0
DA:80,0
DA:81,0
DA:82,0
DA:83,0
DA:84,0
DA:85,0
DA:86,0
DA:87,0
DA:88,0
DA:89,0
DA:92,0
DA:93,0
DA:95,0
DA:96,0
DA:97,0
DA:107,0
DA:108,0
DA:109,0
DA:110,0
DA:113,0
DA:114,0
DA:117,0
DA:118,0
DA:120,0
DA:122,0
DA:126,0
DA:127,0
DA:129,0
DA:130,0
DA:131,0
DA:132,0
DA:134,0
DA:138,0
DA:139,0
DA:140,0
DA:141,0
DA:142,0
DA:143,0
DA:146,0
DA:150,0
DA:151,0
DA:152,0
DA:155,0
DA:322,0
DA:323,0
DA:348,0
DA:351,0
DA:357,0
DA:365,0
DA:389,0
DA:406,0
DA:495,0
DA:521,0
LF:92
LH:0
BRDA:51,0,0,0
BRDA:51,0,1,0
BRDA:85,1,0,0
BRDA:85,1,1,0
BRDA:93,2,0,0
BRDA:93,2,1,0
BRDA:93,3,0,0
BRDA:93,3,1,0
BRDA:100,4,0,0
BRDA:100,4,1,0
BRDA:101,5,0,0
BRDA:101,5,1,0
BRDA:102,6,0,0
BRDA:102,6,1,0
BRDA:107,7,0,0
BRDA:107,7,1,0
BRDA:110,8,0,0
BRDA:110,8,1,0
BRDA:110,9,0,0
BRDA:110,9,1,0
BRDA:127,10,0,0
BRDA:127,10,1,0
BRDA:143,11,0,0
BRDA:143,11,1,0
BRDA:151,12,0,0
BRDA:151,12,1,0
BRDA:152,13,0,0
BRDA:152,13,1,0
BRDA:324,14,0,0
BRDA:324,14,1,0
BRDA:337,15,0,0
BRDA:337,15,1,0
BRDA:342,16,0,0
BRDA:342,16,1,0
BRDA:359,17,0,0
BRDA:359,17,1,0
BRDA:370,18,0,0
BRDA:370,18,1,0
BRDA:374,19,0,0
BRDA:374,19,1,0
BRDA:380,20,0,0
BRDA:380,20,1,0
BRDA:402,21,0,0
BRDA:402,21,1,0
BRDA:409,22,0,0
BRDA:409,22,1,0
BRDA:477,23,0,0
BRDA:477,23,1,0
BRDA:487,24,0,0
BRDA:487,24,1,0
BRDA:501,25,0,0
BRDA:501,25,1,0
BRDA:503,26,0,0
BRDA:503,26,1,0
BRDA:503,26,2,0
BRF:55
BRH:0
end_of_record
TN:
SF:app/(restaurant)/index.tsx
FN:21,RestaurantDashboard
FN:24,(anonymous_1)
FN:32,(anonymous_2)
FN:37,(anonymous_3)
FN:49,(anonymous_4)
FN:104,(anonymous_5)
FN:108,(anonymous_6)
FN:112,(anonymous_7)
FN:125,(anonymous_8)
FN:138,(anonymous_9)
FN:350,(anonymous_10)
FN:400,(anonymous_11)
FN:411,(anonymous_12)
FN:415,(anonymous_13)
FN:445,(anonymous_14)
FNF:15
FNH:0
FNDA:0,RestaurantDashboard
FNDA:0,(anonymous_1)
FNDA:0,(anonymous_2)
FNDA:0,(anonymous_3)
FNDA:0,(anonymous_4)
FNDA:0,(anonymous_5)
FNDA:0,(anonymous_6)
FNDA:0,(anonymous_7)
FNDA:0,(anonymous_8)
FNDA:0,(anonymous_9)
FNDA:0,(anonymous_10)
FNDA:0,(anonymous_11)
FNDA:0,(anonymous_12)
FNDA:0,(anonymous_13)
FNDA:0,(anonymous_14)
DA:22,0
DA:23,0
DA:24,0
DA:26,0
DA:27,0
DA:28,0
DA:29,0
DA:30,0
DA:32,0
DA:33,0
DA:34,0
DA:35,0
DA:36,0
DA:37,0
DA:49,0
DA:94,0
DA:95,0
DA:97,0
DA:98,0
DA:100,0
DA:104,0
DA:105,0
DA:108,0
DA:109,0
DA:112,0
DA:113,0
DA:114,0
DA:115,0
DA:116,0
DA:117,0
DA:118,0
DA:119,0
DA:120,0
DA:121,0
DA:125,0
DA:126,0
DA:127,0
DA:128,0
DA:129,0
DA:130,0
DA:131,0
DA:132,0
DA:133,0
DA:134,0
DA:138,0
DA:325,0
DA:326,0
DA:336,0
DA:350,0
DA:400,0
DA:412,0
DA:415,0
DA:446,0
LF:53
LH:0
BRDA:95,0,0,0
BRDA:95,0,1,0
BRDA:113,1,0,0
BRDA:113,1,1,0
BRDA:113,1,2,0
BRDA:113,1,3,0
BRDA:113,1,4,0
BRDA:113,1,5,0
BRDA:113,1,6,0
BRDA:113,1,7,0
BRDA:126,2,0,0
BRDA:126,2,1,0
BRDA:126,2,2,0
BRDA:126,2,3,0
BRDA:126,2,4,0
BRDA:126,2,5,0
BRDA:126,2,6,0
BRDA:126,2,7,0
BRDA:176,3,0,0
BRDA:176,3,1,0
BRDA:181,4,0,0
BRDA:181,4,1,0
BRDA:325,5,0,0
BRDA:325,5,1,0
BRDA:346,6,0,0
BRDA:346,6,1,0
BRDA:353,7,0,0
BRDA:353,7,1,0
BRDA:355,8,0,0
BRDA:355,8,1,0
BRDA:357,9,0,0
BRDA:357,9,1,0
BRDA:363,10,0,0
BRDA:363,10,1,0
BRDA:405,11,0,0
BRDA:405,11,1,0
BRDA:423,12,0,0
BRDA:423,12,1,0
BRDA:438,13,0,0
BRDA:438,13,1,0
BRDA:438,13,2,0
BRDA:448,14,0,0
BRDA:448,14,1,0
BRF:43
BRH:0
end_of_record
TN:
SF:app/(restaurant)/pedidos.tsx
FN:32,RestaurantOrdersScreen
FN:41,(anonymous_1)
FN:56,(anonymous_2)
FN:60,(anonymous_3)
FN:63,(anonymous_4)
FN:64,(anonymous_5)
FN:73,(anonymous_6)
FN:83,(anonymous_7)
FN:93,(anonymous_8)
FN:106,(anonymous_9)
FN:119,(anonymous_10)
FN:132,(anonymous_11)
FN:136,(anonymous_12)
FN:138,(anonymous_13)
FN:141,(anonymous_14)
FN:290,(anonymous_15)
FN:305,(anonymous_16)
FN:321,(anonymous_17)
FN:336,(anonymous_18)
FN:340,(anonymous_19)
FN:371,(anonymous_20)
FNF:21
FNH:0
FNDA:0,RestaurantOrdersScreen
FNDA:0,(anonymous_1)
FNDA:0,(anonymous_2)
FNDA:0,(anonymous_3)
FNDA:0,(anonymous_4)
FNDA:0,(anonymous_5)
FNDA:0,(anonymous_6)
FNDA:0,(anonymous_7)
FNDA:0,(anonymous_8)
FNDA:0,(anonymous_9)
FNDA:0,(anonymous_10)
FNDA:0,(anonymous_11)
FNDA:0,(anonymous_12)
FNDA:0,(anonymous_13)
FNDA:0,(anonymous_14)
FNDA:0,(anonymous_15)
FNDA:0,(anonymous_16)
FNDA:0,(anonymous_17)
FNDA:0,(anonymous_18)
FNDA:0,(anonymous_19)
FNDA:0,(anonymous_20)
DA:23,0
DA:33,0
DA:34,0
DA:35,0
DA:36,0
DA:37,0
DA:38,0
DA:39,0
DA:41,0
DA:42,0
DA:43,0
DA:44,0
DA:45,0
DA:46,0
DA:47,0
DA:49,0
DA:50,0
DA:52,0
DA:56,0
DA:57,0
DA:60,0
DA:61,0
DA:62,0
DA:63,0
DA:64,0
DA:65,0
DA:69,0
DA:73,0
DA:74,0
DA:75,0
DA:76,0
DA:77,0
DA:78,0
DA:79,0
DA:83,0
DA:84,0
DA:85,0
DA:86,0
DA:87,0
DA:88,0
DA:89,0
DA:93,0
DA:94,0
DA:95,0
DA:96,0
DA:97,0
DA:98,0
DA:99,0
DA:100,0
DA:101,0
DA:102,0
DA:106,0
DA:107,0
DA:108,0
DA:109,0
DA:110,0
DA:111,0
DA:112,0
DA:113,0
DA:114,0
DA:115,0
DA:119,0
DA:120,0
DA:121,0
DA:122,0
DA:123,0
DA:125,0
DA:126,0
DA:127,0
DA:128,0
DA:129,0
DA:132,0
DA:133,0
DA:136,0
DA:137,0
DA:138,0
DA:141,0
DA:290,0
DA:291,0
DA:292,0
DA:294,0
DA:306,0
DA:321,0
DA:331,0
DA:337,0
DA:340,0
DA:371,0
LF:87
LH:0
BRDA:45,0,0,0
BRDA:45,0,1,0
BRDA:47,1,0,0
BRDA:47,1,1,0
BRDA:65,2,0,0
BRDA:65,2,1,0
BRDA:74,3,0,0
BRDA:74,3,1,0
BRDA:74,3,2,0
BRDA:74,3,3,0
BRDA:74,3,4,0
BRDA:84,4,0,0
BRDA:84,4,1,0
BRDA:84,4,2,0
BRDA:84,4,3,0
BRDA:84,4,4,0
BRDA:94,5,0,0
BRDA:94,5,1,0
BRDA:94,5,2,0
BRDA:94,5,3,0
BRDA:94,5,4,0
BRDA:94,5,5,0
BRDA:94,5,6,0
BRDA:94,5,7,0
BRDA:107,6,0,0
BRDA:107,6,1,0
BRDA:107,6,2,0
BRDA:107,6,3,0
BRDA:107,6,4,0
BRDA:107,6,5,0
BRDA:107,6,6,0
BRDA:107,6,7,0
BRDA:125,7,0,0
BRDA:125,7,1,0
BRDA:126,8,0,0
BRDA:126,8,1,0
BRDA:128,9,0,0
BRDA:128,9,1,0
BRDA:137,10,0,0
BRDA:137,10,1,0
BRDA:318,11,0,0
BRDA:318,11,1,0
BRDA:339,12,0,0
BRDA:339,12,1,0
BRDA:342,13,0,0
BRDA:342,13,1,0
BRDA:350,14,0,0
BRDA:350,14,1,0
BRDA:354,15,0,0
BRDA:354,15,1,0
BRDA:362,16,0,0
BRDA:362,16,1,0
BRF:52
BRH:0
end_of_record
TN:
SF:app/(restaurant)/perfil.tsx
FN:28,RestaurantProfileScreen
FN:32,(anonymous_1)
FN:57,(anonymous_2)
FN:68,(anonymous_3)
FN:81,(anonymous_4)
FN:90,(anonymous_5)
FN:91,(anonymous_6)
FN:92,(anonymous_7)
FN:96,(anonymous_8)
FN:340,(anonymous_9)
FN:350,(anonymous_10)
FN:351,(anonymous_11)
FN:352,(anonymous_12)
FN:363,(anonymous_13)
FN:364,(anonymous_14)
FN:365,(anonymous_15)
FN:374,(anonymous_16)
FN:394,(anonymous_17)
FN:410,(anonymous_18)
FN:416,(anonymous_19)
FN:432,(anonymous_20)
FNF:21
FNH:0
FNDA:0,RestaurantProfileScreen
FNDA:0,(anonymous_1)
FNDA:0,(anonymous_2)
FNDA:0,(anonymous_3)
FNDA:0,(anonymous_4)
FNDA:0,(anonymous_5)
FNDA:0,(anonymous_6)
FNDA:0,(anonymous_7)
FNDA:0,(anonymous_8)
FNDA:0,(anonymous_9)
FNDA:0,(anonymous_10)
FNDA:0,(anonymous_11)
FNDA:0,(anonymous_12)
FNDA:0,(anonymous_13)
FNDA:0,(anonymous_14)
FNDA:0,(anonymous_15)
FNDA:0,(anonymous_16)
FNDA:0,(anonymous_17)
FNDA:0,(anonymous_18)
FNDA:0,(anonymous_19)
FNDA:0,(anonymous_20)
DA:26,0
DA:29,0
DA:30,0
DA:31,0
DA:32,0
DA:34,0
DA:35,0
DA:36,0
DA:39,0
DA:40,0
DA:41,0
DA:42,0
DA:43,0
DA:44,0
DA:47,0
DA:57,0
DA:58,0
DA:59,0
DA:60,0
DA:67,0
DA:68,0
DA:70,0
DA:71,0
DA:72,0
DA:74,0
DA:75,0
DA:77,0
DA:81,0
DA:82,0
DA:83,0
DA:84,0
DA:86,0
DA:90,0
DA:91,0
DA:92,0
DA:96,0
DA:239,0
DA:341,0
DA:351,0
DA:352,0
DA:364,0
DA:365,0
DA:374,0
DA:394,0
DA:410,0
DA:416,0
DA:432,0
LF:47
LH:0
BRDA:39,0,0,0
BRDA:39,0,1,0
BRDA:41,1,0,0
BRDA:41,1,1,0
BRDA:64,2,0,0
BRDA:64,2,1,0
BRDA:92,3,0,0
BRDA:92,3,1,0
BRDA:248,4,0,0
BRDA:248,4,1,0
BRDA:251,5,0,0
BRDA:251,5,1,0
BRDA:263,6,0,0
BRDA:263,6,1,0
BRDA:275,7,0,0
BRDA:275,7,1,0
BRDA:287,8,0,0
BRDA:287,8,1,0
BRDA:300,9,0,0
BRDA:300,9,1,0
BRDA:314,10,0,0
BRDA:314,10,1,0
BRDA:326,11,0,0
BRDA:326,11,1,0
BRDA:342,12,0,0
BRDA:342,12,1,0
BRDA:345,13,0,0
BRDA:345,13,1,0
BRDA:348,14,0,0
BRDA:348,14,1,0
BRDA:352,15,0,0
BRDA:352,15,1,0
BRDA:361,16,0,0
BRDA:361,16,1,0
BRDA:365,17,0,0
BRDA:365,17,1,0
BRDA:376,18,0,0
BRDA:376,18,1,0
BRDA:380,19,0,0
BRDA:380,19,1,0
BRDA:381,20,0,0
BRDA:381,20,1,0
BRDA:389,21,0,0
BRDA:389,21,1,0
BRDA:400,22,0,0
BRDA:400,22,1,0
BRF:46
BRH:0
end_of_record
TN:
SF:app/(tabs)/_layout.tsx
FN:6,TabLayout
FN:9,(anonymous_1)
FN:32,(anonymous_2)
FN:39,(anonymous_3)
FN:46,(anonymous_4)
FNF:5
FNH:0
FNDA:0,TabLayout
FNDA:0,(anonymous_1)
FNDA:0,(anonymous_2)
FNDA:0,(anonymous_3)
FNDA:0,(anonymous_4)
DA:7,0
DA:9,0
DA:18,0
DA:32,0
DA:39,0
DA:46,0
LF:6
LH:0
BRF:0
BRH:0
end_of_record
TN:
SF:app/(tabs)/index.tsx
FN:27,HomeScreen
FN:29,(anonymous_1)
FN:40,(anonymous_2)
FN:43,(anonymous_3)
FN:48,(anonymous_4)
FN:51,(anonymous_5)
FN:54,(anonymous_6)
FN:65,(anonymous_7)
FN:68,handleToggleFavorite
FN:73,(anonymous_9)
FN:279,(anonymous_10)
FN:280,(anonymous_11)
FN:287,(anonymous_12)
FN:311,(anonymous_13)
FN:318,(anonymous_14)
FN:325,(anonymous_15)
FN:335,(anonymous_16)
FN:354,(anonymous_17)
FN:372,(anonymous_18)
FN:374,(anonymous_19)
FN:378,(anonymous_20)
FN:386,(anonymous_21)
FN:448,(anonymous_22)
FN:449,(anonymous_23)
FNF:24
FNH:0
FNDA:0,HomeScreen
FNDA:0,(anonymous_1)
FNDA:0,(anonymous_2)
FNDA:0,(anonymous_3)
FNDA:0,(anonymous_4)
FNDA:0,(anonymous_5)
FNDA:0,(anonymous_6)
FNDA:0,(anonymous_7)
FNDA:0,handleToggleFavorite
FNDA:0,(anonymous_9)
FNDA:0,(anonymous_10)
FNDA:0,(anonymous_11)
FNDA:0,(anonymous_12)
FNDA:0,(anonymous_13)
FNDA:0,(anonymous_14)
FNDA:0,(anonymous_15)
FNDA:0,(anonymous_16)
FNDA:0,(anonymous_17)
FNDA:0,(anonymous_18)
FNDA:0,(anonymous_19)
FNDA:0,(anonymous_20)
FNDA:0,(anonymous_21)
FNDA:0,(anonymous_22)
FNDA:0,(anonymous_23)
DA:28,0
DA:29,0
DA:30,0
DA:31,0
DA:32,0
DA:34,0
DA:35,0
DA:36,0
DA:37,0
DA:38,0
DA:40,0
DA:41,0
DA:43,0
DA:44,0
DA:45,0
DA:48,0
DA:51,0
DA:52,0
DA:54,0
DA:55,0
DA:56,0
DA:57,0
DA:59,0
DA:61,0
DA:65,0
DA:69,0
DA:70,0
DA:73,0
DA:278,0
DA:280,0
DA:287,0
DA:288,0
DA:311,0
DA:318,0
DA:325,0
DA:335,0
DA:354,0
DA:372,0
DA:375,0
DA:378,0
DA:386,0
DA:435,0
DA:448,0
DA:449,0
LF:44
LH:0
BRDA:34,0,0,0
BRDA:34,0,1,0
BRDA:45,1,0,0
BRDA:45,1,1,0
BRDA:57,2,0,0
BRDA:57,2,1,0
BRDA:57,3,0,0
BRDA:57,3,1,0
BRDA:61,4,0,0
BRDA:61,4,1,0
BRDA:359,5,0,0
BRDA:359,5,1,0
BRDA:363,6,0,0
BRDA:363,6,1,0
BRDA:389,7,0,0
BRDA:389,7,1,0
BRDA:391,8,0,0
BRDA:391,8,1,0
BRDA:419,9,0,0
BRDA:419,9,1,0
BRDA:423,10,0,0
BRDA:423,10,1,0
BRF:22
BRH:0
end_of_record
TN:
SF:app/(tabs)/pedidos.tsx
FN:34,OrderItemCard
FN:41,(anonymous_1)
FN:42,(anonymous_2)
FN:56,(anonymous_3)
FN:77,(anonymous_4)
FN:88,(anonymous_5)
FN:97,(anonymous_6)
FN:108,OrdersScreen
FN:116,(anonymous_8)
FN:141,(anonymous_9)
FN:141,(anonymous_10)
FN:145,(anonymous_11)
FN:145,(anonymous_12)
FN:149,(anonymous_13)
FN:156,(anonymous_14)
FN:167,(anonymous_15)
FN:183,(anonymous_16)
FN:187,(anonymous_17)
FN:189,(anonymous_18)
FN:192,(anonymous_19)
FN:193,(anonymous_20)
FN:215,(anonymous_21)
FNF:22
FNH:0
FNDA:0,OrderItemCard
FNDA:0,(anonymous_1)
FNDA:0,(anonymous_2)
FNDA:0,(anonymous_3)
FNDA:0,(anonymous_4)
FNDA:0,(anonymous_5)
FNDA:0,(anonymous_6)
FNDA:0,OrdersScreen
FNDA:0,(anonymous_8)
FNDA:0,(anonymous_9)
FNDA:0,(anonymous_10)
FNDA:0,(anonymous_11)
FNDA:0,(anonymous_12)
FNDA:0,(anonymous_13)
FNDA:0,(anonymous_14)
FNDA:0,(anonymous_15)
FNDA:0,(anonymous_16)
FNDA:0,(anonymous_17)
FNDA:0,(anonymous_18)
FNDA:0,(anonymous_19)
FNDA:0,(anonymous_20)
FNDA:0,(anonymous_21)
DA:22,0
DA:30,0
DA:32,0
DA:41,0
DA:42,0
DA:43,0
DA:45,0
DA:57,0
DA:77,0
DA:88,0
DA:97,0
DA:109,0
DA:110,0
DA:111,0
DA:112,0
DA:113,0
DA:114,0
DA:116,0
DA:140,0
DA:141,0
DA:144,0
DA:145,0
DA:149,0
DA:150,0
DA:151,0
DA:152,0
DA:153,0
DA:156,0
DA:157,0
DA:158,0
DA:159,0
DA:160,0
DA:161,0
DA:164,0
DA:167,0
DA:168,0
DA:169,0
DA:172,0
DA:183,0
DA:184,0
DA:187,0
DA:188,0
DA:189,0
DA:190,0
DA:191,0
DA:192,0
DA:193,0
DA:194,0
DA:198,0
DA:199,0
DA:215,0
DA:226,0
LF:52
LH:0
BRDA:46,0,0,0
BRDA:46,0,1,0
BRDA:61,1,0,0
BRDA:61,1,1,0
BRDA:73,2,0,0
BRDA:73,2,1,0
BRDA:82,3,0,0
BRDA:82,3,1,0
BRDA:82,3,2,0
BRDA:84,4,0,0
BRDA:84,4,1,0
BRDA:93,5,0,0
BRDA:93,5,1,0
BRDA:141,6,0,0
BRDA:141,6,1,0
BRDA:145,7,0,0
BRDA:145,7,1,0
BRDA:151,8,0,0
BRDA:151,8,1,0
BRDA:152,9,0,0
BRDA:152,9,1,0
BRDA:168,10,0,0
BRDA:168,10,1,0
BRDA:184,11,0,0
BRDA:184,11,1,0
BRDA:188,12,0,0
BRDA:188,12,1,0
BRDA:190,13,0,0
BRDA:190,13,1,0
BRDA:198,14,0,0
BRDA:198,14,1,0
BRDA:242,15,0,0
BRDA:242,15,1,0
BRF:33
BRH:0
end_of_record
TN:
SF:app/(tabs)/perfil.tsx
FN:25,PerfilScreen
FN:28,(anonymous_1)
FN:35,(anonymous_2)
FN:328,handleLogout
FN:333,(anonymous_4)
FN:429,(anonymous_5)
FN:458,(anonymous_6)
FN:476,(anonymous_7)
FNF:8
FNH:0
FNDA:0,PerfilScreen
FNDA:0,(anonymous_1)
FNDA:0,(anonymous_2)
FNDA:0,handleLogout
FNDA:0,(anonymous_4)
FNDA:0,(anonymous_5)
FNDA:0,(anonymous_6)
FNDA:0,(anonymous_7)
DA:26,0
DA:27,0
DA:28,0
DA:29,0
DA:30,0
DA:31,0
DA:32,0
DA:33,0
DA:35,0
DA:329,0
DA:330,0
DA:332,0
DA:333,0
DA:334,0
DA:335,0
DA:336,0
DA:337,0
DA:339,0
DA:341,0
DA:345,0
DA:346,0
DA:347,0
DA:348,0
DA:350,0
DA:429,0
DA:458,0
DA:476,0
LF:27
LH:0
BRDA:345,0,0,0
BRDA:345,0,1,0
BRDA:346,1,0,0
BRDA:346,1,1,0
BRDA:347,2,0,0
BRDA:347,2,1,0
BRDA:348,3,0,0
BRDA:348,3,1,0
BRDA:359,4,0,0
BRDA:359,4,1,0
BRDA:362,5,0,0
BRDA:362,5,1,0
BRDA:362,6,0,0
BRDA:362,6,1,0
BRDA:362,7,0,0
BRDA:362,7,1,0
BRDA:365,8,0,0
BRDA:365,8,1,0
BRDA:366,9,0,0
BRDA:366,9,1,0
BRDA:369,10,0,0
BRDA:369,10,1,0
BRDA:370,11,0,0
BRDA:370,11,1,0
BRDA:372,12,0,0
BRDA:372,12,1,0
BRDA:373,13,0,0
BRDA:373,13,1,0
BRDA:378,14,0,0
BRDA:378,14,1,0
BRDA:381,15,0,0
BRDA:381,15,1,0
BRDA:382,16,0,0
BRDA:382,16,1,0
BRDA:384,17,0,0
BRDA:384,17,1,0
BRDA:385,18,0,0
BRDA:385,18,1,0
BRDA:389,19,0,0
BRDA:389,19,1,0
BRDA:390,20,0,0
BRDA:390,20,1,0
BRDA:392,21,0,0
BRDA:392,21,1,0
BRDA:393,22,0,0
BRDA:393,22,1,0
BRDA:397,23,0,0
BRDA:397,23,1,0
BRDA:398,24,0,0
BRDA:398,24,1,0
BRDA:400,25,0,0
BRDA:400,25,1,0
BRDA:405,26,0,0
BRDA:405,26,1,0
BRDA:408,27,0,0
BRDA:408,27,1,0
BRDA:409,28,0,0
BRDA:409,28,1,0
BRDA:411,29,0,0
BRDA:411,29,1,0
BRDA:417,30,0,0
BRDA:417,30,1,0
BRDA:418,31,0,0
BRDA:418,31,1,0
BRDA:421,32,0,0
BRDA:421,32,1,0
BRDA:422,33,0,0
BRDA:422,33,1,0
BRDA:422,34,0,0
BRDA:422,34,1,0
BRDA:431,35,0,0
BRDA:431,35,1,0
BRDA:432,36,0,0
BRDA:432,36,1,0
BRDA:435,37,0,0
BRDA:435,37,1,0
BRDA:436,38,0,0
BRDA:436,38,1,0
BRDA:438,39,0,0
BRDA:438,39,1,0
BRDA:442,40,0,0
BRDA:442,40,1,0
BRDA:445,41,0,0
BRDA:445,41,1,0
BRDA:446,42,0,0
BRDA:446,42,1,0
BRDA:448,43,0,0
BRDA:448,43,1,0
BRDA:452,44,0,0
BRDA:452,44,1,0
BRDA:453,45,0,0
BRDA:453,45,1,0
BRDA:455,46,0,0
BRDA:455,46,1,0
BRDA:459,47,0,0
BRDA:459,47,1,0
BRDA:460,48,0,0
BRDA:460,48,1,0
BRDA:462,49,0,0
BRDA:462,49,1,0
BRF:100
BRH:0
end_of_record
TN:
SF:app/(tabs)/rastreamento.tsx
FN:45,getStatusIndex
FN:56,TrackingScreen
FN:62,(anonymous_2)
FN:63,(anonymous_3)
FN:65,(anonymous_4)
FN:84,(anonymous_5)
FN:91,(anonymous_6)
FN:92,(anonymous_7)
FN:104,(anonymous_8)
FN:110,(anonymous_9)
FN:380,formatDate
FN:390,renderHistoryOrder
FN:402,(anonymous_12)
FN:421,renderTimeline
FN:426,(anonymous_14)
FN:485,(anonymous_15)
FN:492,(anonymous_16)
FN:546,(anonymous_17)
FN:573,(anonymous_18)
FN:591,(anonymous_19)
FN:603,(anonymous_20)
FN:607,(anonymous_21)
FNF:22
FNH:0
FNDA:0,getStatusIndex
FNDA:0,TrackingScreen
FNDA:0,(anonymous_2)
FNDA:0,(anonymous_3)
FNDA:0,(anonymous_4)
FNDA:0,(anonymous_5)
FNDA:0,(anonymous_6)
FNDA:0,(anonymous_7)
FNDA:0,(anonymous_8)
FNDA:0,(anonymous_9)
FNDA:0,formatDate
FNDA:0,renderHistoryOrder
FNDA:0,(anonymous_12)
FNDA:0,renderTimeline
FNDA:0,(anonymous_14)
FNDA:0,(anonymous_15)
FNDA:0,(anonymous_16)
FNDA:0,(anonymous_17)
FNDA:0,(anonymous_18)
FNDA:0,(anonymous_19)
FNDA:0,(anonymous_20)
FNDA:0,(anonymous_21)
DA:14,0
DA:22,0
DA:29,0
DA:37,0
DA:46,0
DA:53,0
DA:57,0
DA:58,0
DA:59,0
DA:60,0
DA:62,0
DA:63,0
DA:65,0
DA:70,0
DA:76,0
DA:80,0
DA:81,0
DA:84,0
DA:85,0
DA:86,0
DA:87,0
DA:88,0
DA:91,0
DA:92,0
DA:93,0
DA:94,0
DA:95,0
DA:96,0
DA:98,0
DA:99,0
DA:100,0
DA:104,0
DA:107,0
DA:108,0
DA:110,0
DA:381,0
DA:382,0
DA:391,0
DA:392,0
DA:403,0
DA:422,0
DA:423,0
DA:427,0
DA:428,0
DA:429,0
DA:465,0
DA:486,0
DA:487,0
DA:488,0
DA:492,0
DA:546,0
DA:573,0
DA:591,0
DA:603,0
DA:607,0
LF:55
LH:0
BRDA:53,0,0,0
BRDA:53,0,1,0
BRDA:62,1,0,0
BRDA:62,1,1,0
BRDA:63,2,0,0
BRDA:63,2,1,0
BRDA:65,3,0,0
BRDA:65,3,1,0
BRDA:65,3,2,0
BRDA:70,4,0,0
BRDA:70,4,1,0
BRDA:72,5,0,0
BRDA:72,5,1,0
BRDA:76,6,0,0
BRDA:76,6,1,0
BRDA:85,7,0,0
BRDA:85,7,1,0
BRDA:85,8,0,0
BRDA:85,8,1,0
BRDA:94,9,0,0
BRDA:94,9,1,0
BRDA:407,10,0,0
BRDA:407,10,1,0
BRDA:422,11,0,0
BRDA:422,11,1,0
BRDA:432,12,0,0
BRDA:432,12,1,0
BRDA:432,12,2,0
BRDA:437,13,0,0
BRDA:437,13,1,0
BRDA:438,14,0,0
BRDA:438,14,1,0
BRDA:441,15,0,0
BRDA:441,15,1,0
BRDA:443,16,0,0
BRDA:443,16,1,0
BRDA:450,17,0,0
BRDA:450,17,1,0
BRDA:453,18,0,0
BRDA:453,18,1,0
BRDA:454,19,0,0
BRDA:454,19,1,0
BRDA:454,19,2,0
BRDA:483,20,0,0
BRDA:483,20,1,0
BRDA:491,21,0,0
BRDA:491,21,1,0
BRDA:497,22,0,0
BRDA:497,22,1,0
BRDA:499,23,0,0
BRDA:499,23,1,0
BRDA:508,24,0,0
BRDA:508,24,1,0
BRDA:512,25,0,0
BRDA:512,25,1,0
BRDA:514,26,0,0
BRDA:514,26,1,0
BRDA:519,27,0,0
BRDA:519,27,1,0
BRDA:530,28,0,0
BRDA:530,28,1,0
BRDA:537,29,0,0
BRDA:537,29,1,0
BRDA:562,30,0,0
BRDA:562,30,1,0
BRDA:569,31,0,0
BRDA:569,31,1,0
BRDA:601,32,0,0
BRDA:601,32,1,0
BRDA:604,33,0,0
BRDA:604,33,1,0
BRF:71
BRH:0
end_of_record
TN:
SF:app/(tabs)/restaurantes.tsx
FN:32,RestaurantesScreen
FN:41,(anonymous_1)
FN:44,(anonymous_2)
FN:57,(anonymous_3)
FN:62,(anonymous_4)
FN:65,(anonymous_5)
FN:72,(anonymous_6)
FN:77,handleToggleFavorite
FN:82,(anonymous_8)
FN:90,(anonymous_9)
FN:93,(anonymous_10)
FN:106,(anonymous_11)
FN:112,(anonymous_12)
FN:257,(anonymous_13)
FN:285,(anonymous_14)
FN:292,(anonymous_15)
FN:312,(anonymous_16)
FN:313,(anonymous_17)
FN:323,(anonymous_18)
FN:324,(anonymous_19)
FNF:20
FNH:0
FNDA:0,RestaurantesScreen
FNDA:0,(anonymous_1)
FNDA:0,(anonymous_2)
FNDA:0,(anonymous_3)
FNDA:0,(anonymous_4)
FNDA:0,(anonymous_5)
FNDA:0,(anonymous_6)
FNDA:0,handleToggleFavorite
FNDA:0,(anonymous_8)
FNDA:0,(anonymous_9)
FNDA:0,(anonymous_10)
FNDA:0,(anonymous_11)
FNDA:0,(anonymous_12)
FNDA:0,(anonymous_13)
FNDA:0,(anonymous_14)
FNDA:0,(anonymous_15)
FNDA:0,(anonymous_16)
FNDA:0,(anonymous_17)
FNDA:0,(anonymous_18)
FNDA:0,(anonymous_19)
DA:26,0
DA:33,0
DA:34,0
DA:35,0
DA:36,0
DA:37,0
DA:38,0
DA:39,0
DA:41,0
DA:42,0
DA:44,0
DA:45,0
DA:46,0
DA:47,0
DA:48,0
DA:51,0
DA:53,0
DA:57,0
DA:58,0
DA:62,0
DA:63,0
DA:65,0
DA:66,0
DA:67,0
DA:68,0
DA:72,0
DA:73,0
DA:78,0
DA:79,0
DA:82,0
DA:83,0
DA:84,0
DA:85,0
DA:87,0
DA:90,0
DA:91,0
DA:93,0
DA:95,0
DA:100,0
DA:105,0
DA:106,0
DA:112,0
DA:246,0
DA:258,0
DA:286,0
DA:288,0
DA:292,0
DA:312,0
DA:314,0
DA:323,0
DA:324,0
LF:51
LH:0
BRDA:47,0,0,0
BRDA:47,0,1,0
BRDA:53,1,0,0
BRDA:53,1,1,0
BRDA:67,2,0,0
BRDA:67,2,1,0
BRDA:85,3,0,0
BRDA:85,3,1,0
BRDA:95,4,0,0
BRDA:95,4,1,0
BRDA:95,4,2,0
BRDA:100,5,0,0
BRDA:100,5,1,0
BRDA:100,5,2,0
BRDA:100,5,3,0
BRDA:100,5,4,0
BRDA:100,5,5,0
BRDA:100,5,6,0
BRDA:105,6,0,0
BRDA:105,6,1,0
BRDA:291,7,0,0
BRDA:291,7,1,0
BRDA:295,8,0,0
BRDA:295,8,1,0
BRDA:319,9,0,0
BRDA:319,9,1,0
BRDA:321,10,0,0
BRDA:321,10,1,0
BRF:28
BRH:0
end_of_record
TN:
SF:src/components/ui/Badge.tsx
FN:12,Badge
FN:13,(anonymous_1)
FN:32,(anonymous_2)
FN:51,(anonymous_3)
FN:63,(anonymous_4)
FNF:5
FNH:0
FNDA:0,Badge
FNDA:0,(anonymous_1)
FNDA:0,(anonymous_2)
FNDA:0,(anonymous_3)
FNDA:0,(anonymous_4)
DA:13,0
DA:14,0
DA:16,0
DA:18,0
DA:20,0
DA:22,0
DA:24,0
DA:26,0
DA:28,0
DA:32,0
DA:33,0
DA:35,0
DA:37,0
DA:39,0
DA:41,0
DA:43,0
DA:45,0
DA:47,0
DA:51,0
DA:52,0
DA:54,0
DA:56,0
DA:59,0
DA:63,0
DA:64,0
DA:66,0
DA:68,0
DA:71,0
DA:75,0
DA:91,0
LF:30
LH:0
BRDA:12,0,0,0
BRDA:12,1,0,0
BRDA:14,2,0,0
BRDA:14,2,1,0
BRDA:14,2,2,0
BRDA:14,2,3,0
BRDA:14,2,4,0
BRDA:14,2,5,0
BRDA:14,2,6,0
BRDA:33,3,0,0
BRDA:33,3,1,0
BRDA:33,3,2,0
BRDA:33,3,3,0
BRDA:33,3,4,0
BRDA:33,3,5,0
BRDA:33,3,6,0
BRDA:52,4,0,0
BRDA:52,4,1,0
BRDA:52,4,2,0
BRDA:52,4,3,0
BRDA:64,5,0,0
BRDA:64,5,1,0
BRDA:64,5,2,0
BRDA:64,5,3,0
BRDA:83,6,0,0
BRDA:83,6,1,0
BRF:26
BRH:0
end_of_record
TN:
SF:src/components/ui/Button.tsx
FN:16,Button
FN:18,(anonymous_1)
FN:19,(anonymous_2)
FNF:3
FNH:0
FNDA:0,Button
FNDA:0,(anonymous_1)
FNDA:0,(anonymous_2)
DA:17,0
DA:18,0
DA:19,0
DA:20,0
DA:22,0
DA:37,0
LF:6
LH:0
BRDA:16,0,0,0
BRDA:16,1,0,0
BRDA:16,2,0,0
BRDA:16,3,0,0
BRDA:18,4,0,0
BRDA:18,4,1,0
BRDA:18,5,0,0
BRDA:18,5,1,0
BRDA:19,6,0,0
BRDA:19,6,1,0
BRDA:19,7,0,0
BRDA:19,7,1,0
BRDA:20,8,0,0
BRDA:20,8,1,0
BRDA:20,9,0,0
BRDA:20,9,1,0
BRDA:25,10,0,0
BRDA:25,10,1,0
BRDA:29,11,0,0
BRDA:29,11,1,0
BRDA:32,12,0,0
BRDA:32,12,1,0
BRF:22
BRH:0
end_of_record
TN:
SF:src/components/ui/CachedImage.tsx
FN:17,CachedImage
FN:36,(anonymous_1)
FN:37,(anonymous_2)
FNF:3
FNH:0
FNDA:0,CachedImage
FNDA:0,(anonymous_1)
FNDA:0,(anonymous_2)
DA:24,0
DA:26,0
DA:36,0
DA:37,0
DA:49,0
LF:5
LH:0
BRDA:20,0,0,0
BRDA:21,1,0,0
BRDA:28,2,0,0
BRDA:28,2,1,0
BRDA:35,3,0,0
BRDA:35,3,1,0
BRDA:40,4,0,0
BRDA:40,4,1,0
BRF:8
BRH:0
end_of_record
TN:
SF:src/components/ui/CategoryCard.tsx
FN:14,CategoryCard
FN:15,(anonymous_1)
FNF:2
FNH:0
FNDA:0,CategoryCard
FNDA:0,(anonymous_1)
DA:15,0
DA:16,0
DA:17,0
DA:18,0
DA:19,0
DA:20,0
DA:21,0
DA:22,0
DA:23,0
DA:24,0
DA:25,0
DA:29,0
DA:51,0
LF:13
LH:0
BRDA:16,0,0,0
BRDA:16,0,1,0
BRDA:16,0,2,0
BRDA:16,0,3,0
BRDA:16,0,4,0
BRDA:16,0,5,0
BRDA:16,0,6,0
BRDA:16,0,7,0
BRDA:16,0,8,0
BRDA:32,1,0,0
BRDA:32,1,1,0
BRF:11
BRH:0
end_of_record
TN:
SF:src/components/ui/CategoryIcon.tsx
FN:23,(anonymous_0)
FNF:1
FNH:0
FNDA:0,(anonymous_0)
DA:15,0
DA:23,0
DA:28,0
DA:29,0
DA:30,0
DA:38,0
LF:6
LH:0
BRDA:25,0,0,0
BRDA:26,1,0,0
BRDA:28,2,0,0
BRDA:28,2,1,0
BRDA:29,3,0,0
BRDA:29,3,1,0
BRF:6
BRH:0
end_of_record
TN:
SF:src/components/ui/ChatBadge.tsx
FN:15,ChatBadge
FN:18,(anonymous_1)
FN:22,(anonymous_2)
FN:43,(anonymous_3)
FNF:4
FNH:0
FNDA:0,ChatBadge
FNDA:0,(anonymous_1)
FNDA:0,(anonymous_2)
FNDA:0,(anonymous_3)
DA:16,0
DA:17,0
DA:18,0
DA:19,0
DA:22,0
DA:40,0
DA:44,0
LF:7
LH:0
BRDA:15,0,0,0
BRDA:19,1,0,0
BRDA:19,1,1,0
BRDA:46,2,0,0
BRDA:46,2,1,0
BRDA:56,3,0,0
BRDA:56,3,1,0
BRF:7
BRH:0
end_of_record
TN:
SF:src/components/ui/ConfirmDialog.tsx
FN:26,ConfirmDialog
FNF:1
FNH:0
FNDA:0,ConfirmDialog
DA:37,0
DA:78,0
LF:2
LH:0
BRDA:30,0,0,0
BRDA:31,1,0,0
BRDA:32,2,0,0
BRDA:33,3,0,0
BRF:4
BRH:0
end_of_record
TN:
SF:src/components/ui/Header.tsx
FN:26,Header
FN:51,(anonymous_1)
FN:76,(anonymous_2)
FN:94,(anonymous_3)
FNF:4
FNH:0
FNDA:0,Header
FNDA:0,(anonymous_1)
FNDA:0,(anonymous_2)
FNDA:0,(anonymous_3)
DA:41,0
DA:42,0
DA:43,0
DA:45,0
DA:51,0
DA:76,0
DA:94,0
DA:112,0
LF:8
LH:0
BRDA:27,0,0,0
BRDA:29,1,0,0
BRDA:30,2,0,0
BRDA:31,3,0,0
BRDA:32,4,0,0
BRDA:33,5,0,0
BRDA:34,6,0,0
BRDA:35,7,0,0
BRDA:38,8,0,0
BRDA:39,9,0,0
BRDA:46,10,0,0
BRDA:46,10,1,0
BRDA:48,11,0,0
BRDA:48,11,1,0
BRDA:51,12,0,0
BRDA:51,12,1,0
BRDA:59,13,0,0
BRDA:59,13,1,0
BRDA:59,14,0,0
BRDA:59,14,1,0
BRDA:66,15,0,0
BRDA:66,15,1,0
BRDA:71,16,0,0
BRDA:71,16,1,0
BRDA:73,17,0,0
BRDA:73,17,1,0
BRDA:83,18,0,0
BRDA:83,18,1,0
BRDA:91,19,0,0
BRDA:91,19,1,0
BRDA:96,20,0,0
BRDA:96,20,1,0
BRF:32
BRH:0
end_of_record
TN:
SF:src/components/ui/Input.tsx
FN:24,Input
FN:102,(anonymous_1)
FNF:2
FNH:0
FNDA:0,Input
FNDA:0,(anonymous_1)
DA:40,0
DA:41,0
DA:42,0
DA:44,0
DA:78,0
DA:102,0
LF:6
LH:0
BRDA:28,0,0,0
BRDA:29,1,0,0
BRDA:33,2,0,0
BRDA:34,3,0,0
BRDA:35,4,0,0
BRDA:37,5,0,0
BRDA:41,6,0,0
BRDA:41,6,1,0
BRDA:42,7,0,0
BRDA:42,7,1,0
BRDA:80,8,0,0
BRDA:80,8,1,0
BRDA:80,8,2,0
BRDA:91,9,0,0
BRDA:91,9,1,0
BRDA:92,10,0,0
BRDA:92,10,1,0
BRDA:92,10,2,0
BRDA:93,11,0,0
BRDA:93,11,1,0
BRDA:93,11,2,0
BRDA:101,12,0,0
BRDA:101,12,1,0
BRDA:102,13,0,0
BRDA:102,13,1,0
BRDA:108,14,0,0
BRDA:108,14,1,0
BRDA:108,14,2,0
BRF:28
BRH:0
end_of_record
TN:
SF:src/components/ui/NotificationBell.tsx
FN:14,NotificationBell
FN:19,(anonymous_1)
FN:48,(anonymous_2)
FNF:3
FNH:0
FNDA:0,NotificationBell
FNDA:0,(anonymous_1)
FNDA:0,(anonymous_2)
DA:15,0
DA:16,0
DA:17,0
DA:19,0
DA:45,0
DA:48,0
LF:6
LH:0
BRDA:14,0,0,0
BRDA:56,1,0,0
BRDA:56,1,1,0
BRDA:59,2,0,0
BRDA:59,2,1,0
BRF:5
BRH:0
end_of_record
TN:
SF:src/components/ui/PaymentMethodCard.tsx
FN:29,PaymentMethodCard
FN:37,(anonymous_1)
FNF:2
FNH:0
FNDA:0,PaymentMethodCard
FNDA:0,(anonymous_1)
DA:15,0
DA:22,0
DA:35,0
DA:37,0
DA:111,0
DA:112,0
DA:114,0
LF:7
LH:0
BRDA:33,0,0,0
BRDA:112,1,0,0
BRDA:112,1,1,0
BRDA:119,2,0,0
BRDA:119,2,1,0
BRDA:124,3,0,0
BRDA:124,3,1,0
BRDA:128,4,0,0
BRDA:128,4,1,0
BRDA:137,5,0,0
BRDA:137,5,1,0
BRDA:144,6,0,0
BRDA:144,6,1,0
BRDA:154,7,0,0
BRDA:154,7,1,0
BRDA:156,8,0,0
BRDA:156,8,1,0
BRF:17
BRH:0
end_of_record
TN:
SF:src/components/ui/ProductCard.tsx
FN:19,ProductCard
FN:32,(anonymous_1)
FNF:2
FNH:0
FNDA:0,ProductCard
FNDA:0,(anonymous_1)
DA:30,0
DA:32,0
DA:171,0
DA:172,0
DA:204,0
LF:5
LH:0
BRDA:28,0,0,0
BRDA:171,1,0,0
BRDA:171,1,1,0
BRDA:173,2,0,0
BRDA:173,2,1,0
BRDA:176,3,0,0
BRDA:176,3,1,0
BRDA:179,4,0,0
BRDA:179,4,1,0
BRDA:190,5,0,0
BRDA:190,5,1,0
BRDA:205,6,0,0
BRDA:205,6,1,0
BRDA:214,7,0,0
BRDA:214,7,1,0
BRDA:217,8,0,0
BRDA:217,8,1,0
BRF:17
BRH:0
end_of_record
TN:
SF:src/components/ui/RestaurantCard.tsx
FN:20,RestaurantCard
FN:23,(anonymous_1)
FNF:2
FNH:0
FNDA:0,RestaurantCard
FNDA:0,(anonymous_1)
DA:21,0
DA:23,0
DA:58,0
LF:3
LH:0
BRDA:62,0,0,0
BRDA:62,0,1,0
BRDA:65,1,0,0
BRDA:65,1,1,0
BRDA:68,2,0,0
BRDA:68,2,1,0
BRDA:70,3,0,0
BRDA:70,3,1,0
BRDA:78,4,0,0
BRDA:78,4,1,0
BRDA:88,5,0,0
BRDA:88,5,1,0
BRDA:96,6,0,0
BRDA:96,6,1,0
BRDA:97,7,0,0
BRDA:97,7,1,0
BRF:16
BRH:0
end_of_record
TN:
SF:src/components/ui/SearchBar.tsx
FN:15,SearchBar
FNF:1
FNH:0
FNDA:0,SearchBar
DA:23,0
DA:58,0
LF:2
LH:0
BRDA:16,0,0,0
BRDA:21,1,0,0
BRDA:41,2,0,0
BRDA:41,2,1,0
BRDA:41,2,2,0
BRDA:46,3,0,0
BRDA:46,3,1,0
BRF:7
BRH:0
end_of_record
TN:
SF:src/components/ui/SplashScreen.tsx
FN:18,AnimatedSplashScreen
FN:28,(anonymous_1)
FN:63,(anonymous_2)
FN:84,(anonymous_3)
FN:87,(anonymous_4)
FN:89,(anonymous_5)
FN:95,(anonymous_6)
FN:101,(anonymous_7)
FNF:8
FNH:0
FNDA:0,AnimatedSplashScreen
FNDA:0,(anonymous_1)
FNDA:0,(anonymous_2)
FNDA:0,(anonymous_3)
FNDA:0,(anonymous_4)
FNDA:0,(anonymous_5)
FNDA:0,(anonymous_6)
FNDA:0,(anonymous_7)
DA:19,0
DA:20,0
DA:21,0
DA:22,0
DA:23,0
DA:25,0
DA:26,0
DA:28,0
DA:30,0
DA:60,0
DA:63,0
DA:65,0
DA:82,0
DA:84,0
DA:87,0
DA:88,0
DA:89,0
DA:90,0
DA:96,0
DA:97,0
DA:101,0
DA:105,0
DA:106,0
DA:109,0
DA:114,0
DA:155,0
LF:26
LH:0
BRDA:88,0,0,0
BRDA:88,0,1,0
BRDA:88,1,0,0
BRDA:88,1,1,0
BRDA:105,2,0,0
BRDA:105,2,1,0
BRF:6
BRH:0
end_of_record
TN:
SF:src/components/ui/TrackingMap.tsx
FN:18,TrackingMap
FN:36,(anonymous_1)
FN:41,(anonymous_2)
FN:62,(anonymous_3)
FN:74,(anonymous_4)
FN:82,(anonymous_5)
FN:86,(anonymous_6)
FN:87,(anonymous_7)
FN:104,(anonymous_8)
FN:109,(anonymous_9)
FNF:10
FNH:0
FNDA:0,TrackingMap
FNDA:0,(anonymous_1)
FNDA:0,(anonymous_2)
FNDA:0,(anonymous_3)
FNDA:0,(anonymous_4)
FNDA:0,(anonymous_5)
FNDA:0,(anonymous_6)
FNDA:0,(anonymous_7)
FNDA:0,(anonymous_8)
FNDA:0,(anonymous_9)
DA:24,0
DA:25,0
DA:26,0
DA:32,0
DA:33,0
DA:36,0
DA:37,0
DA:41,0
DA:42,0
DA:43,0
DA:44,0
DA:47,0
DA:50,0
DA:56,0
DA:63,0
DA:72,0
DA:74,0
DA:75,0
DA:76,0
DA:82,0
DA:83,0
DA:84,0
DA:86,0
DA:87,0
DA:89,0
DA:90,0
DA:91,0
DA:92,0
DA:94,0
DA:95,0
DA:102,0
DA:104,0
DA:105,0
DA:109,0
DA:110,0
DA:111,0
DA:120,0
DA:183,0
LF:38
LH:0
BRDA:22,0,0,0
BRDA:37,1,0,0
BRDA:37,1,1,0
BRDA:37,2,0,0
BRDA:37,2,1,0
BRDA:43,3,0,0
BRDA:43,3,1,0
BRDA:75,4,0,0
BRDA:75,4,1,0
BRDA:84,5,0,0
BRDA:84,5,1,0
BRDA:110,6,0,0
BRDA:110,6,1,0
BRDA:110,7,0,0
BRDA:110,7,1,0
BRDA:135,8,0,0
BRDA:135,8,1,0
BRDA:166,9,0,0
BRDA:166,9,1,0
BRF:19
BRH:0
end_of_record
TN:
SF:src/components/ui/TrackingMap.web.tsx
FN:17,TrackingMap
FN:87,(anonymous_1)
FNF:2
FNH:0
FNDA:0,TrackingMap
FNDA:0,(anonymous_1)
DA:22,0
DA:25,0
DA:26,0
DA:27,0
DA:30,0
DA:34,0
DA:100,0
LF:7
LH:0
BRDA:27,0,0,0
BRDA:27,0,1,0
BRDA:30,1,0,0
BRDA:30,1,1,0
BRF:4
BRH:0
end_of_record
TN:
SF:src/components/ui/index.ts
FNF:0
FNH:0
LF:0
LH:0
BRF:0
BRH:0
end_of_record
TN:
SF:src/constants/checkoutFallbacks.ts
FNF:0
FNH:0
DA:4,0
LF:1
LH:0
BRF:0
BRH:0
end_of_record
TN:
SF:src/hooks/useApi.ts
FNF:0
FNH:0
LF:0
LH:0
BRF:0
BRH:0
end_of_record
TN:
SF:src/hooks/useDebouncedValue.ts
FN:3,useDebouncedValue
FN:6,(anonymous_1)
FN:7,(anonymous_2)
FN:8,(anonymous_3)
FNF:4
FNH:0
FNDA:0,useDebouncedValue
FNDA:0,(anonymous_1)
FNDA:0,(anonymous_2)
FNDA:0,(anonymous_3)
DA:4,0
DA:6,0
DA:7,0
DA:8,0
DA:11,0
LF:5
LH:0
BRF:0
BRH:0
end_of_record
TN:
SF:src/hooks/useSubmitOrderMutation.ts
FN:23,classifyOrderError
FN:86,useSubmitOrderMutation
FN:91,(anonymous_2)
FN:101,(anonymous_3)
FNF:4
FNH:0
FNDA:0,classifyOrderError
FNDA:0,useSubmitOrderMutation
FNDA:0,(anonymous_2)
FNDA:0,(anonymous_3)
DA:24,0
DA:25,0
DA:32,0
DA:34,0
DA:35,0
DA:42,0
DA:43,0
DA:50,0
DA:51,0
DA:53,0
DA:54,0
DA:61,0
DA:62,0
DA:70,0
DA:71,0
DA:79,0
DA:87,0
DA:88,0
DA:90,0
DA:98,0
DA:99,0
DA:102,0
DA:103,0
LF:23
LH:0
BRDA:24,0,0,0
BRDA:24,0,1,0
BRDA:34,1,0,0
BRDA:34,1,1,0
BRDA:42,2,0,0
BRDA:42,2,1,0
BRDA:53,3,0,0
BRDA:53,3,1,0
BRDA:61,4,0,0
BRDA:61,4,1,0
BRDA:61,5,0,0
BRDA:61,5,1,0
BRDA:64,6,0,0
BRDA:64,6,1,0
BRDA:70,7,0,0
BRDA:70,7,1,0
BRF:16
BRH:0
end_of_record
TN:
SF:src/hooks/useTheme.tsx
FN:14,ThemeProvider
FN:20,(anonymous_1)
FN:21,(anonymous_2)
FN:36,(anonymous_3)
FN:37,(anonymous_4)
FN:39,(anonymous_5)
FN:44,(anonymous_6)
FN:46,(anonymous_7)
FN:59,useTheme
FN:68,useThemeColors
FNF:10
FNH:0
FNDA:0,ThemeProvider
FNDA:0,(anonymous_1)
FNDA:0,(anonymous_2)
FNDA:0,(anonymous_3)
FNDA:0,(anonymous_4)
FNDA:0,(anonymous_5)
FNDA:0,(anonymous_6)
FNDA:0,(anonymous_7)
FNDA:0,useTheme
FNDA:0,useThemeColors
DA:12,0
DA:16,0
DA:17,0
DA:20,0
DA:21,0
DA:22,0
DA:23,0
DA:24,0
DA:25,0
DA:31,0
DA:36,0
DA:37,0
DA:38,0
DA:39,0
DA:40,0
DA:44,0
DA:45,0
DA:46,0
DA:50,0
DA:52,0
DA:60,0
DA:61,0
DA:62,0
DA:64,0
DA:69,0
DA:70,0
DA:71,0
DA:73,0
LF:28
LH:0
BRDA:24,0,0,0
BRDA:24,0,1,0
BRDA:39,1,0,0
BRDA:39,1,1,0
BRDA:46,2,0,0
BRDA:46,2,1,0
BRDA:50,3,0,0
BRDA:50,3,1,0
BRDA:61,4,0,0
BRDA:61,4,1,0
BRDA:70,5,0,0
BRDA:70,5,1,0
BRF:12
BRH:0
end_of_record
TN:
SF:src/services/api.ts
FN:13,(anonymous_0)
FN:20,(anonymous_1)
FN:24,(anonymous_2)
FN:25,(anonymous_3)
FN:35,(anonymous_4)
FN:37,(anonymous_5)
FN:39,(anonymous_6)
FN:40,(anonymous_7)
FN:42,(anonymous_8)
FN:43,(anonymous_9)
FN:44,(anonymous_10)
FN:46,(anonymous_11)
FN:51,(anonymous_12)
FN:53,(anonymous_13)
FN:54,(anonymous_14)
FN:56,(anonymous_15)
FN:60,(anonymous_16)
FN:65,(anonymous_17)
FN:67,(anonymous_18)
FN:68,(anonymous_19)
FN:69,(anonymous_20)
FN:71,(anonymous_21)
FN:73,(anonymous_22)
FN:74,(anonymous_23)
FN:76,(anonymous_24)
FN:81,(anonymous_25)
FN:83,(anonymous_26)
FN:85,(anonymous_27)
FN:87,(anonymous_28)
FN:88,(anonymous_29)
FN:92,(anonymous_30)
FN:94,(anonymous_31)
FN:98,(anonymous_32)
FN:99,(anonymous_33)
FN:101,(anonymous_34)
FN:103,(anonymous_35)
FN:105,(anonymous_36)
FN:110,(anonymous_37)
FN:112,(anonymous_38)
FN:113,(anonymous_39)
FN:115,(anonymous_40)
FN:117,(anonymous_41)
FN:119,(anonymous_42)
FN:121,(anonymous_43)
FN:122,(anonymous_44)
FN:123,(anonymous_45)
FN:125,(anonymous_46)
FN:126,(anonymous_47)
FN:128,(anonymous_48)
FN:130,(anonymous_49)
FN:132,(anonymous_50)
FNF:51
FNH:0
FNDA:0,(anonymous_0)
FNDA:0,(anonymous_1)
FNDA:0,(anonymous_2)
FNDA:0,(anonymous_3)
FNDA:0,(anonymous_4)
FNDA:0,(anonymous_5)
FNDA:0,(anonymous_6)
FNDA:0,(anonymous_7)
FNDA:0,(anonymous_8)
FNDA:0,(anonymous_9)
FNDA:0,(anonymous_10)
FNDA:0,(anonymous_11)
FNDA:0,(anonymous_12)
FNDA:0,(anonymous_13)
FNDA:0,(anonymous_14)
FNDA:0,(anonymous_15)
FNDA:0,(anonymous_16)
FNDA:0,(anonymous_17)
FNDA:0,(anonymous_18)
FNDA:0,(anonymous_19)
FNDA:0,(anonymous_20)
FNDA:0,(anonymous_21)
FNDA:0,(anonymous_22)
FNDA:0,(anonymous_23)
FNDA:0,(anonymous_24)
FNDA:0,(anonymous_25)
FNDA:0,(anonymous_26)
FNDA:0,(anonymous_27)
FNDA:0,(anonymous_28)
FNDA:0,(anonymous_29)
FNDA:0,(anonymous_30)
FNDA:0,(anonymous_31)
FNDA:0,(anonymous_32)
FNDA:0,(anonymous_33)
FNDA:0,(anonymous_34)
FNDA:0,(anonymous_35)
FNDA:0,(anonymous_36)
FNDA:0,(anonymous_37)
FNDA:0,(anonymous_38)
FNDA:0,(anonymous_39)
FNDA:0,(anonymous_40)
FNDA:0,(anonymous_41)
FNDA:0,(anonymous_42)
FNDA:0,(anonymous_43)
FNDA:0,(anonymous_44)
FNDA:0,(anonymous_45)
FNDA:0,(anonymous_46)
FNDA:0,(anonymous_47)
FNDA:0,(anonymous_48)
FNDA:0,(anonymous_49)
FNDA:0,(anonymous_50)
DA:4,0
DA:6,0
DA:12,0
DA:14,0
DA:15,0
DA:16,0
DA:17,0
DA:18,0
DA:20,0
DA:23,0
DA:24,0
DA:26,0
DA:27,0
DA:28,0
DA:30,0
DA:34,0
DA:36,0
DA:38,0
DA:39,0
DA:41,0
DA:42,0
DA:43,0
DA:45,0
DA:47,0
DA:50,0
DA:52,0
DA:53,0
DA:55,0
DA:56,0
DA:59,0
DA:61,0
DA:66,0
DA:67,0
DA:68,0
DA:70,0
DA:72,0
DA:73,0
DA:75,0
DA:77,0
DA:80,0
DA:82,0
DA:84,0
DA:86,0
DA:87,0
DA:88,0
DA:91,0
DA:93,0
DA:95,0
DA:98,0
DA:100,0
DA:102,0
DA:104,0
DA:106,0
DA:109,0
DA:111,0
DA:112,0
DA:114,0
DA:116,0
DA:118,0
DA:120,0
DA:121,0
DA:122,0
DA:124,0
DA:125,0
DA:127,0
DA:129,0
DA:131,0
DA:133,0
LF:68
LH:0
BRDA:16,0,0,0
BRDA:16,0,1,0
BRDA:16,1,0,0
BRDA:16,1,1,0
BRDA:26,2,0,0
BRDA:26,2,1,0
BRDA:62,3,0,0
BRDA:62,3,1,0
BRDA:70,4,0,0
BRDA:70,4,1,0
BRDA:76,5,0,0
BRDA:96,6,0,0
BRDA:96,6,1,0
BRF:13
BRH:0
end_of_record
TN:
SF:src/services/apiSlice.ts
FN:68,(anonymous_0)
FN:74,(anonymous_1)
FN:104,(anonymous_2)
FN:106,(anonymous_3)
FN:114,(anonymous_4)
FN:122,(anonymous_5)
FN:126,(anonymous_6)
FN:134,(anonymous_7)
FN:138,(anonymous_8)
FN:141,(anonymous_9)
FN:147,(anonymous_10)
FN:148,(anonymous_11)
FN:151,(anonymous_12)
FN:154,(anonymous_13)
FN:157,(anonymous_14)
FN:161,(anonymous_15)
FN:164,(anonymous_16)
FN:170,(anonymous_17)
FN:171,(anonymous_18)
FN:174,(anonymous_19)
FN:183,(anonymous_20)
FN:187,(anonymous_21)
FN:190,(anonymous_22)
FN:196,(anonymous_23)
FN:204,(anonymous_24)
FN:211,(anonymous_25)
FN:219,(anonymous_26)
FNF:27
FNH:0
FNDA:0,(anonymous_0)
FNDA:0,(anonymous_1)
FNDA:0,(anonymous_2)
FNDA:0,(anonymous_3)
FNDA:0,(anonymous_4)
FNDA:0,(anonymous_5)
FNDA:0,(anonymous_6)
FNDA:0,(anonymous_7)
FNDA:0,(anonymous_8)
FNDA:0,(anonymous_9)
FNDA:0,(anonymous_10)
FNDA:0,(anonymous_11)
FNDA:0,(anonymous_12)
FNDA:0,(anonymous_13)
FNDA:0,(anonymous_14)
FNDA:0,(anonymous_15)
FNDA:0,(anonymous_16)
FNDA:0,(anonymous_17)
FNDA:0,(anonymous_18)
FNDA:0,(anonymous_19)
FNDA:0,(anonymous_20)
FNDA:0,(anonymous_21)
FNDA:0,(anonymous_22)
FNDA:0,(anonymous_23)
FNDA:0,(anonymous_24)
FNDA:0,(anonymous_25)
FNDA:0,(anonymous_26)
DA:66,0
DA:69,0
DA:70,0
DA:74,0
DA:75,0
DA:77,0
DA:78,0
DA:82,0
DA:97,0
DA:100,0
DA:104,0
DA:106,0
DA:114,0
DA:122,0
DA:126,0
DA:134,0
DA:139,0
DA:141,0
DA:147,0
DA:148,0
DA:151,0
DA:154,0
DA:157,0
DA:162,0
DA:164,0
DA:170,0
DA:171,0
DA:174,0
DA:183,0
DA:188,0
DA:190,0
DA:196,0
DA:204,0
DA:211,0
DA:219,0
DA:244,0
LF:36
LH:0
BRDA:77,0,0,0
BRDA:77,0,1,0
BRDA:82,1,0,0
BRDA:82,1,1,0
BRDA:92,2,0,0
BRDA:92,2,1,0
BRDA:136,3,0,0
BRDA:136,3,1,0
BRDA:139,4,0,0
BRDA:139,4,1,0
BRDA:159,5,0,0
BRDA:159,5,1,0
BRDA:162,6,0,0
BRDA:162,6,1,0
BRDA:178,7,0,0
BRDA:178,7,1,0
BRDA:185,8,0,0
BRDA:185,8,1,0
BRDA:188,9,0,0
BRDA:188,9,1,0
BRDA:206,10,0,0
BRDA:206,10,1,0
BRDA:214,11,0,0
BRDA:214,11,1,0
BRDA:221,12,0,0
BRDA:221,12,1,0
BRF:26
BRH:0
end_of_record
TN:
SF:src/services/demoAuth.ts
FN:64,isDemoCredentials
FN:84,createDemoSession
FN:94,loadDemoSession
FN:123,saveDemoSession
FN:137,clearDemoSession
FNF:5
FNH:5
FNDA:7,isDemoCredentials
FNDA:3,createDemoSession
FNDA:4,loadDemoSession
FNDA:2,saveDemoSession
FNDA:26,clearDemoSession
DA:4,1
DA:5,1
DA:6,1
DA:10,1
DA:12,1
DA:23,1
DA:33,1
DA:43,1
DA:48,1
DA:70,7
DA:71,1
DA:72,6
DA:73,1
DA:75,5
DA:78,7
DA:85,3
DA:86,1
DA:88,2
DA:89,1
DA:91,1
DA:95,4
DA:96,0
DA:99,4
DA:100,4
DA:106,3
DA:107,1
DA:110,2
DA:111,1
DA:114,1
DA:115,1
DA:116,1
DA:118,1
DA:119,1
DA:124,2
DA:126,2
DA:127,2
DA:133,1
DA:138,26
DA:140,26
DA:141,26
DA:147,1
LF:41
LH:40
BRDA:70,0,0,1
BRDA:70,0,1,6
BRDA:72,1,0,1
BRDA:72,1,1,5
BRDA:79,2,0,7
BRDA:79,2,1,6
BRDA:85,3,0,1
BRDA:85,3,1,2
BRDA:88,4,0,1
BRDA:88,4,1,1
BRDA:95,5,0,0
BRDA:95,5,1,4
BRDA:106,6,0,1
BRDA:106,6,1,2
BRDA:106,7,0,3
BRDA:106,7,1,2
BRDA:106,7,2,2
BRDA:110,8,0,1
BRDA:110,8,1,1
BRDA:110,9,0,2
BRDA:110,9,1,2
BRDA:110,9,2,2
BRF:22
BRH:21
end_of_record
TN:
SF:src/services/favorites.ts
FN:7,readFavoriteIds
FN:29,writeFavoriteIds
FN:39,loadFavoriteRestaurantIds
FN:43,isFavoriteRestaurant
FN:48,setFavoriteRestaurant
FN:52,(anonymous_5)
FN:58,toggleFavoriteRestaurant
FN:61,(anonymous_7)
FN:68,clearFavoriteRestaurants
FNF:9
FNH:0
FNDA:0,readFavoriteIds
FNDA:0,writeFavoriteIds
FNDA:0,loadFavoriteRestaurantIds
FNDA:0,isFavoriteRestaurant
FNDA:0,setFavoriteRestaurant
FNDA:0,(anonymous_5)
FNDA:0,toggleFavoriteRestaurant
FNDA:0,(anonymous_7)
FNDA:0,clearFavoriteRestaurants
DA:3,0
DA:5,0
DA:8,0
DA:9,0
DA:11,0
DA:12,0
DA:15,0
DA:17,0
DA:18,0
DA:21,0
DA:22,0
DA:24,0
DA:25,0
DA:30,0
DA:32,0
DA:33,0
DA:35,0
DA:40,0
DA:44,0
DA:45,0
DA:49,0
DA:50,0
DA:52,0
DA:54,0
DA:55,0
DA:59,0
DA:60,0
DA:61,0
DA:64,0
DA:65,0
DA:69,0
DA:71,0
DA:72,0
DA:74,0
LF:34
LH:0
BRDA:11,0,0,0
BRDA:11,0,1,0
BRDA:17,1,0,0
BRDA:17,1,1,0
BRDA:50,2,0,0
BRDA:50,2,1,0
BRDA:60,3,0,0
BRDA:60,3,1,0
BRF:8
BRH:0
end_of_record
TN:
SF:src/services/location.ts
FN:11,requestLocationPermissions
FN:19,getCurrentLocation
FN:36,calculateDistance
FN:50,deg2rad
FN:57,estimateDeliveryTime
FN:84,simulateDriverMovement
FNF:6
FNH:0
FNDA:0,requestLocationPermissions
FNDA:0,getCurrentLocation
FNDA:0,calculateDistance
FNDA:0,deg2rad
FNDA:0,estimateDeliveryTime
FNDA:0,simulateDriverMovement
DA:12,0
DA:13,0
DA:20,0
DA:21,0
DA:24,0
DA:29,0
DA:37,0
DA:38,0
DA:39,0
DA:41,0
DA:46,0
DA:47,0
DA:51,0
DA:58,0
DA:59,0
DA:60,0
DA:66,0
DA:89,0
LF:18
LH:0
BRF:0
BRH:0
end_of_record
TN:
SF:src/services/notifications.ts
FN:18,configureNotificationHandler
FN:22,(anonymous_1)
FN:32,requestNotificationPermissions
FN:46,setupAndroidNotificationChannel
FN:59,scheduleLocalNotification
FN:80,notifyOrderConfirmed
FN:88,notifyDriverOnTheWay
FN:96,notifyOrderDelivered
FN:104,notifyPromotion
FN:112,cancelAllNotifications
FN:118,getPushToken
FN:125,dismissAllNotifications
FN:131,initializeNotifications
FN:142,setupNotificationListener
FN:144,(anonymous_14)
FN:148,(anonymous_15)
FNF:16
FNH:0
FNDA:0,configureNotificationHandler
FNDA:0,(anonymous_1)
FNDA:0,requestNotificationPermissions
FNDA:0,setupAndroidNotificationChannel
FNDA:0,scheduleLocalNotification
FNDA:0,notifyOrderConfirmed
FNDA:0,notifyDriverOnTheWay
FNDA:0,notifyOrderDelivered
FNDA:0,notifyPromotion
FNDA:0,cancelAllNotifications
FNDA:0,getPushToken
FNDA:0,dismissAllNotifications
FNDA:0,initializeNotifications
FNDA:0,setupNotificationListener
FNDA:0,(anonymous_14)
FNDA:0,(anonymous_15)
DA:14,0
DA:16,0
DA:19,0
DA:21,0
DA:22,0
DA:33,0
DA:35,0
DA:36,0
DA:38,0
DA:39,0
DA:40,0
DA:43,0
DA:47,0
DA:49,0
DA:50,0
DA:65,0
DA:67,0
DA:81,0
DA:89,0
DA:97,0
DA:105,0
DA:113,0
DA:115,0
DA:119,0
DA:121,0
DA:122,0
DA:126,0
DA:128,0
DA:132,0
DA:133,0
DA:134,0
DA:135,0
DA:143,0
DA:144,0
DA:147,0
DA:148,0
LF:36
LH:0
BRDA:19,0,0,0
BRDA:19,0,1,0
BRDA:33,1,0,0
BRDA:33,1,1,0
BRDA:38,2,0,0
BRDA:38,2,1,0
BRDA:47,3,0,0
BRDA:47,3,1,0
BRDA:49,4,0,0
BRDA:49,4,1,0
BRDA:63,5,0,0
BRDA:65,6,0,0
BRDA:65,6,1,0
BRDA:74,7,0,0
BRDA:74,7,1,0
BRDA:113,8,0,0
BRDA:113,8,1,0
BRDA:119,9,0,0
BRDA:119,9,1,0
BRDA:122,10,0,0
BRDA:122,10,1,0
BRDA:126,11,0,0
BRDA:126,11,1,0
BRDA:143,12,0,0
BRDA:143,12,1,0
BRF:25
BRH:0
end_of_record
TN:
SF:src/services/notifications.web.ts
FN:10,configureNotificationHandler
FN:14,requestNotificationPermissions
FN:18,setupAndroidNotificationChannel
FN:22,scheduleLocalNotification
FN:31,notifyOrderConfirmed
FN:35,notifyDriverOnTheWay
FN:39,notifyOrderDelivered
FN:43,notifyPromotion
FN:47,cancelAllNotifications
FN:51,getPushToken
FN:55,dismissAllNotifications
FN:59,initializeNotifications
FN:63,setupNotificationListener
FN:64,(anonymous_13)
FNF:14
FNH:0
FNDA:0,configureNotificationHandler
FNDA:0,requestNotificationPermissions
FNDA:0,setupAndroidNotificationChannel
FNDA:0,scheduleLocalNotification
FNDA:0,notifyOrderConfirmed
FNDA:0,notifyDriverOnTheWay
FNDA:0,notifyOrderDelivered
FNDA:0,notifyPromotion
FNDA:0,cancelAllNotifications
FNDA:0,getPushToken
FNDA:0,dismissAllNotifications
FNDA:0,initializeNotifications
FNDA:0,setupNotificationListener
FNDA:0,(anonymous_13)
DA:15,0
DA:52,0
DA:60,0
DA:64,0
LF:4
LH:0
BRDA:26,0,0,0
BRF:1
BRH:0
end_of_record
TN:
SF:src/services/sentry.ts
FN:12,(anonymous_0)
FN:18,trackApiError
FN:32,trackScreenView
FN:40,trackPerformance
FNF:4
FNH:0
FNDA:0,(anonymous_0)
FNDA:0,trackApiError
FNDA:0,trackScreenView
FNDA:0,trackPerformance
DA:3,0
DA:13,0
DA:14,0
DA:24,0
DA:33,0
DA:45,0
DA:46,0
LF:7
LH:0
BRDA:5,0,0,0
BRDA:5,0,1,0
BRDA:6,1,0,0
BRDA:6,1,1,0
BRDA:7,2,0,0
BRDA:7,2,1,0
BRDA:13,3,0,0
BRDA:13,3,1,0
BRDA:45,4,0,0
BRDA:45,4,1,0
BRF:10
BRH:0
end_of_record
TN:
SF:src/store/authSlice.ts
FN:24,(anonymous_0)
FN:37,(anonymous_1)
FN:46,(anonymous_2)
FNF:3
FNH:0
FNDA:0,(anonymous_0)
FNDA:0,(anonymous_1)
FNDA:0,(anonymous_2)
DA:13,0
DA:20,0
DA:32,0
DA:33,0
DA:34,0
DA:35,0
DA:41,0
DA:42,0
DA:43,0
DA:44,0
DA:47,0
DA:48,0
DA:49,0
DA:50,0
DA:55,0
DA:56,0
LF:16
LH:0
BRF:0
BRH:0
end_of_record
TN:
SF:src/store/cartSelectors.ts
FN:7,(anonymous_0)
FN:9,(anonymous_1)
FN:11,(anonymous_2)
FN:12,(anonymous_3)
FN:15,(anonymous_4)
FN:16,(anonymous_5)
FNF:6
FNH:0
FNDA:0,(anonymous_0)
FNDA:0,(anonymous_1)
FNDA:0,(anonymous_2)
FNDA:0,(anonymous_3)
FNDA:0,(anonymous_4)
FNDA:0,(anonymous_5)
DA:7,0
DA:9,0
DA:11,0
DA:12,0
DA:15,0
DA:16,0
LF:6
LH:0
BRF:0
BRH:0
end_of_record
TN:
SF:src/store/cartSlice.ts
FN:34,(anonymous_0)
FN:50,(anonymous_1)
FN:65,(anonymous_2)
FN:66,(anonymous_3)
FN:72,(anonymous_4)
FN:73,(anonymous_5)
FN:81,(anonymous_6)
FN:91,(anonymous_7)
FN:92,(anonymous_8)
FN:97,(anonymous_9)
FNF:10
FNH:0
FNDA:0,(anonymous_0)
FNDA:0,(anonymous_1)
FNDA:0,(anonymous_2)
FNDA:0,(anonymous_3)
FNDA:0,(anonymous_4)
FNDA:0,(anonymous_5)
FNDA:0,(anonymous_6)
FNDA:0,(anonymous_7)
FNDA:0,(anonymous_8)
FNDA:0,(anonymous_9)
DA:17,0
DA:30,0
DA:35,0
DA:37,0
DA:43,0
DA:46,0
DA:47,0
DA:50,0
DA:52,0
DA:53,0
DA:54,0
DA:57,0
DA:66,0
DA:68,0
DA:69,0
DA:73,0
DA:75,0
DA:76,0
DA:79,0
DA:80,0
DA:81,0
DA:83,0
DA:84,0
DA:86,0
DA:89,0
DA:92,0
DA:93,0
DA:94,0
DA:98,0
DA:99,0
DA:110,0
DA:111,0
LF:32
LH:0
BRDA:37,0,0,0
BRDA:37,0,1,0
BRDA:38,1,0,0
BRDA:38,1,1,0
BRDA:38,1,2,0
BRDA:38,1,3,0
BRDA:46,2,0,0
BRDA:46,2,1,0
BRDA:52,3,0,0
BRDA:52,3,1,0
BRDA:68,4,0,0
BRDA:68,4,1,0
BRDA:75,5,0,0
BRDA:75,5,1,0
BRDA:79,6,0,0
BRDA:79,6,1,0
BRDA:83,7,0,0
BRDA:83,7,1,0
BRDA:93,8,0,0
BRDA:93,8,1,0
BRF:20
BRH:0
end_of_record
TN:
SF:src/store/chatSlice.ts
FN:26,trimMessages
FN:35,(anonymous_1)
FN:48,(anonymous_2)
FN:50,(anonymous_3)
FN:51,(anonymous_4)
FN:55,(anonymous_5)
FN:70,(anonymous_6)
FN:71,(anonymous_7)
FN:72,(anonymous_8)
FN:82,(anonymous_9)
FN:85,(anonymous_10)
FN:86,(anonymous_11)
FN:86,(anonymous_12)
FN:90,(anonymous_13)
FN:91,(anonymous_14)
FN:92,(anonymous_15)
FN:95,(anonymous_16)
FN:97,(anonymous_17)
FN:99,(anonymous_18)
FNF:19
FNH:0
FNDA:0,trimMessages
FNDA:0,(anonymous_1)
FNDA:0,(anonymous_2)
FNDA:0,(anonymous_3)
FNDA:0,(anonymous_4)
FNDA:0,(anonymous_5)
FNDA:0,(anonymous_6)
FNDA:0,(anonymous_7)
FNDA:0,(anonymous_8)
FNDA:0,(anonymous_9)
FNDA:0,(anonymous_10)
FNDA:0,(anonymous_11)
FNDA:0,(anonymous_12)
FNDA:0,(anonymous_13)
FNDA:0,(anonymous_14)
FNDA:0,(anonymous_15)
FNDA:0,(anonymous_16)
FNDA:0,(anonymous_17)
FNDA:0,(anonymous_18)
DA:19,0
DA:24,0
DA:27,0
DA:28,0
DA:31,0
DA:36,0
DA:42,0
DA:43,0
DA:44,0
DA:45,0
DA:49,0
DA:50,0
DA:52,0
DA:59,0
DA:67,0
DA:68,0
DA:71,0
DA:72,0
DA:78,0
DA:80,0
DA:82,0
DA:84,0
DA:85,0
DA:86,0
DA:89,0
DA:90,0
DA:92,0
DA:95,0
DA:97,0
DA:98,0
DA:99,0
LF:31
LH:0
BRDA:27,0,0,0
BRDA:27,0,1,0
BRDA:44,1,0,0
BRDA:44,1,1,0
BRDA:50,2,0,0
BRDA:50,2,1,0
BRDA:92,3,0,0
BRDA:92,3,1,0
BRDA:92,3,2,0
BRDA:99,4,0,0
BRDA:99,4,1,0
BRDA:99,4,2,0
BRF:12
BRH:0
end_of_record
TN:
SF:src/store/index.ts
FN:27,(anonymous_0)
FN:46,(anonymous_1)
FNF:2
FNH:0
FNDA:0,(anonymous_0)
FNDA:0,(anonymous_1)
DA:20,0
DA:22,0
DA:28,0
DA:29,0
DA:33,0
DA:47,0
DA:54,0
DA:55,0
LF:8
LH:0
BRF:0
BRH:0
end_of_record
TN:
SF:src/store/notificationsSlice.ts
FN:31,(anonymous_0)
FN:37,(anonymous_1)
FN:38,(anonymous_2)
FN:44,(anonymous_3)
FN:45,(anonymous_4)
FN:50,(anonymous_5)
FN:54,(anonymous_6)
FN:55,(anonymous_7)
FN:76,(anonymous_8)
FN:79,(anonymous_9)
FNF:10
FNH:0
FNDA:0,(anonymous_0)
FNDA:0,(anonymous_1)
FNDA:0,(anonymous_2)
FNDA:0,(anonymous_3)
FNDA:0,(anonymous_4)
FNDA:0,(anonymous_5)
FNDA:0,(anonymous_6)
FNDA:0,(anonymous_7)
FNDA:0,(anonymous_8)
FNDA:0,(anonymous_9)
DA:21,0
DA:27,0
DA:32,0
DA:33,0
DA:34,0
DA:38,0
DA:39,0
DA:40,0
DA:41,0
DA:45,0
DA:46,0
DA:48,0
DA:51,0
DA:52,0
DA:55,0
DA:56,0
DA:57,0
DA:58,0
DA:60,0
DA:72,0
DA:74,0
DA:76,0
DA:77,0
DA:79,0
DA:80,0
LF:25
LH:0
BRDA:33,0,0,0
BRDA:33,0,1,0
BRDA:39,1,0,0
BRDA:39,1,1,0
BRDA:39,2,0,0
BRDA:39,2,1,0
BRDA:56,3,0,0
BRDA:56,3,1,0
BRDA:57,4,0,0
BRDA:57,4,1,0
BRF:10
BRH:0
end_of_record
TN:
SF:src/store/ordersSlice.ts
FN:76,(anonymous_0)
FN:80,(anonymous_1)
FN:83,(anonymous_2)
FN:87,(anonymous_3)
FN:99,(anonymous_4)
FN:103,(anonymous_5)
FN:106,(anonymous_6)
FN:107,(anonymous_7)
FN:115,(anonymous_8)
FN:117,(anonymous_9)
FN:135,(anonymous_10)
FN:137,(anonymous_11)
FN:155,(anonymous_12)
FN:157,(anonymous_13)
FN:184,(anonymous_14)
FN:186,(anonymous_15)
FN:188,(anonymous_16)
FN:194,(anonymous_17)
FN:202,(anonymous_18)
FNF:19
FNH:0
FNDA:0,(anonymous_0)
FNDA:0,(anonymous_1)
FNDA:0,(anonymous_2)
FNDA:0,(anonymous_3)
FNDA:0,(anonymous_4)
FNDA:0,(anonymous_5)
FNDA:0,(anonymous_6)
FNDA:0,(anonymous_7)
FNDA:0,(anonymous_8)
FNDA:0,(anonymous_9)
FNDA:0,(anonymous_10)
FNDA:0,(anonymous_11)
FNDA:0,(anonymous_12)
FNDA:0,(anonymous_13)
FNDA:0,(anonymous_14)
FNDA:0,(anonymous_15)
FNDA:0,(anonymous_16)
FNDA:0,(anonymous_17)
FNDA:0,(anonymous_18)
DA:67,0
DA:72,0
DA:77,0
DA:78,0
DA:81,0
DA:87,0
DA:88,0
DA:89,0
DA:90,0
DA:92,0
DA:96,0
DA:100,0
DA:101,0
DA:104,0
DA:107,0
DA:108,0
DA:109,0
DA:111,0
DA:112,0
DA:116,0
DA:117,0
DA:118,0
DA:119,0
DA:120,0
DA:122,0
DA:124,0
DA:126,0
DA:127,0
DA:128,0
DA:130,0
DA:132,0
DA:136,0
DA:137,0
DA:138,0
DA:139,0
DA:140,0
DA:142,0
DA:144,0
DA:146,0
DA:147,0
DA:148,0
DA:150,0
DA:152,0
DA:156,0
DA:157,0
DA:158,0
DA:159,0
DA:160,0
DA:162,0
DA:163,0
DA:164,0
DA:180,0
DA:182,0
DA:184,0
DA:185,0
DA:186,0
DA:187,0
DA:188,0
DA:189,0
DA:192,0
DA:195,0
DA:196,0
DA:200,0
DA:203,0
DA:204,0
LF:65
LH:0
BRDA:88,0,0,0
BRDA:88,0,1,0
BRDA:92,1,0,0
BRDA:92,1,1,0
BRDA:93,2,0,0
BRDA:93,2,1,0
BRDA:108,3,0,0
BRDA:108,3,1,0
BRDA:111,4,0,0
BRDA:111,4,1,0
BRDA:111,5,0,0
BRDA:111,5,1,0
BRDA:118,6,0,0
BRDA:118,6,1,0
BRDA:119,7,0,0
BRDA:119,7,1,0
BRDA:126,8,0,0
BRDA:126,8,1,0
BRDA:126,9,0,0
BRDA:126,9,1,0
BRDA:127,10,0,0
BRDA:127,10,1,0
BRDA:138,11,0,0
BRDA:138,11,1,0
BRDA:139,12,0,0
BRDA:139,12,1,0
BRDA:146,13,0,0
BRDA:146,13,1,0
BRDA:146,14,0,0
BRDA:146,14,1,0
BRDA:147,15,0,0
BRDA:147,15,1,0
BRDA:158,16,0,0
BRDA:158,16,1,0
BRDA:160,17,0,0
BRDA:160,17,1,0
BRDA:162,18,0,0
BRDA:162,18,1,0
BRDA:162,19,0,0
BRDA:162,19,1,0
BRDA:164,20,0,0
BRDA:164,20,1,0
BRF:42
BRH:0
end_of_record
TN:
SF:src/store/paymentMethodsSlice.ts
FN:32,(anonymous_0)
FN:40,(anonymous_1)
FN:52,(anonymous_2)
FN:53,(anonymous_3)
FN:58,(anonymous_4)
FN:61,(anonymous_5)
FN:69,(anonymous_6)
FN:73,(anonymous_7)
FN:81,(anonymous_8)
FN:82,(anonymous_9)
FN:87,(anonymous_10)
FN:91,(anonymous_11)
FN:92,(anonymous_12)
FN:112,(anonymous_13)
FN:115,(anonymous_14)
FN:119,(anonymous_15)
FN:122,(anonymous_16)
FN:123,(anonymous_17)
FN:125,persistPaymentMethods
FNF:19
FNH:0
FNDA:0,(anonymous_0)
FNDA:0,(anonymous_1)
FNDA:0,(anonymous_2)
FNDA:0,(anonymous_3)
FNDA:0,(anonymous_4)
FNDA:0,(anonymous_5)
FNDA:0,(anonymous_6)
FNDA:0,(anonymous_7)
FNDA:0,(anonymous_8)
FNDA:0,(anonymous_9)
FNDA:0,(anonymous_10)
FNDA:0,(anonymous_11)
FNDA:0,(anonymous_12)
FNDA:0,(anonymous_13)
FNDA:0,(anonymous_14)
FNDA:0,(anonymous_15)
FNDA:0,(anonymous_16)
FNDA:0,(anonymous_17)
FNDA:0,persistPaymentMethods
DA:6,0
DA:7,0
DA:15,0
DA:22,0
DA:28,0
DA:30,0
DA:33,0
DA:34,0
DA:35,0
DA:37,0
DA:38,0
DA:39,0
DA:40,0
DA:41,0
DA:43,0
DA:48,0
DA:53,0
DA:59,0
DA:62,0
DA:67,0
DA:73,0
DA:74,0
DA:75,0
DA:76,0
DA:77,0
DA:82,0
DA:83,0
DA:84,0
DA:88,0
DA:92,0
DA:93,0
DA:94,0
DA:96,0
DA:108,0
DA:110,0
DA:112,0
DA:113,0
DA:115,0
DA:117,0
DA:119,0
DA:120,0
DA:122,0
DA:123,0
DA:126,0
LF:44
LH:0
BRDA:34,0,0,0
BRDA:34,0,1,0
BRDA:39,1,0,0
BRDA:39,1,1,0
BRDA:40,2,0,0
BRDA:40,2,1,0
BRDA:41,3,0,0
BRDA:41,3,1,0
BRDA:74,4,0,0
BRDA:74,4,1,0
BRDA:76,5,0,0
BRDA:76,5,1,0
BRDA:83,6,0,0
BRDA:83,6,1,0
BRDA:93,7,0,0
BRDA:93,7,1,0
BRDA:93,8,0,0
BRDA:93,8,1,0
BRF:18
BRH:0
end_of_record
TN:
SF:src/store/promotionsSlice.ts
FN:45,(anonymous_0)
FN:47,(anonymous_1)
FN:53,(anonymous_2)
FN:56,(anonymous_3)
FN:57,(anonymous_4)
FN:65,(anonymous_5)
FN:68,(anonymous_6)
FN:79,(anonymous_7)
FN:84,(anonymous_8)
FN:86,(anonymous_9)
FN:90,(anonymous_10)
FN:95,(anonymous_11)
FN:97,(anonymous_12)
FN:101,(anonymous_13)
FN:104,calculateDiscount
FNF:15
FNH:0
FNDA:0,(anonymous_0)
FNDA:0,(anonymous_1)
FNDA:0,(anonymous_2)
FNDA:0,(anonymous_3)
FNDA:0,(anonymous_4)
FNDA:0,(anonymous_5)
FNDA:0,(anonymous_6)
FNDA:0,(anonymous_7)
FNDA:0,(anonymous_8)
FNDA:0,(anonymous_9)
FNDA:0,(anonymous_10)
FNDA:0,(anonymous_11)
FNDA:0,(anonymous_12)
FNDA:0,(anonymous_13)
FNDA:0,calculateDiscount
DA:35,0
DA:41,0
DA:46,0
DA:47,0
DA:49,0
DA:50,0
DA:54,0
DA:57,0
DA:58,0
DA:59,0
DA:60,0
DA:61,0
DA:66,0
DA:69,0
DA:75,0
DA:77,0
DA:79,0
DA:80,0
DA:82,0
DA:85,0
DA:86,0
DA:90,0
DA:91,0
DA:93,0
DA:96,0
DA:97,0
DA:101,0
DA:102,0
DA:108,0
DA:110,0
DA:111,0
DA:114,0
DA:115,0
DA:116,0
DA:118,0
DA:121,0
DA:122,0
DA:125,0
LF:38
LH:0
BRDA:47,0,0,0
BRDA:47,0,1,0
BRDA:49,1,0,0
BRDA:49,1,1,0
BRDA:58,2,0,0
BRDA:58,2,1,0
BRDA:60,3,0,0
BRDA:60,3,1,0
BRDA:60,4,0,0
BRDA:60,4,1,0
BRDA:86,5,0,0
BRDA:86,5,1,0
BRDA:97,6,0,0
BRDA:97,6,1,0
BRDA:108,7,0,0
BRDA:108,7,1,0
BRDA:110,8,0,0
BRDA:110,8,1,0
BRDA:110,9,0,0
BRDA:110,9,1,0
BRDA:115,10,0,0
BRDA:115,10,1,0
BRDA:121,11,0,0
BRDA:121,11,1,0
BRDA:121,12,0,0
BRDA:121,12,1,0
BRF:26
BRH:0
end_of_record
TN:
SF:src/store/ratingsSlice.ts
FN:41,(anonymous_0)
FN:49,(anonymous_1)
FN:50,(anonymous_2)
FN:52,(anonymous_3)
FN:60,(anonymous_4)
FN:61,(anonymous_5)
FN:69,(anonymous_6)
FN:70,(anonymous_7)
FN:73,(anonymous_8)
FN:74,(anonymous_9)
FN:74,(anonymous_10)
FN:78,(anonymous_11)
FN:79,(anonymous_12)
FN:80,(anonymous_13)
FN:82,(anonymous_14)
FN:87,(anonymous_15)
FN:88,(anonymous_16)
FN:88,(anonymous_17)
FN:91,(anonymous_18)
FN:92,(anonymous_19)
FN:94,(anonymous_20)
FN:95,(anonymous_21)
FN:97,(anonymous_22)
FN:98,(anonymous_23)
FNF:24
FNH:0
FNDA:0,(anonymous_0)
FNDA:0,(anonymous_1)
FNDA:0,(anonymous_2)
FNDA:0,(anonymous_3)
FNDA:0,(anonymous_4)
FNDA:0,(anonymous_5)
FNDA:0,(anonymous_6)
FNDA:0,(anonymous_7)
FNDA:0,(anonymous_8)
FNDA:0,(anonymous_9)
FNDA:0,(anonymous_10)
FNDA:0,(anonymous_11)
FNDA:0,(anonymous_12)
FNDA:0,(anonymous_13)
FNDA:0,(anonymous_14)
FNDA:0,(anonymous_15)
FNDA:0,(anonymous_16)
FNDA:0,(anonymous_17)
FNDA:0,(anonymous_18)
FNDA:0,(anonymous_19)
FNDA:0,(anonymous_20)
FNDA:0,(anonymous_21)
FNDA:0,(anonymous_22)
FNDA:0,(anonymous_23)
DA:32,0
DA:37,0
DA:42,0
DA:47,0
DA:50,0
DA:53,0
DA:58,0
DA:61,0
DA:66,0
DA:67,0
DA:69,0
DA:70,0
DA:72,0
DA:73,0
DA:74,0
DA:77,0
DA:78,0
DA:80,0
DA:81,0
DA:82,0
DA:86,0
DA:87,0
DA:88,0
DA:91,0
DA:92,0
DA:94,0
DA:95,0
DA:97,0
DA:98,0
LF:29
LH:0
BRDA:81,0,0,0
BRDA:81,0,1,0
BRF:2
BRH:0
end_of_record
TN:
SF:src/store/restaurantOrdersSlice.ts
FN:56,(anonymous_0)
FN:59,(anonymous_1)
FN:62,(anonymous_2)
FN:66,(anonymous_3)
FN:72,(anonymous_4)
FN:73,(anonymous_5)
FN:75,(anonymous_6)
FN:78,(anonymous_7)
FN:81,(anonymous_8)
FN:84,(anonymous_9)
FN:104,(anonymous_10)
FN:107,(anonymous_11)
FN:110,(anonymous_12)
FN:113,(anonymous_13)
FN:116,(anonymous_14)
FN:117,(anonymous_15)
FN:119,(anonymous_16)
FN:120,(anonymous_17)
FN:122,(anonymous_18)
FN:123,(anonymous_19)
FN:125,(anonymous_20)
FN:127,(anonymous_21)
FNF:22
FNH:22
FNDA:7,(anonymous_0)
FNDA:2,(anonymous_1)
FNDA:2,(anonymous_2)
FNDA:2,(anonymous_3)
FNDA:2,(anonymous_4)
FNDA:3,(anonymous_5)
FNDA:1,(anonymous_6)
FNDA:1,(anonymous_7)
FNDA:3,(anonymous_8)
FNDA:1,(anonymous_9)
FNDA:1,(anonymous_10)
FNDA:1,(anonymous_11)
FNDA:1,(anonymous_12)
FNDA:1,(anonymous_13)
FNDA:2,(anonymous_14)
FNDA:4,(anonymous_15)
FNDA:2,(anonymous_16)
FNDA:4,(anonymous_17)
FNDA:1,(anonymous_18)
FNDA:1,(anonymous_19)
FNDA:1,(anonymous_20)
FNDA:4,(anonymous_21)
DA:45,1
DA:52,1
DA:57,7
DA:60,2
DA:66,2
DA:67,2
DA:68,1
DA:69,1
DA:73,3
DA:76,1
DA:79,1
DA:82,3
DA:85,1
DA:86,1
DA:100,1
DA:102,1
DA:104,1
DA:105,1
DA:107,1
DA:108,1
DA:110,1
DA:111,1
DA:113,1
DA:114,1
DA:116,1
DA:117,4
DA:119,1
DA:120,4
DA:122,1
DA:123,1
DA:125,1
DA:126,1
DA:127,4
LF:33
LH:33
BRDA:67,0,0,1
BRDA:67,0,1,1
BRDA:120,1,0,4
BRDA:120,1,1,2
BRDA:127,2,0,4
BRDA:127,2,1,3
BRF:6
BRH:6
end_of_record
TN:
SF:src/types/index.ts
FNF:0
FNH:0
LF:0
LH:0
BRF:0
BRH:0
end_of_record
TN:
SF:src/utils/shadow.ts
FN:3,withAlpha
FN:10,(anonymous_1)
FN:25,shadowStyle
FNF:3
FNH:0
FNDA:0,withAlpha
FNDA:0,(anonymous_1)
FNDA:0,shadowStyle
DA:4,0
DA:5,0
DA:7,0
DA:10,0
DA:14,0
DA:15,0
DA:16,0
DA:17,0
DA:18,0
DA:22,0
DA:40,0
DA:41,0
DA:46,0
DA:55,0
LF:14
LH:0
BRDA:4,0,0,0
BRDA:4,0,1,0
BRDA:7,1,0,0
BRDA:7,1,1,0
BRDA:14,2,0,0
BRDA:14,2,1,0
BRDA:25,3,0,0
BRDA:26,4,0,0
BRDA:27,5,0,0
BRDA:28,6,0,0
BRDA:29,7,0,0
BRDA:30,8,0,0
BRDA:31,9,0,0
BRDA:40,10,0,0
BRDA:40,10,1,0
BRF:15
BRH:0
end_of_record
TN:
SF:src/utils/sounds.ts
FN:7,loadSound
FN:19,initSounds
FN:30,playPaymentSuccess
FN:45,playNewOrder
FN:60,playStatusChange
FN:75,unloadSounds
FNF:6
FNH:0
FNDA:0,loadSound
FNDA:0,initSounds
FNDA:0,playPaymentSuccess
FNDA:0,playNewOrder
FNDA:0,playStatusChange
FNDA:0,unloadSounds
DA:3,0
DA:4,0
DA:5,0
DA:8,0
DA:9,0
DA:13,0
DA:15,0
DA:20,0
DA:21,0
DA:31,0
DA:32,0
DA:34,0
DA:36,0
DA:37,0
DA:38,0
DA:46,0
DA:47,0
DA:49,0
DA:51,0
DA:52,0
DA:53,0
DA:61,0
DA:62,0
DA:64,0
DA:66,0
DA:67,0
DA:68,0
DA:76,0
DA:77,0
DA:78,0
DA:79,0
DA:81,0
DA:82,0
DA:83,0
DA:85,0
DA:86,0
DA:87,0
LF:37
LH:0
BRDA:32,0,0,0
BRDA:32,0,1,0
BRDA:36,1,0,0
BRDA:36,1,1,0
BRDA:47,2,0,0
BRDA:47,2,1,0
BRDA:51,3,0,0
BRDA:51,3,1,0
BRDA:62,4,0,0
BRDA:62,4,1,0
BRDA:66,5,0,0
BRDA:66,5,1,0
BRDA:77,6,0,0
BRDA:77,6,1,0
BRDA:81,7,0,0
BRDA:81,7,1,0
BRDA:85,8,0,0
BRDA:85,8,1,0
BRF:18
BRH:0
end_of_record
TN:
SF:src/utils/storage.ts
FN:5,checkNativeModule
FN:20,safeGetItem
FN:31,safeSetItem
FN:43,safeRemoveItem
FNF:4
FNH:0
FNDA:0,checkNativeModule
FNDA:0,safeGetItem
FNDA:0,safeSetItem
FNDA:0,safeRemoveItem
DA:3,0
DA:6,0
DA:7,0
DA:9,0
DA:10,0
DA:12,0
DA:13,0
DA:14,0
DA:18,0
DA:21,0
DA:22,0
DA:23,0
DA:28,0
DA:32,0
DA:33,0
DA:34,0
DA:35,0
DA:40,0
DA:44,0
DA:45,0
DA:46,0
DA:47,0
DA:52,0
LF:23
LH:0
BRDA:6,0,0,0
BRDA:6,0,1,0
BRDA:22,1,0,0
BRDA:22,1,1,0
BRDA:28,2,0,0
BRDA:28,2,1,0
BRDA:33,3,0,0
BRDA:33,3,1,0
BRDA:45,4,0,0
BRDA:45,4,1,0
BRF:10
BRH:0
end_of_record
